This is pdfTeX, Version 3.1415926-2.4-1.40.13 (TeX Live 2012) (format=pdflatex 2012.8.24)  14 MAR 2013 17:57
entering extended mode
 restricted \write18 enabled.
 %&-line parsing enabled.
**HW3.tex
(./HW3.tex
LaTeX2e <2011/06/27>
Babel <v3.8m> and hyphenation patterns for english, dumylang, nohyphenation, ge
rman-x-2012-05-30, ngerman-x-2012-05-30, afrikaans, ancientgreek, ibycus, arabi
c, armenian, basque, bulgarian, catalan, pinyin, coptic, croatian, czech, danis
h, dutch, ukenglish, usenglishmax, esperanto, estonian, ethiopic, farsi, finnis
h, french, friulan, galician, german, ngerman, swissgerman, monogreek, greek, h
ungarian, icelandic, assamese, bengali, gujarati, hindi, kannada, malayalam, ma
rathi, oriya, panjabi, tamil, telugu, indonesian, interlingua, irish, italian, 
kurmanji, latin, latvian, lithuanian, mongolian, mongolianlmc, bokmal, nynorsk,
 polish, portuguese, romanian, romansh, russian, sanskrit, serbian, serbianc, s
lovak, slovenian, spanish, swedish, turkish, turkmen, ukrainian, uppersorbian, 
welsh, loaded.

(/opt/apps/ossw/applications/latex/texlive/sl6/2012/texmf-dist/tex/latex/base/a
rticle.cls
Document Class: article 2007/10/19 v1.4h Standard LaTeX document class

(/opt/apps/ossw/applications/latex/texlive/sl6/2012/texmf-dist/tex/latex/base/s
ize12.clo
File: size12.clo 2007/10/19 v1.4h Standard LaTeX file (size option)
)
\c@part=\count79
\c@section=\count80
\c@subsection=\count81
\c@subsubsection=\count82
\c@paragraph=\count83
\c@subparagraph=\count84
\c@figure=\count85
\c@table=\count86
\abovecaptionskip=\skip41
\belowcaptionskip=\skip42
\bibindent=\dimen102
)
(/opt/apps/ossw/applications/latex/texlive/sl6/2012/texmf-dist/tex/latex/geomet
ry/geometry.sty
Package: geometry 2010/09/12 v5.6 Page Geometry

(/opt/apps/ossw/applications/latex/texlive/sl6/2012/texmf-dist/tex/latex/graphi
cs/keyval.sty
Package: keyval 1999/03/16 v1.13 key=value parser (DPC)
\KV@toks@=\toks14
)
(/opt/apps/ossw/applications/latex/texlive/sl6/2012/texmf-dist/tex/generic/ober
diek/ifpdf.sty
Package: ifpdf 2011/01/30 v2.3 Provides the ifpdf switch (HO)
Package ifpdf Info: pdfTeX in PDF mode is detected.
)
(/opt/apps/ossw/applications/latex/texlive/sl6/2012/texmf-dist/tex/generic/ober
diek/ifvtex.sty
Package: ifvtex 2010/03/01 v1.5 Detect VTeX and its facilities (HO)
Package ifvtex Info: VTeX not detected.
)
(/opt/apps/ossw/applications/latex/texlive/sl6/2012/texmf-dist/tex/generic/ifxe
tex/ifxetex.sty
Package: ifxetex 2010/09/12 v0.6 Provides ifxetex conditional
)
\Gm@cnth=\count87
\Gm@cntv=\count88
\c@Gm@tempcnt=\count89
\Gm@bindingoffset=\dimen103
\Gm@wd@mp=\dimen104
\Gm@odd@mp=\dimen105
\Gm@even@mp=\dimen106
\Gm@layoutwidth=\dimen107
\Gm@layoutheight=\dimen108
\Gm@layouthoffset=\dimen109
\Gm@layoutvoffset=\dimen110
\Gm@dimlist=\toks15
)
(/opt/apps/ossw/applications/latex/texlive/sl6/2012/texmf-dist/tex/latex/prepri
nt/fullpage.sty
Package: fullpage 1999/02/23 1.1 (PWD)
\FP@margin=\skip43
)
(/opt/apps/ossw/applications/latex/texlive/sl6/2012/texmf-dist/tex/latex/graphi
cs/graphicx.sty
Package: graphicx 1999/02/16 v1.0f Enhanced LaTeX Graphics (DPC,SPQR)

(/opt/apps/ossw/applications/latex/texlive/sl6/2012/texmf-dist/tex/latex/graphi
cs/graphics.sty
Package: graphics 2009/02/05 v1.0o Standard LaTeX Graphics (DPC,SPQR)

(/opt/apps/ossw/applications/latex/texlive/sl6/2012/texmf-dist/tex/latex/graphi
cs/trig.sty
Package: trig 1999/03/16 v1.09 sin cos tan (DPC)
)
(/opt/apps/ossw/applications/latex/texlive/sl6/2012/texmf-dist/tex/latex/latexc
onfig/graphics.cfg
File: graphics.cfg 2010/04/23 v1.9 graphics configuration of TeX Live
)
Package graphics Info: Driver file: pdftex.def on input line 91.

(/opt/apps/ossw/applications/latex/texlive/sl6/2012/texmf-dist/tex/latex/pdftex
-def/pdftex.def
File: pdftex.def 2011/05/27 v0.06d Graphics/color for pdfTeX

(/opt/apps/ossw/applications/latex/texlive/sl6/2012/texmf-dist/tex/generic/ober
diek/infwarerr.sty
Package: infwarerr 2010/04/08 v1.3 Providing info/warning/error messages (HO)
)
(/opt/apps/ossw/applications/latex/texlive/sl6/2012/texmf-dist/tex/generic/ober
diek/ltxcmds.sty
Package: ltxcmds 2011/11/09 v1.22 LaTeX kernel commands for general use (HO)
)
\Gread@gobject=\count90
))
\Gin@req@height=\dimen111
\Gin@req@width=\dimen112
)
(/opt/apps/ossw/applications/latex/texlive/sl6/2012/texmf-dist/tex/latex/captio
n/subcaption.sty
Package: subcaption 2012/01/12 v1.1d Sub-captions (AR)

(/opt/apps/ossw/applications/latex/texlive/sl6/2012/texmf-dist/tex/latex/captio
n/caption.sty
Package: caption 2012/02/19 v3.2f Customizing captions (AR)

(/opt/apps/ossw/applications/latex/texlive/sl6/2012/texmf-dist/tex/latex/captio
n/caption3.sty
Package: caption3 2012/01/12 v1.4b caption3 kernel (AR)
\captionmargin=\dimen113
\captionmargin@=\dimen114
\captionwidth=\dimen115
\caption@indent=\dimen116
\caption@parindent=\dimen117
\caption@hangindent=\dimen118
)
\c@ContinuedFloat=\count91
)
\c@subfigure=\count92
\c@subtable=\count93
)
(/opt/apps/ossw/applications/latex/texlive/sl6/2012/texmf-dist/tex/latex/amsmat
h/amsmath.sty
Package: amsmath 2000/07/18 v2.13 AMS math features
\@mathmargin=\skip44

For additional information on amsmath, use the `?' option.

(/opt/apps/ossw/applications/latex/texlive/sl6/2012/texmf-dist/tex/latex/amsmat
h/amstext.sty
Package: amstext 2000/06/29 v2.01

(/opt/apps/ossw/applications/latex/texlive/sl6/2012/texmf-dist/tex/latex/amsmat
h/amsgen.sty
File: amsgen.sty 1999/11/30 v2.0
\@emptytoks=\toks16
\ex@=\dimen119
))
(/opt/apps/ossw/applications/latex/texlive/sl6/2012/texmf-dist/tex/latex/amsmat
h/amsbsy.sty
Package: amsbsy 1999/11/29 v1.2d
\pmbraise@=\dimen120
)
(/opt/apps/ossw/applications/latex/texlive/sl6/2012/texmf-dist/tex/latex/amsmat
h/amsopn.sty
Package: amsopn 1999/12/14 v2.01 operator names
)
\inf@bad=\count94
LaTeX Info: Redefining \frac on input line 211.
\uproot@=\count95
\leftroot@=\count96
LaTeX Info: Redefining \overline on input line 307.
\classnum@=\count97
\DOTSCASE@=\count98
LaTeX Info: Redefining \ldots on input line 379.
LaTeX Info: Redefining \dots on input line 382.
LaTeX Info: Redefining \cdots on input line 467.
\Mathstrutbox@=\box26
\strutbox@=\box27
\big@size=\dimen121
LaTeX Font Info:    Redeclaring font encoding OML on input line 567.
LaTeX Font Info:    Redeclaring font encoding OMS on input line 568.
\macc@depth=\count99
\c@MaxMatrixCols=\count100
\dotsspace@=\muskip10
\c@parentequation=\count101
\dspbrk@lvl=\count102
\tag@help=\toks17
\row@=\count103
\column@=\count104
\maxfields@=\count105
\andhelp@=\toks18
\eqnshift@=\dimen122
\alignsep@=\dimen123
\tagshift@=\dimen124
\tagwidth@=\dimen125
\totwidth@=\dimen126
\lineht@=\dimen127
\@envbody=\toks19
\multlinegap=\skip45
\multlinetaggap=\skip46
\mathdisplay@stack=\toks20
LaTeX Info: Redefining \[ on input line 2666.
LaTeX Info: Redefining \] on input line 2667.
)
(/opt/apps/ossw/applications/latex/texlive/sl6/2012/texmf-dist/tex/latex/amsfon
ts/amsfonts.sty
Package: amsfonts 2009/06/22 v3.00 Basic AMSFonts support
\symAMSa=\mathgroup4
\symAMSb=\mathgroup5
LaTeX Font Info:    Overwriting math alphabet `\mathfrak' in version `bold'
(Font)                  U/euf/m/n --> U/euf/b/n on input line 96.
)
(/opt/apps/ossw/applications/latex/texlive/sl6/2012/texmf-dist/tex/latex/listin
gs/listings.sty
\lst@mode=\count106
\lst@gtempboxa=\box28
\lst@token=\toks21
\lst@length=\count107
\lst@currlwidth=\dimen128
\lst@column=\count108
\lst@pos=\count109
\lst@lostspace=\dimen129
\lst@width=\dimen130
\lst@newlines=\count110
\lst@lineno=\count111
\lst@maxwidth=\dimen131

(/opt/apps/ossw/applications/latex/texlive/sl6/2012/texmf-dist/tex/latex/listin
gs/lstmisc.sty
File: lstmisc.sty 2007/02/22 1.4 (Carsten Heinz)
\c@lstnumber=\count112
\lst@skipnumbers=\count113
\lst@framebox=\box29
)
(/opt/apps/ossw/applications/latex/texlive/sl6/2012/texmf-dist/tex/latex/listin
gs/listings.cfg
File: listings.cfg 2007/02/22 1.4 listings configuration
))
Package: listings 2007/02/22 1.4 (Carsten Heinz)

(/opt/apps/ossw/applications/latex/texlive/sl6/2012/texmf-dist/tex/latex/graphi
cs/color.sty
Package: color 2005/11/14 v1.0j Standard LaTeX Color (DPC)

(/opt/apps/ossw/applications/latex/texlive/sl6/2012/texmf-dist/tex/latex/latexc
onfig/color.cfg
File: color.cfg 2007/01/18 v1.5 color configuration of teTeX/TeXLive
)
Package color Info: Driver file: pdftex.def on input line 130.
)
(/opt/apps/ossw/applications/latex/texlive/sl6/2012/texmf-dist/tex/latex/base/t
extcomp.sty
Package: textcomp 2005/09/27 v1.99g Standard LaTeX package
Package textcomp Info: Sub-encoding information:
(textcomp)               5 = only ISO-Adobe without \textcurrency
(textcomp)               4 = 5 + \texteuro
(textcomp)               3 = 4 + \textohm
(textcomp)               2 = 3 + \textestimated + \textcurrency
(textcomp)               1 = TS1 - \textcircled - \t
(textcomp)               0 = TS1 (full)
(textcomp)             Font families with sub-encoding setting implement
(textcomp)             only a restricted character set as indicated.
(textcomp)             Family '?' is the default used for unknown fonts.
(textcomp)             See the documentation for details.
Package textcomp Info: Setting ? sub-encoding to TS1/1 on input line 71.

(/opt/apps/ossw/applications/latex/texlive/sl6/2012/texmf-dist/tex/latex/base/t
s1enc.def
File: ts1enc.def 2001/06/05 v3.0e (jk/car/fm) Standard LaTeX file
)
LaTeX Info: Redefining \oldstylenums on input line 266.
Package textcomp Info: Setting cmr sub-encoding to TS1/0 on input line 281.
Package textcomp Info: Setting cmss sub-encoding to TS1/0 on input line 282.
Package textcomp Info: Setting cmtt sub-encoding to TS1/0 on input line 283.
Package textcomp Info: Setting cmvtt sub-encoding to TS1/0 on input line 284.
Package textcomp Info: Setting cmbr sub-encoding to TS1/0 on input line 285.
Package textcomp Info: Setting cmtl sub-encoding to TS1/0 on input line 286.
Package textcomp Info: Setting ccr sub-encoding to TS1/0 on input line 287.
Package textcomp Info: Setting ptm sub-encoding to TS1/4 on input line 288.
Package textcomp Info: Setting pcr sub-encoding to TS1/4 on input line 289.
Package textcomp Info: Setting phv sub-encoding to TS1/4 on input line 290.
Package textcomp Info: Setting ppl sub-encoding to TS1/3 on input line 291.
Package textcomp Info: Setting pag sub-encoding to TS1/4 on input line 292.
Package textcomp Info: Setting pbk sub-encoding to TS1/4 on input line 293.
Package textcomp Info: Setting pnc sub-encoding to TS1/4 on input line 294.
Package textcomp Info: Setting pzc sub-encoding to TS1/4 on input line 295.
Package textcomp Info: Setting bch sub-encoding to TS1/4 on input line 296.
Package textcomp Info: Setting put sub-encoding to TS1/5 on input line 297.
Package textcomp Info: Setting uag sub-encoding to TS1/5 on input line 298.
Package textcomp Info: Setting ugq sub-encoding to TS1/5 on input line 299.
Package textcomp Info: Setting ul8 sub-encoding to TS1/4 on input line 300.
Package textcomp Info: Setting ul9 sub-encoding to TS1/4 on input line 301.
Package textcomp Info: Setting augie sub-encoding to TS1/5 on input line 302.
Package textcomp Info: Setting dayrom sub-encoding to TS1/3 on input line 303.
Package textcomp Info: Setting dayroms sub-encoding to TS1/3 on input line 304.

Package textcomp Info: Setting pxr sub-encoding to TS1/0 on input line 305.
Package textcomp Info: Setting pxss sub-encoding to TS1/0 on input line 306.
Package textcomp Info: Setting pxtt sub-encoding to TS1/0 on input line 307.
Package textcomp Info: Setting txr sub-encoding to TS1/0 on input line 308.
Package textcomp Info: Setting txss sub-encoding to TS1/0 on input line 309.
Package textcomp Info: Setting txtt sub-encoding to TS1/0 on input line 310.
Package textcomp Info: Setting lmr sub-encoding to TS1/0 on input line 311.
Package textcomp Info: Setting lmdh sub-encoding to TS1/0 on input line 312.
Package textcomp Info: Setting lmss sub-encoding to TS1/0 on input line 313.
Package textcomp Info: Setting lmssq sub-encoding to TS1/0 on input line 314.
Package textcomp Info: Setting lmvtt sub-encoding to TS1/0 on input line 315.
Package textcomp Info: Setting qhv sub-encoding to TS1/0 on input line 316.
Package textcomp Info: Setting qag sub-encoding to TS1/0 on input line 317.
Package textcomp Info: Setting qbk sub-encoding to TS1/0 on input line 318.
Package textcomp Info: Setting qcr sub-encoding to TS1/0 on input line 319.
Package textcomp Info: Setting qcs sub-encoding to TS1/0 on input line 320.
Package textcomp Info: Setting qpl sub-encoding to TS1/0 on input line 321.
Package textcomp Info: Setting qtm sub-encoding to TS1/0 on input line 322.
Package textcomp Info: Setting qzc sub-encoding to TS1/0 on input line 323.
Package textcomp Info: Setting qhvc sub-encoding to TS1/0 on input line 324.
Package textcomp Info: Setting futs sub-encoding to TS1/4 on input line 325.
Package textcomp Info: Setting futx sub-encoding to TS1/4 on input line 326.
Package textcomp Info: Setting futj sub-encoding to TS1/4 on input line 327.
Package textcomp Info: Setting hlh sub-encoding to TS1/3 on input line 328.
Package textcomp Info: Setting hls sub-encoding to TS1/3 on input line 329.
Package textcomp Info: Setting hlst sub-encoding to TS1/3 on input line 330.
Package textcomp Info: Setting hlct sub-encoding to TS1/5 on input line 331.
Package textcomp Info: Setting hlx sub-encoding to TS1/5 on input line 332.
Package textcomp Info: Setting hlce sub-encoding to TS1/5 on input line 333.
Package textcomp Info: Setting hlcn sub-encoding to TS1/5 on input line 334.
Package textcomp Info: Setting hlcw sub-encoding to TS1/5 on input line 335.
Package textcomp Info: Setting hlcf sub-encoding to TS1/5 on input line 336.
Package textcomp Info: Setting pplx sub-encoding to TS1/3 on input line 337.
Package textcomp Info: Setting pplj sub-encoding to TS1/3 on input line 338.
Package textcomp Info: Setting ptmx sub-encoding to TS1/4 on input line 339.
Package textcomp Info: Setting ptmj sub-encoding to TS1/4 on input line 340.
) (./HW3.aux)
\openout1 = `HW3.aux'.

LaTeX Font Info:    Checking defaults for OML/cmm/m/it on input line 41.
LaTeX Font Info:    ... okay on input line 41.
LaTeX Font Info:    Checking defaults for T1/cmr/m/n on input line 41.
LaTeX Font Info:    ... okay on input line 41.
LaTeX Font Info:    Checking defaults for OT1/cmr/m/n on input line 41.
LaTeX Font Info:    ... okay on input line 41.
LaTeX Font Info:    Checking defaults for OMS/cmsy/m/n on input line 41.
LaTeX Font Info:    ... okay on input line 41.
LaTeX Font Info:    Checking defaults for OMX/cmex/m/n on input line 41.
LaTeX Font Info:    ... okay on input line 41.
LaTeX Font Info:    Checking defaults for U/cmr/m/n on input line 41.
LaTeX Font Info:    ... okay on input line 41.
LaTeX Font Info:    Checking defaults for TS1/cmr/m/n on input line 41.
LaTeX Font Info:    Try loading font information for TS1+cmr on input line 41.

(/opt/apps/ossw/applications/latex/texlive/sl6/2012/texmf-dist/tex/latex/base/t
s1cmr.fd
File: ts1cmr.fd 1999/05/25 v2.5h Standard LaTeX font definitions
)
LaTeX Font Info:    ... okay on input line 41.

*geometry* driver: auto-detecting
*geometry* detected driver: pdftex
*geometry* verbose mode - [ preamble ] result:
* driver: pdftex
* paper: <default>
* layout: <same size as paper>
* layoutoffset:(h,v)=(0.0pt,0.0pt)
* modes: 
* h-part:(L,W,R)=(54.2025pt, 505.89pt, 54.2025pt)
* v-part:(T,H,B)=(54.2025pt, 686.56499pt, 54.2025pt)
* \paperwidth=614.295pt
* \paperheight=794.96999pt
* \textwidth=469.75502pt
* \textheight=620.43001pt
* \oddsidemargin=0.0pt
* \evensidemargin=0.0pt
* \topmargin=0.0pt
* \headheight=0.0pt
* \headsep=0.0pt
* \topskip=12.0pt
* \footskip=30.0pt
* \marginparwidth=44.0pt
* \marginparsep=10.0pt
* \columnsep=10.0pt
* \skip\footins=10.8pt plus 4.0pt minus 2.0pt
* \hoffset=0.0pt
* \voffset=0.0pt
* \mag=1000
* \@twocolumnfalse
* \@twosidefalse
* \@mparswitchfalse
* \@reversemarginfalse
* (1in=72.27pt=25.4mm, 1cm=28.453pt)


(/opt/apps/ossw/applications/latex/texlive/sl6/2012/texmf-dist/tex/context/base
/supp-pdf.mkii
[Loading MPS to PDF converter (version 2006.09.02).]
\scratchcounter=\count114
\scratchdimen=\dimen132
\scratchbox=\box30
\nofMPsegments=\count115
\nofMParguments=\count116
\everyMPshowfont=\toks22
\MPscratchCnt=\count117
\MPscratchDim=\dimen133
\MPnumerator=\count118
\makeMPintoPDFobject=\count119
\everyMPtoPDFconversion=\toks23
)
(/opt/apps/ossw/applications/latex/texlive/sl6/2012/texmf-dist/tex/generic/ober
diek/pdftexcmds.sty
Package: pdftexcmds 2011/11/29 v0.20 Utility functions of pdfTeX for LuaTeX (HO
)

(/opt/apps/ossw/applications/latex/texlive/sl6/2012/texmf-dist/tex/generic/ober
diek/ifluatex.sty
Package: ifluatex 2010/03/01 v1.3 Provides the ifluatex switch (HO)
Package ifluatex Info: LuaTeX not detected.
)
Package pdftexcmds Info: LuaTeX not detected.
Package pdftexcmds Info: \pdf@primitive is available.
Package pdftexcmds Info: \pdf@ifprimitive is available.
Package pdftexcmds Info: \pdfdraftmode found.
)
(/opt/apps/ossw/applications/latex/texlive/sl6/2012/texmf-dist/tex/latex/oberdi
ek/epstopdf-base.sty
Package: epstopdf-base 2010/02/09 v2.5 Base part for package epstopdf

(/opt/apps/ossw/applications/latex/texlive/sl6/2012/texmf-dist/tex/latex/oberdi
ek/grfext.sty
Package: grfext 2010/08/19 v1.1 Manage graphics extensions (HO)

(/opt/apps/ossw/applications/latex/texlive/sl6/2012/texmf-dist/tex/generic/ober
diek/kvdefinekeys.sty
Package: kvdefinekeys 2011/04/07 v1.3 Define keys (HO)
))
(/opt/apps/ossw/applications/latex/texlive/sl6/2012/texmf-dist/tex/latex/oberdi
ek/kvoptions.sty
Package: kvoptions 2011/06/30 v3.11 Key value format for package options (HO)

(/opt/apps/ossw/applications/latex/texlive/sl6/2012/texmf-dist/tex/generic/ober
diek/kvsetkeys.sty
Package: kvsetkeys 2012/04/25 v1.16 Key value parser (HO)

(/opt/apps/ossw/applications/latex/texlive/sl6/2012/texmf-dist/tex/generic/ober
diek/etexcmds.sty
Package: etexcmds 2011/02/16 v1.5 Avoid name clashes with e-TeX commands (HO)
Package etexcmds Info: Could not find \expanded.
(etexcmds)             That can mean that you are not using pdfTeX 1.50 or
(etexcmds)             that some package has redefined \expanded.
(etexcmds)             In the latter case, load this package earlier.
)))
Package grfext Info: Graphics extension search list:
(grfext)             [.png,.pdf,.jpg,.mps,.jpeg,.jbig2,.jb2,.PNG,.PDF,.JPG,.JPE
G,.JBIG2,.JB2,.eps]
(grfext)             \AppendGraphicsExtensions on input line 452.

(/opt/apps/ossw/applications/latex/texlive/sl6/2012/texmf-dist/tex/latex/latexc
onfig/epstopdf-sys.cfg
File: epstopdf-sys.cfg 2010/07/13 v1.3 Configuration of (r)epstopdf for TeX Liv
e
))
Package caption Info: Begin \AtBeginDocument code.
Package caption Info: listings package is loaded.
Package caption Info: End \AtBeginDocument code.
\c@lstlisting=\count120
 <L2Norm.pdf, id=1, 587.19376pt x 442.65375pt>
File: L2Norm.pdf Graphic file (type pdf)

<use L2Norm.pdf>
Package pdftex.def Info: L2Norm.pdf used on input line 45.
(pdftex.def)             Requested size: 375.80544pt x 283.29742pt.
 <H1Seminorm.pdf, id=2, 587.19376pt x 442.65375pt>
File: H1Seminorm.pdf Graphic file (type pdf)

<use H1Seminorm.pdf>
Package pdftex.def Info: H1Seminorm.pdf used on input line 50.
(pdftex.def)             Requested size: 375.80544pt x 283.29742pt.


LaTeX Warning: `!h' float specifier changed to `!ht'.

<H1Norm.pdf, id=3, 587.19376pt x 442.65375pt>
File: H1Norm.pdf Graphic file (type pdf)
 <use H1Norm.pdf>
Package pdftex.def Info: H1Norm.pdf used on input line 55.
(pdftex.def)             Requested size: 375.80544pt x 283.29742pt.


LaTeX Warning: `!h' float specifier changed to `!ht'.

LaTeX Font Info:    Try loading font information for U+msa on input line 59.

(/opt/apps/ossw/applications/latex/texlive/sl6/2012/texmf-dist/tex/latex/amsfon
ts/umsa.fd
File: umsa.fd 2009/06/22 v3.00 AMS symbols A
)
LaTeX Font Info:    Try loading font information for U+msb on input line 59.

(/opt/apps/ossw/applications/latex/texlive/sl6/2012/texmf-dist/tex/latex/amsfon
ts/umsb.fd
File: umsb.fd 2009/06/22 v3.00 AMS symbols B
) [1

{/opt/apps/ossw/applications/latex/texlive/sl6/2012/texmf-var/fonts/map/pdftex/
updmap/pdftex.map} <./L2Norm.pdf>] [2 <./H1Seminorm.pdf> <./H1Norm.pdf

pdfTeX warning: pdflatex (file ./H1Norm.pdf): PDF inclusion: multiple pdfs with
 page group included in a single page
>]
(/opt/apps/ossw/applications/latex/texlive/sl6/2012/texmf-dist/tex/latex/listin
gs/lstlang1.sty
File: lstlang1.sty 2004/09/05 1.3 listings language file
) (./HW28.py [3

]) [4] (./HW3.aux) ) 
Here is how much of TeX's memory you used:
 5551 strings out of 493488
 85681 string characters out of 3129824
 426575 words of memory out of 3000000
 8775 multiletter control sequences out of 15000+200000
 10041 words of font info for 39 fonts, out of 3000000 for 9000
 957 hyphenation exceptions out of 8191
 42i,6n,43p,264b,1563s stack positions out of 5000i,500n,10000p,200000b,50000s
{/opt/apps/ossw/applications/latex/texlive/sl6/2012/texmf-d
ist/fonts/enc/dvips/cm-super/cm-super-ts1.enc}</opt/apps/ossw/applications/late
x/texlive/sl6/2012/texmf-dist/fonts/type1/public/amsfonts/cm/cmbx12.pfb></opt/a
pps/ossw/applications/latex/texlive/sl6/2012/texmf-dist/fonts/type1/public/amsf
onts/cm/cmmi12.pfb></opt/apps/ossw/applications/latex/texlive/sl6/2012/texmf-di
st/fonts/type1/public/amsfonts/cm/cmmi8.pfb></opt/apps/ossw/applications/latex/
texlive/sl6/2012/texmf-dist/fonts/type1/public/amsfonts/cm/cmr12.pfb></opt/apps
/ossw/applications/latex/texlive/sl6/2012/texmf-dist/fonts/type1/public/amsfont
s/cm/cmr8.pfb></opt/apps/ossw/applications/latex/texlive/sl6/2012/texmf-dist/fo
nts/type1/public/amsfonts/cm/cmsy8.pfb></opt/apps/ossw/applications/latex/texli
ve/sl6/2012/texmf-dist/fonts/type1/public/amsfonts/cm/cmtt8.pfb></opt/apps/ossw
/applications/latex/texlive/sl6/2012/texmf-dist/fonts/type1/public/cm-super/sfr
m0800.pfb>
Output written on HW3.pdf (4 pages, 134734 bytes).
PDF statistics:
 203 PDF objects out of 1000 (max. 8388607)
 76 compressed objects within 1 object stream
 0 named destinations out of 1000 (max. 500000)
 16 words of extra memory for PDF output out of 10000 (max. 10000000)

