This is pdfTeXk, Version 3.141592-1.40.3 (Web2C 7.5.6) (format=pdflatex 2010.4.1)  23 APR 2010 08:52
entering extended mode
 %&-line parsing enabled.
**defense.tex
(./defense.tex
LaTeX2e <2005/12/01>
Babel <v3.8h> and hyphenation patterns for english, usenglishmax, dumylang, noh
yphenation, arabic, farsi, croatian, ukrainian, russian, bulgarian, czech, slov
ak, danish, dutch, finnish, basque, french, german, ngerman, ibycus, greek, mon
ogreek, ancientgreek, hungarian, italian, latin, mongolian, norsk, icelandic, i
nterlingua, turkish, coptic, romanian, welsh, serbian, slovenian, estonian, esp
eranto, uppersorbian, indonesian, polish, portuguese, spanish, catalan, galicia
n, swedish, ukenglish, pinyin, loaded.
(/usr/share/texmf/tex/latex/beamer/base/beamer.cls
(/usr/share/texmf/tex/latex/beamer/base/beamerbasercs.sty
Package: beamerbasercs 2007/01/28 (rcs-revision 1.4)
)
Document Class: beamer 2007/03/11 cvs version 3.07 A class for typesetting pres
entations (rcs-revision 1.70)
(/usr/share/texmf/tex/latex/beamer/base/beamerbasemodes.sty
Package: beamerbasemodes 2007/01/28 (rcs-revision 1.22)
\beamer@tempbox=\box26
\beamer@tempcount=\count79
\c@beamerpauses=\count80

(/usr/share/texmf/tex/latex/beamer/base/beamerbasedecode.sty
Package: beamerbasedecode 2007/01/28 (rcs-revision 1.20)
\beamer@slideinframe=\count81
\beamer@minimum=\count82
)
\beamer@commentbox=\box27
\beamer@modecount=\count83
)
\headheight=\dimen102
\headdp=\dimen103
\footheight=\dimen104
\sidebarheight=\dimen105
\beamer@tempdim=\dimen106
\beamer@finalheight=\dimen107
\beamer@animht=\dimen108
\beamer@animdp=\dimen109
\beamer@animwd=\dimen110
\beamer@leftmargin=\dimen111
\beamer@rightmargin=\dimen112
\beamer@leftsidebar=\dimen113
\beamer@rightsidebar=\dimen114
\beamer@boxsize=\dimen115
\beamer@vboxoffset=\dimen116
\beamer@descdefault=\dimen117
\beamer@descriptionwidth=\dimen118
\beamer@lastskip=\skip41
\beamer@areabox=\box28
\beamer@animcurrent=\box29
\beamer@animshowbox=\box30
\beamer@sectionbox=\box31
\beamer@logobox=\box32
\beamer@linebox=\box33
\beamer@sectioncount=\count84
\beamer@subsubsectionmax=\count85
\beamer@subsectionmax=\count86
\beamer@sectionmax=\count87
\beamer@totalheads=\count88
\beamer@headcounter=\count89
\beamer@partstartpage=\count90
\beamer@sectionstartpage=\count91
\beamer@subsectionstartpage=\count92
\beamer@animationtempa=\count93
\beamer@animationtempb=\count94
\beamer@xpos=\count95
\beamer@ypos=\count96
\beamer@showpartnumber=\count97
\beamer@currentsubsection=\count98
\beamer@coveringdepth=\count99
\beamer@sectionadjust=\count100
\beamer@tocsectionnumber=\count101

(/usr/share/texmf/tex/latex/beamer/base/beamerbaseoptions.sty
Package: beamerbaseoptions 2007/01/28 (rcs-revision 1.8)

(/usr/share/texmf-texlive/tex/latex/graphics/keyval.sty
Package: keyval 1999/03/16 v1.13 key=value parser (DPC)
\KV@toks@=\toks14
))
(/usr/share/texmf/tex/latex/pgf/basiclayer/pgfcore.sty
(/usr/share/texmf-texlive/tex/latex/graphics/graphicx.sty
Package: graphicx 1999/02/16 v1.0f Enhanced LaTeX Graphics (DPC,SPQR)

(/usr/share/texmf-texlive/tex/latex/graphics/graphics.sty
Package: graphics 2006/02/20 v1.0o Standard LaTeX Graphics (DPC,SPQR)

(/usr/share/texmf-texlive/tex/latex/graphics/trig.sty
Package: trig 1999/03/16 v1.09 sin cos tan (DPC)
)
(/etc/texmf/tex/latex/config/graphics.cfg
File: graphics.cfg 2007/01/18 v1.5 graphics configuration of teTeX/TeXLive
)
Package graphics Info: Driver file: pdftex.def on input line 90.

(/usr/share/texmf-texlive/tex/latex/pdftex-def/pdftex.def
File: pdftex.def 2007/01/08 v0.04d Graphics/color for pdfTeX
\Gread@gobject=\count102
))
\Gin@req@height=\dimen119
\Gin@req@width=\dimen120
)
(/usr/share/texmf/tex/latex/pgf/systemlayer/pgfsys.sty
(/usr/share/texmf/tex/latex/pgf/utilities/pgfrcs.sty
(/usr/share/texmf/tex/generic/pgf/utilities/pgfutil-common.tex
\pgfutil@everybye=\toks15
)
(/usr/share/texmf/tex/generic/pgf/utilities/pgfutil-latex.def)
(/usr/share/texmf/tex/generic/pgf/utilities/pgfrcs.code.tex
Package: pgfrcs 2008/02/20 v2.00 (rcs-revision 1.21)
))
(/usr/share/texmf/tex/generic/pgf/systemlayer/pgfsys.code.tex
Package: pgfsys 2008/02/07 v2.00 (rcs-revision 1.31)

(/usr/share/texmf/tex/generic/pgf/utilities/pgfkeys.code.tex
\pgfkeys@pathtoks=\toks16
\pgfkeys@temptoks=\toks17
)
\pgf@x=\dimen121
\pgf@y=\dimen122
\pgf@xa=\dimen123
\pgf@ya=\dimen124
\pgf@xb=\dimen125
\pgf@yb=\dimen126
\pgf@xc=\dimen127
\pgf@yc=\dimen128
\c@pgf@counta=\count103
\c@pgf@countb=\count104
\c@pgf@countc=\count105
\c@pgf@countd=\count106

(/usr/share/texmf/tex/generic/pgf/systemlayer/pgf.cfg
File: pgf.cfg 2008/01/13  (rcs-revision 1.6)
)
Package pgfsys Info: Driver file for pgf: pgfsys-pdftex.def on input line 885.

(/usr/share/texmf/tex/generic/pgf/systemlayer/pgfsys-pdftex.def
File: pgfsys-pdftex.def 2007/12/20  (rcs-revision 1.20)

(/usr/share/texmf/tex/generic/pgf/systemlayer/pgfsys-common-pdf.def
File: pgfsys-common-pdf.def 2007/12/17  (rcs-revision 1.8)
)))
(/usr/share/texmf/tex/generic/pgf/systemlayer/pgfsyssoftpath.code.tex
File: pgfsyssoftpath.code.tex 2008/01/23  (rcs-revision 1.6)
\pgfsyssoftpath@smallbuffer@items=\count107
\pgfsyssoftpath@bigbuffer@items=\count108
)
(/usr/share/texmf/tex/generic/pgf/systemlayer/pgfsysprotocol.code.tex
File: pgfsysprotocol.code.tex 2006/10/16  (rcs-revision 1.4)
))
(/usr/share/texmf/tex/latex/xcolor/xcolor.sty
Package: xcolor 2007/01/21 v2.11 LaTeX color extensions (UK)

(/etc/texmf/tex/latex/config/color.cfg
File: color.cfg 2007/01/18 v1.5 color configuration of teTeX/TeXLive
)
Package xcolor Info: Driver file: pdftex.def on input line 225.
Package xcolor Info: Model `cmy' substituted by `cmy0' on input line 1337.
Package xcolor Info: Model `hsb' substituted by `rgb' on input line 1341.
Package xcolor Info: Model `RGB' extended on input line 1353.
Package xcolor Info: Model `HTML' substituted by `rgb' on input line 1355.
Package xcolor Info: Model `Hsb' substituted by `hsb' on input line 1356.
Package xcolor Info: Model `tHsb' substituted by `hsb' on input line 1357.
Package xcolor Info: Model `HSB' substituted by `hsb' on input line 1358.
Package xcolor Info: Model `Gray' substituted by `gray' on input line 1359.
Package xcolor Info: Model `wave' substituted by `hsb' on input line 1360.

(/usr/share/texmf/tex/latex/xcolor/svgnam.def
File: svgnam.def 2007/01/21 v2.11 Predefined colors according to SVG 1.1 (UK)
))
(/usr/share/texmf/tex/generic/pgf/basiclayer/pgfcore.code.tex
Package: pgfcore 2008/01/15 v2.00 (rcs-revision 1.6)

(/usr/share/texmf/tex/generic/pgf/math/pgfmath.code.tex
(/usr/share/texmf/tex/generic/pgf/math/pgfmathcalc.code.tex
(/usr/share/texmf/tex/generic/pgf/math/pgfmathutil.code.tex
\pgfmath@box=\box34
)
(/usr/share/texmf/tex/generic/pgf/math/pgfmathparser.code.tex
\pgfmath@stack=\toks18
\c@pgfmath@parsecounta=\count109
\c@pgfmath@parsecountb=\count110
\c@pgfmath@parsecountc=\count111
\pgfmath@parsex=\dimen129
)
(/usr/share/texmf/tex/generic/pgf/math/pgfmathoperations.code.tex
(/usr/share/texmf/tex/generic/pgf/math/pgfmathtrig.code.tex)
(/usr/share/texmf/tex/generic/pgf/math/pgfmathrnd.code.tex))
(/usr/share/texmf/tex/generic/pgf/math/pgfmathbase.code.tex)))
(/usr/share/texmf/tex/generic/pgf/basiclayer/pgfcorepoints.code.tex
File: pgfcorepoints.code.tex 2008/02/03  (rcs-revision 1.13)
\pgf@picminx=\dimen130
\pgf@picmaxx=\dimen131
\pgf@picminy=\dimen132
\pgf@picmaxy=\dimen133
\pgf@pathminx=\dimen134
\pgf@pathmaxx=\dimen135
\pgf@pathminy=\dimen136
\pgf@pathmaxy=\dimen137
\pgf@xx=\dimen138
\pgf@xy=\dimen139
\pgf@yx=\dimen140
\pgf@yy=\dimen141
\pgf@zx=\dimen142
\pgf@zy=\dimen143
)
(/usr/share/texmf/tex/generic/pgf/basiclayer/pgfcorepathconstruct.code.tex
File: pgfcorepathconstruct.code.tex 2008/02/13  (rcs-revision 1.14)
\pgf@path@lastx=\dimen144
\pgf@path@lasty=\dimen145
)
(/usr/share/texmf/tex/generic/pgf/basiclayer/pgfcorepathusage.code.tex
File: pgfcorepathusage.code.tex 2008/01/23  (rcs-revision 1.11)
\pgf@shorten@end@additional=\dimen146
\pgf@shorten@start@additional=\dimen147
)
(/usr/share/texmf/tex/generic/pgf/basiclayer/pgfcorescopes.code.tex
File: pgfcorescopes.code.tex 2008/01/15  (rcs-revision 1.26)
\pgfpic=\box35
\pgf@hbox=\box36
\pgf@layerbox@main=\box37
\pgf@picture@serial@count=\count112
)
(/usr/share/texmf/tex/generic/pgf/basiclayer/pgfcoregraphicstate.code.tex
File: pgfcoregraphicstate.code.tex 2007/12/12  (rcs-revision 1.8)
\pgflinewidth=\dimen148
)
(/usr/share/texmf/tex/generic/pgf/basiclayer/pgfcoretransformations.code.tex
File: pgfcoretransformations.code.tex 2008/02/04  (rcs-revision 1.10)
\pgf@pt@x=\dimen149
\pgf@pt@y=\dimen150
\pgf@pt@temp=\dimen151
)
(/usr/share/texmf/tex/generic/pgf/basiclayer/pgfcorequick.code.tex
File: pgfcorequick.code.tex 2006/10/11  (rcs-revision 1.2)
)
(/usr/share/texmf/tex/generic/pgf/basiclayer/pgfcoreobjects.code.tex
File: pgfcoreobjects.code.tex 2006/10/11  (rcs-revision 1.2)
)
(/usr/share/texmf/tex/generic/pgf/basiclayer/pgfcorepathprocessing.code.tex
File: pgfcorepathprocessing.code.tex 2008/01/23  (rcs-revision 1.7)
)
(/usr/share/texmf/tex/generic/pgf/basiclayer/pgfcorearrows.code.tex
File: pgfcorearrows.code.tex 2007/06/07  (rcs-revision 1.8)
)
(/usr/share/texmf/tex/generic/pgf/basiclayer/pgfcoreshade.code.tex
File: pgfcoreshade.code.tex 2007/12/10  (rcs-revision 1.9)
\pgf@max=\dimen152
\pgf@sys@shading@range@num=\count113
)
(/usr/share/texmf/tex/generic/pgf/basiclayer/pgfcoreimage.code.tex
File: pgfcoreimage.code.tex 2008/01/15  (rcs-revision 1.1)
\pgfexternal@startupbox=\box38
)
(/usr/share/texmf/tex/generic/pgf/basiclayer/pgfcorelayers.code.tex
File: pgfcorelayers.code.tex 2008/01/15  (rcs-revision 1.1)
)
(/usr/share/texmf/tex/generic/pgf/basiclayer/pgfcoretransparency.code.tex
File: pgfcoretransparency.code.tex 2008/01/17  (rcs-revision 1.2)
)
(/usr/share/texmf/tex/generic/pgf/basiclayer/pgfcorepatterns.code.tex
File: pgfcorepatterns.code.tex 2008/01/15  (rcs-revision 1.1)
)))
(/usr/share/texmf/tex/latex/pgf/basiclayer/pgfbaseimage.sty

Package pgf Warning: This package is obsolete and no longer needed on input lin
e 13.

) (/usr/share/texmf/tex/latex/pgf/utilities/xxcolor.sty
Package: xxcolor 2003/10/24 ver 0.1
\XC@nummixins=\count114
\XC@countmixins=\count115
)
(/usr/share/texmf-texlive/tex/latex/amsfonts/amssymb.sty
Package: amssymb 2002/01/22 v2.2d

(/usr/share/texmf-texlive/tex/latex/amsfonts/amsfonts.sty
Package: amsfonts 2001/10/25 v2.2f
\@emptytoks=\toks19
\symAMSa=\mathgroup4
\symAMSb=\mathgroup5
LaTeX Font Info:    Overwriting math alphabet `\mathfrak' in version `bold'
(Font)                  U/euf/m/n --> U/euf/b/n on input line 132.
))
(/usr/share/texmf-texlive/tex/latex/geometry/geometry.sty
Package: geometry 2002/07/08 v3.2 Page Geometry
\Gm@cnth=\count116
\Gm@cntv=\count117
\c@Gm@tempcnt=\count118
\Gm@bindingoffset=\dimen153
\Gm@wd@mp=\dimen154
\Gm@odd@mp=\dimen155
\Gm@even@mp=\dimen156
\Gm@dimlist=\toks20

(/usr/share/texmf-texlive/tex/xelatex/xetexconfig/geometry.cfg))
(/usr/share/texmf-texlive/tex/latex/hyperref/hyperref.sty
Package: hyperref 2007/02/07 v6.75r Hypertext links for LaTeX
\@linkdim=\dimen157
\Hy@linkcounter=\count119
\Hy@pagecounter=\count120

(/usr/share/texmf-texlive/tex/latex/hyperref/pd1enc.def
File: pd1enc.def 2007/02/07 v6.75r Hyperref: PDFDocEncoding definition (HO)
)
(/etc/texmf/tex/latex/config/hyperref.cfg
File: hyperref.cfg 2002/06/06 v1.2 hyperref configuration of TeXLive
)
(/usr/share/texmf-texlive/tex/latex/oberdiek/kvoptions.sty
Package: kvoptions 2006/08/22 v2.4 Connects package keyval with LaTeX options (
HO)
)
Package hyperref Info: Option `bookmarks' set `true' on input line 2238.
Package hyperref Info: Option `bookmarksopen' set `true' on input line 2238.
Package hyperref Info: Option `implicit' set `false' on input line 2238.
Package hyperref Info: Hyper figures OFF on input line 2288.
Package hyperref Info: Link nesting OFF on input line 2293.
Package hyperref Info: Hyper index ON on input line 2296.
Package hyperref Info: Plain pages OFF on input line 2303.
Package hyperref Info: Backreferencing OFF on input line 2308.

Implicit mode OFF; no redefinition of LaTeX internals
Package hyperref Info: Bookmarks ON on input line 2444.
(/usr/share/texmf-texlive/tex/latex/ltxmisc/url.sty
\Urlmuskip=\muskip10
Package: url 2005/06/27  ver 3.2  Verb mode for urls, etc.
)
LaTeX Info: Redefining \url on input line 2599.
\Fld@menulength=\count121
\Field@Width=\dimen158
\Fld@charsize=\dimen159
\Choice@toks=\toks21
\Field@toks=\toks22
Package hyperref Info: Hyper figures OFF on input line 3102.
Package hyperref Info: Link nesting OFF on input line 3107.
Package hyperref Info: Hyper index ON on input line 3110.
Package hyperref Info: backreferencing OFF on input line 3117.
Package hyperref Info: Link coloring OFF on input line 3122.


Package hyperref Warning: Option `pdfpagelabels' is turned off
(hyperref)                because \thepage is undefined.

Hyperref stopped early
)
*hyperref using default driver hpdftex*
(/usr/share/texmf-texlive/tex/latex/hyperref/hpdftex.def
File: hpdftex.def 2007/02/07 v6.75r Hyperref driver for pdfTeX
\Fld@listcount=\count122
)
(/usr/share/texmf-texlive/tex/latex/extsizes/size8.clo
File: size8.clo 1999/11/11 v1.4a NON-Standard LaTeX file (size option)
)
(/usr/share/texmf/tex/latex/beamer/base/beamerbasecompatibility.sty
Package: beamerbasecompatibility 2007/01/28  (rcs-revision 1.63)
)
(/usr/share/texmf/tex/latex/beamer/base/beamerbasefont.sty
Package: beamerbasefont 2007/01/28  (rcs-revision 1.16)
)
(/usr/share/texmf/tex/latex/beamer/base/beamerbasemisc.sty
Package: beamerbasemisc 2007/01/28  (rcs-revision 1.24)
)
(/usr/share/texmf/tex/latex/beamer/base/beamerbasetwoscreens.sty
Package: beamerbasetwoscreens 2007/01/28  (rcs-revision 1.7)
)
(/usr/share/texmf/tex/latex/beamer/base/beamerbaseoverlay.sty
Package: beamerbaseoverlay 2007/01/28  (rcs-revision 1.50)
\beamer@argscount=\count123
\beamer@lastskipcover=\skip42
\beamer@trivlistdepth=\count124
)
(/usr/share/texmf/tex/latex/beamer/base/beamerbasetitle.sty
Package: beamerbasetitle 2007/01/28  (rcs-revision 1.25)
)
(/usr/share/texmf/tex/latex/beamer/base/beamerbasesection.sty
Package: beamerbasesection 2007/01/28  (rcs-revision 1.21)
\c@lecture=\count125
\c@part=\count126
\c@section=\count127
\c@subsection=\count128
\c@subsubsection=\count129
)
(/usr/share/texmf/tex/latex/beamer/base/beamerbaseframe.sty
Package: beamerbaseframe 2007/01/28  (rcs-revision 1.60)
\beamer@framebox=\box39
\beamer@frametitlebox=\box40
\beamer@zoombox=\box41
\beamer@zoomcount=\count130
\beamer@zoomframecount=\count131
\beamer@frametextheight=\dimen160
\c@subsectionslide=\count132
\beamer@frametopskip=\skip43
\beamer@framebottomskip=\skip44
\beamer@frametopskipautobreak=\skip45
\beamer@framebottomskipautobreak=\skip46
\beamer@envbody=\toks23
\c@framenumber=\count133
)
(/usr/share/texmf/tex/latex/beamer/base/beamerbaseverbatim.sty
Package: beamerbaseverbatim 2007/01/28  (rcs-revision 1.8)
\beamer@verbatimfileout=\write3
)
(/usr/share/texmf/tex/latex/beamer/base/beamerbaseframesize.sty
Package: beamerbaseframesize 2007/01/28  (rcs-revision 1.18)
\beamer@splitbox=\box42
\beamer@autobreakcount=\count134
\beamer@autobreaklastheight=\dimen161
\beamer@frametitletoks=\toks24
\beamer@framesubtitletoks=\toks25
)
(/usr/share/texmf/tex/latex/beamer/base/beamerbaseframecomponents.sty
Package: beamerbaseframecomponents 2007/01/28  (rcs-revision 1.41)
\beamer@footins=\box43
)
(/usr/share/texmf/tex/latex/beamer/base/beamerbasecolor.sty
Package: beamerbasecolor 2007/01/28  (rcs-revision 1.42)
)
(/usr/share/texmf/tex/latex/beamer/base/beamerbasenotes.sty
Package: beamerbasenotes 2007/01/28  (rcs-revision 1.23)
\beamer@frameboxcopy=\box44
)
(/usr/share/texmf/tex/latex/beamer/base/beamerbasetoc.sty
Package: beamerbasetoc 2007/01/28  (rcs-revision 1.21)
)
(/usr/share/texmf/tex/latex/beamer/base/beamerbasetemplates.sty
Package: beamerbasetemplates 2007/01/28  (rcs-revision 1.51)
\beamer@sbttoks=\toks26

(/usr/share/texmf/tex/latex/beamer/base/beamerbaseauxtemplates.sty
Package: beamerbaseauxtemplates 2007/01/28  (rcs-revision 1.28)

(/usr/share/texmf/tex/latex/beamer/base/beamerbaseboxes.sty
Package: beamerbaseboxes 2007/03/11  (rcs-revision 1.32)
\bmb@box=\box45
\bmb@colorbox=\box46
\bmb@boxshadow=\box47
\bmb@boxshadowball=\box48
\bmb@boxshadowballlarge=\box49
\bmb@temp=\dimen162
\bmb@dima=\dimen163
\bmb@dimb=\dimen164
\bmb@prevheight=\dimen165
)
\beamer@blockheadheight=\dimen166
))
(/usr/share/texmf/tex/latex/beamer/base/beamerbaselocalstructure.sty
Package: beamerbaselocalstructure 2007/01/28  (rcs-revision 1.53)

(/usr/share/texmf-texlive/tex/latex/tools/enumerate.sty
Package: enumerate 1999/03/05 v3.00 enumerate extensions (DPC)
\@enLab=\toks27
)
\c@figure=\count135
\c@table=\count136
\abovecaptionskip=\skip47
\belowcaptionskip=\skip48
)
(/usr/share/texmf/tex/latex/beamer/base/beamerbasenavigation.sty
Package: beamerbasenavigation 2007/01/28  (rcs-revision 1.36)
)
(/usr/share/texmf/tex/latex/beamer/base/beamerbasetheorems.sty
Package: beamerbasetheorems 2007/01/28  (rcs-revision 1.10)

(/usr/share/texmf-texlive/tex/latex/amsmath/amsmath.sty
Package: amsmath 2000/07/18 v2.13 AMS math features
\@mathmargin=\skip49

For additional information on amsmath, use the `?' option.
(/usr/share/texmf-texlive/tex/latex/amsmath/amstext.sty
Package: amstext 2000/06/29 v2.01

(/usr/share/texmf-texlive/tex/latex/amsmath/amsgen.sty
File: amsgen.sty 1999/11/30 v2.0
\@emptytoks=\toks28
\ex@=\dimen167
))
(/usr/share/texmf-texlive/tex/latex/amsmath/amsbsy.sty
Package: amsbsy 1999/11/29 v1.2d
\pmbraise@=\dimen168
)
(/usr/share/texmf-texlive/tex/latex/amsmath/amsopn.sty
Package: amsopn 1999/12/14 v2.01 operator names
)
\inf@bad=\count137
LaTeX Info: Redefining \frac on input line 211.
\uproot@=\count138
\leftroot@=\count139
LaTeX Info: Redefining \overline on input line 307.
\classnum@=\count140
\DOTSCASE@=\count141
LaTeX Info: Redefining \ldots on input line 379.
LaTeX Info: Redefining \dots on input line 382.
LaTeX Info: Redefining \cdots on input line 467.
\Mathstrutbox@=\box50
\strutbox@=\box51
\big@size=\dimen169
LaTeX Font Info:    Redeclaring font encoding OML on input line 567.
LaTeX Font Info:    Redeclaring font encoding OMS on input line 568.
\macc@depth=\count142
\c@MaxMatrixCols=\count143
\dotsspace@=\muskip11
\c@parentequation=\count144
\dspbrk@lvl=\count145
\tag@help=\toks29
\row@=\count146
\column@=\count147
\maxfields@=\count148
\andhelp@=\toks30
\eqnshift@=\dimen170
\alignsep@=\dimen171
\tagshift@=\dimen172
\tagwidth@=\dimen173
\totwidth@=\dimen174
\lineht@=\dimen175
\@envbody=\toks31
\multlinegap=\skip50
\multlinetaggap=\skip51
\mathdisplay@stack=\toks32
LaTeX Info: Redefining \[ on input line 2666.
LaTeX Info: Redefining \] on input line 2667.
)
(/usr/share/texmf-texlive/tex/latex/amscls/amsthm.sty
Package: amsthm 2004/08/06 v2.20
\thm@style=\toks33
\thm@bodyfont=\toks34
\thm@headfont=\toks35
\thm@notefont=\toks36
\thm@headpunct=\toks37
\thm@preskip=\skip52
\thm@postskip=\skip53
\thm@headsep=\skip54
\dth@everypar=\toks38
)
\c@theorem=\count149
)
(/usr/share/texmf/tex/latex/beamer/base/beamerbasethemes.sty
Package: beamerbasethemes 2007/01/28  (rcs-revision 1.10)
)
(/usr/share/texmf/tex/latex/beamer/themes/theme/beamerthemedefault.sty
Package: beamerthemedefault 2007/01/28  (rcs-revision 1.7)

(/usr/share/texmf/tex/latex/beamer/themes/font/beamerfontthemedefault.sty
Package: beamerfontthemedefault 2007/01/28  (rcs-revision 1.13)
)
(/usr/share/texmf/tex/latex/beamer/themes/color/beamercolorthemedefault.sty
Package: beamercolorthemedefault 2007/01/28  (rcs-revision 1.28)
)
(/usr/share/texmf/tex/latex/beamer/themes/inner/beamerinnerthemedefault.sty
Package: beamerinnerthemedefault 2007/01/28  (rcs-revision 1.20)
\beamer@dima=\dimen176
\beamer@dimb=\dimen177
)
(/usr/share/texmf/tex/latex/beamer/themes/outer/beamerouterthemedefault.sty
Package: beamerouterthemedefault 2007/01/28  (rcs-revision 1.14)
)))
(/usr/share/texmf-texlive/tex/latex/psnfss/mathptmx.sty
Package: mathptmx 2005/04/12 PSNFSS-v9.2a Times w/ Math, improved (SPQR, WaS) 
LaTeX Font Info:    Redeclaring symbol font `operators' on input line 28.
LaTeX Font Info:    Overwriting symbol font `operators' in version `normal'
(Font)                  OT1/cmr/m/n --> OT1/ztmcm/m/n on input line 28.
LaTeX Font Info:    Overwriting symbol font `operators' in version `bold'
(Font)                  OT1/cmr/bx/n --> OT1/ztmcm/m/n on input line 28.
LaTeX Font Info:    Redeclaring symbol font `letters' on input line 29.
LaTeX Font Info:    Overwriting symbol font `letters' in version `normal'
(Font)                  OML/cmm/m/it --> OML/ztmcm/m/it on input line 29.
LaTeX Font Info:    Overwriting symbol font `letters' in version `bold'
(Font)                  OML/cmm/b/it --> OML/ztmcm/m/it on input line 29.
LaTeX Font Info:    Redeclaring symbol font `symbols' on input line 30.
LaTeX Font Info:    Overwriting symbol font `symbols' in version `normal'
(Font)                  OMS/cmsy/m/n --> OMS/ztmcm/m/n on input line 30.
LaTeX Font Info:    Overwriting symbol font `symbols' in version `bold'
(Font)                  OMS/cmsy/b/n --> OMS/ztmcm/m/n on input line 30.
LaTeX Font Info:    Redeclaring symbol font `largesymbols' on input line 31.
LaTeX Font Info:    Overwriting symbol font `largesymbols' in version `normal'
(Font)                  OMX/cmex/m/n --> OMX/ztmcm/m/n on input line 31.
LaTeX Font Info:    Overwriting symbol font `largesymbols' in version `bold'
(Font)                  OMX/cmex/m/n --> OMX/ztmcm/m/n on input line 31.
\symbold=\mathgroup6
\symitalic=\mathgroup7
LaTeX Font Info:    Redeclaring math alphabet \mathbf on input line 34.
LaTeX Font Info:    Overwriting math alphabet `\mathbf' in version `normal'
(Font)                  OT1/cmr/bx/n --> OT1/ptm/bx/n on input line 34.
LaTeX Font Info:    Overwriting math alphabet `\mathbf' in version `bold'
(Font)                  OT1/cmr/bx/n --> OT1/ptm/bx/n on input line 34.
LaTeX Font Info:    Redeclaring math alphabet \mathit on input line 35.
LaTeX Font Info:    Overwriting math alphabet `\mathit' in version `normal'
(Font)                  OT1/cmr/m/it --> OT1/ptm/m/it on input line 35.
LaTeX Font Info:    Overwriting math alphabet `\mathit' in version `bold'
(Font)                  OT1/cmr/bx/it --> OT1/ptm/m/it on input line 35.
LaTeX Info: Redefining \hbar on input line 50.
)
(/usr/share/texmf-texlive/tex/latex/psnfss/helvet.sty
Package: helvet 2005/04/12 PSNFSS-v9.2a (WaS) 
)
(/usr/local/share/texmf/tex/latex/animate/animate.sty
Package: animate 2010/03/04 PDF animations from files and inline graphics

(/usr/share/texmf-texlive/tex/latex/base/ifthen.sty
Package: ifthen 2001/05/26 v1.1c Standard LaTeX ifthen package (DPC)
)
(/usr/share/texmf-texlive/tex/generic/oberdiek/ifpdf.sty
Package: ifpdf 2006/02/20 v1.4 Provides the ifpdf switch (HO)
Package ifpdf Info: pdfTeX in pdf mode detected.
)
(/usr/share/texmf-texlive/tex/latex/oberdiek/ifdraft.sty
Package: ifdraft 2006/02/20 v1.2 Switch for option draft (HO)
)
(/usr/share/texmf-texlive/tex/latex/tools/calc.sty
Package: calc 2005/08/06 v4.2 Infix arithmetic (KKT,FJ)
\calc@Acount=\count150
\calc@Bcount=\count151
\calc@Adimen=\dimen178
\calc@Bdimen=\dimen179
\calc@Askip=\skip55
\calc@Bskip=\skip56
LaTeX Info: Redefining \setlength on input line 75.
LaTeX Info: Redefining \addtolength on input line 76.
\calc@Ccount=\count152
\calc@Cskip=\skip57
)
(/usr/local/share/texmf/tex/latex/animate/animfp.sty
Package: animfp 2009/07/23 fixed point addition for animate.sty
\afp@xs=\count153
\afp@xia=\count154
\afp@xib=\count155
\afp@xfa=\count156
\afp@xfb=\count157
\afp@rega=\count158
\afp@regb=\count159
\afp@regs=\count160
)
(/usr/share/texmf/tex/context/base/supp-pdf.tex
[Loading MPS to PDF converter (version 2006.09.02).]
\scratchcounter=\count161
\scratchdimen=\dimen180
\scratchbox=\box52
\nofMPsegments=\count162
\nofMParguments=\count163
\everyMPshowfont=\toks39
\MPscratchCnt=\count164
\MPscratchDim=\dimen181
\MPnumerator=\count165
\everyMPtoPDFconversion=\toks40
)
\@anim@@fields=\count166
\@anim@@ocgs=\count167
\@anim@@posterocgs=\count168
\@anim@box=\box53
\@anim@tmpdima=\dimen182
\@anim@tmpdimb=\dimen183
\@anim@num=\count169
\@anim@curframe=\count170
\@anim@curframe@zb=\count171
\@anim@resize=\count172
\@anim@skipfram=\count173
\@anim@mulframecnt=\count174
\@anim@@tmlnfile=\read1
\@anim@tmpcnt=\count175
\@anim@curlayer=\count176
\@anim@lineno=\count177
\@anim@begin=\toks41
\@anim@end=\toks42
) (/usr/share/texmf/tex/latex/beamer/themes/font/beamerfontthemeserif.sty
Package: beamerfontthemeserif 2007/01/28  (rcs-revision 1.4)
)
(/usr/share/texmf/tex/latex/beamer/themes/color/beamercolorthemestructure.sty
Package: beamercolorthemestructure 2007/01/28  (rcs-revision 1.4)
)
(/usr/share/texmf/tex/latex/beamer/themes/outer/beamerouterthemeinfolines.sty
Package: beamerouterthemeinfolines 2007/01/28  (rcs-revision 1.9)
)
(/usr/share/texmf/tex/latex/beamer/themes/theme/beamerthemeRochester.sty
Package: beamerthemeRochester 2007/01/28  (rcs-revision 1.8)

(/usr/share/texmf/tex/latex/beamer/themes/outer/beamerouterthemesidebar.sty
Package: beamerouterthemesidebar 2007/01/28  (rcs-revision 1.9)
\beamer@sidebarwidth=\dimen184
\beamer@headheight=\dimen185
LaTeX Font Info:    Try loading font information for OT1+phv on input line 15.

(/usr/share/texmf-texlive/tex/latex/psnfss/ot1phv.fd
File: ot1phv.fd 2001/06/04 scalable font definitions for OT1/phv.
))
(/usr/share/texmf/tex/latex/beamer/themes/inner/beamerinnerthemerectangles.sty
Package: beamerinnerthemerectangles 2007/01/28  (rcs-revision 1.4)
) (/usr/share/texmf/tex/latex/beamer/themes/color/beamercolorthemewhale.sty
Package: beamercolorthemewhale 2007/01/28  (rcs-revision 1.4)
)
(/usr/share/texmf/tex/latex/beamer/themes/color/beamercolorthemeorchid.sty
Package: beamercolorthemeorchid 2007/01/28  (rcs-revision 1.3)
))
Package hyperref Info: Option `colorlinks' set `true' on input line 15.


Package hyperref Warning: Token not allowed in a PDFDocEncoded string,
(hyperref)                removing `\\' on input line 23.


Package hyperref Warning: Token not allowed in a PDFDocEncoded string,
(hyperref)                removing `\\' on input line 23.

(./defense.aux)
\openout1 = `defense.aux'.

LaTeX Font Info:    Checking defaults for OML/cmm/m/it on input line 32.
LaTeX Font Info:    ... okay on input line 32.
LaTeX Font Info:    Checking defaults for T1/cmr/m/n on input line 32.
LaTeX Font Info:    ... okay on input line 32.
LaTeX Font Info:    Checking defaults for OT1/cmr/m/n on input line 32.
LaTeX Font Info:    ... okay on input line 32.
LaTeX Font Info:    Checking defaults for OMS/cmsy/m/n on input line 32.
LaTeX Font Info:    ... okay on input line 32.
LaTeX Font Info:    Checking defaults for OMX/cmex/m/n on input line 32.
LaTeX Font Info:    ... okay on input line 32.
LaTeX Font Info:    Checking defaults for U/cmr/m/n on input line 32.
LaTeX Font Info:    ... okay on input line 32.
LaTeX Font Info:    Checking defaults for PD1/pdf/m/n on input line 32.
LaTeX Font Info:    ... okay on input line 32.
 (/usr/share/texmf/tex/context/base/supp-pdf.tex
[Loading MPS to PDF converter (version 2006.09.02).]
\scratchcounter=\count178
\scratchdimen=\dimen186
\scratchbox=\box54
\nofMPsegments=\count179
\nofMParguments=\count180
\everyMPshowfont=\toks43
\MPscratchCnt=\count181
\MPscratchDim=\dimen187
\MPnumerator=\count182
\everyMPtoPDFconversion=\toks44
)
-------------------- Geometry parameters
paper: user defined
landscape: --
twocolumn: --
twoside: --
asymmetric: --
h-parts: 8.50012pt, 347.19511pt, 8.50012pt
v-parts: 0.0pt, 273.14662pt, 0.0pt
hmarginratio: --
vmarginratio: --
lines: --
heightrounded: --
bindingoffset: 0.0pt
truedimen: --
includehead: true
includefoot: true
includemp: --
driver: pdftex
-------------------- Page layout dimensions and switches
\paperwidth  364.19536pt
\paperheight 273.14662pt
\textwidth  347.19511pt
\textheight 244.6939pt
\oddsidemargin  -63.76987pt
\evensidemargin -63.76987pt
\topmargin  -72.26999pt
\headheight 14.22636pt
\headsep    0.0pt
\footskip   14.22636pt
\marginparwidth 4.0pt
\marginparsep   10.0pt
\columnsep  10.0pt
\skip\footins  7.0pt plus 4.0pt minus 2.0pt
\hoffset 0.0pt
\voffset 0.0pt
\mag 1000

(1in=72.27pt, 1cm=28.45pt)
-----------------------
Package hyperref Info: Link coloring ON on input line 32.
 (/usr/share/texmf-texlive/tex/latex/hyperref/nameref.sty
Package: nameref 2006/12/27 v2.28 Cross-referencing by name of section

(/usr/share/texmf-texlive/tex/latex/oberdiek/refcount.sty
Package: refcount 2006/02/20 v3.0 Data extraction from references (HO)
)
\c@section@level=\count183
)
LaTeX Info: Redefining \ref on input line 32.
LaTeX Info: Redefining \pageref on input line 32.
 (./defense.out)
(./defense.out)
\@outlinefile=\write4
\openout4 = `defense.out'.

\symnumbers=\mathgroup8
\sympureletters=\mathgroup9
LaTeX Font Info:    Overwriting math alphabet `\mathrm' in version `normal'
(Font)                  OT1/ztmcm/m/n --> OT1/ptm/m/n on input line 32.
LaTeX Font Info:    Redeclaring math alphabet \mathbf on input line 32.
LaTeX Font Info:    Overwriting math alphabet `\mathbf' in version `normal'
(Font)                  OT1/ptm/bx/n --> OT1/ptm/bx/n on input line 32.
LaTeX Font Info:    Overwriting math alphabet `\mathbf' in version `bold'
(Font)                  OT1/ptm/bx/n --> OT1/ptm/bx/n on input line 32.
LaTeX Font Info:    Redeclaring math alphabet \mathsf on input line 32.
LaTeX Font Info:    Overwriting math alphabet `\mathsf' in version `normal'
(Font)                  OT1/cmss/m/n --> OT1/phv/m/n on input line 32.
LaTeX Font Info:    Overwriting math alphabet `\mathsf' in version `bold'
(Font)                  OT1/cmss/bx/n --> OT1/phv/m/n on input line 32.
LaTeX Font Info:    Redeclaring math alphabet \mathit on input line 32.
LaTeX Font Info:    Overwriting math alphabet `\mathit' in version `normal'
(Font)                  OT1/ptm/m/it --> OT1/ptm/m/it on input line 32.
LaTeX Font Info:    Overwriting math alphabet `\mathit' in version `bold'
(Font)                  OT1/ptm/m/it --> OT1/ptm/m/it on input line 32.
LaTeX Font Info:    Redeclaring math alphabet \mathtt on input line 32.
LaTeX Font Info:    Overwriting math alphabet `\mathtt' in version `normal'
(Font)                  OT1/cmtt/m/n --> OT1/cmtt/m/n on input line 32.
LaTeX Font Info:    Overwriting math alphabet `\mathtt' in version `bold'
(Font)                  OT1/cmtt/m/n --> OT1/cmtt/m/n on input line 32.
LaTeX Font Info:    Overwriting symbol font `numbers' in version `bold'
(Font)                  OT1/ptm/m/n --> OT1/ptm/bx/n on input line 32.
LaTeX Font Info:    Overwriting symbol font `pureletters' in version `bold'
(Font)                  OT1/ptm/m/it --> OT1/ptm/bx/it on input line 32.
LaTeX Font Info:    Overwriting math alphabet `\mathrm' in version `bold'
(Font)                  OT1/ztmcm/m/n --> OT1/ptm/bx/n on input line 32.
LaTeX Font Info:    Overwriting math alphabet `\mathbf' in version `bold'
(Font)                  OT1/ptm/bx/n --> OT1/ptm/bx/n on input line 32.
LaTeX Font Info:    Overwriting math alphabet `\mathsf' in version `bold'
(Font)                  OT1/phv/m/n --> OT1/phv/bx/n on input line 32.
LaTeX Font Info:    Overwriting math alphabet `\mathit' in version `bold'
(Font)                  OT1/ptm/m/it --> OT1/ptm/bx/it on input line 32.
LaTeX Font Info:    Overwriting math alphabet `\mathtt' in version `bold'
(Font)                  OT1/cmtt/m/n --> OT1/cmtt/bx/n on input line 32.
 (./defense.nav)
<./Images/llnl_logo.png, id=18, 200.75pt x 204.765pt>
File: ./Images/llnl_logo.png Graphic file (type png)

<use ./Images/llnl_logo.png>
LaTeX Font Info:    Try loading font information for OT1+ztmcm on input line 60
.

(/usr/share/texmf-texlive/tex/latex/psnfss/ot1ztmcm.fd
File: ot1ztmcm.fd 2000/01/03 Fontinst v1.801 font definitions for OT1/ztmcm.
)
LaTeX Font Info:    Try loading font information for OML+ztmcm on input line 60
.

(/usr/share/texmf-texlive/tex/latex/psnfss/omlztmcm.fd
File: omlztmcm.fd 2000/01/03 Fontinst v1.801 font definitions for OML/ztmcm.
)
LaTeX Font Info:    Try loading font information for OMS+ztmcm on input line 60
.

(/usr/share/texmf-texlive/tex/latex/psnfss/omsztmcm.fd
File: omsztmcm.fd 2000/01/03 Fontinst v1.801 font definitions for OMS/ztmcm.
)
LaTeX Font Info:    Try loading font information for OMX+ztmcm on input line 60
.

(/usr/share/texmf-texlive/tex/latex/psnfss/omxztmcm.fd
File: omxztmcm.fd 2000/01/03 Fontinst v1.801 font definitions for OMX/ztmcm.
)
LaTeX Font Info:    Try loading font information for OT1+ptm on input line 60.

(/usr/share/texmf-texlive/tex/latex/psnfss/ot1ptm.fd
File: ot1ptm.fd 2001/06/04 font definitions for OT1/ptm.
)
LaTeX Font Info:    Font shape `OT1/ptm/bx/n' in size <8> not available
(Font)              Font shape `OT1/ptm/b/n' tried instead on input line 60.
LaTeX Font Info:    Font shape `OT1/ptm/bx/n' in size <6> not available
(Font)              Font shape `OT1/ptm/b/n' tried instead on input line 60.
LaTeX Font Info:    Font shape `OT1/ptm/bx/n' in size <5> not available
(Font)              Font shape `OT1/ptm/b/n' tried instead on input line 60.

<./Images/cp_seal.png, id=19, 150.5625pt x 150.5625pt>
File: ./Images/cp_seal.png Graphic file (type png)

<use ./Images/cp_seal.png> [1

{/var/lib/texmf/fonts/map/pdftex/updmap/pdftex.map} <./Images/llnl_logo.png> <.
/Images/cp_seal.png (PNG copy)>]
<./Images/nifcapsule.jpg, id=31, 867.24pt x 650.43pt>
File: ./Images/nifcapsule.jpg Graphic file (type jpg)

<use ./Images/nifcapsule.jpg>
<./Images/nifIllustration2.png, id=32, 489.00449pt x 241.12514pt>
File: ./Images/nifIllustration2.png Graphic file (type png)

<use ./Images/nifIllustration2.png> [2

 <./Images/nifcapsule.jpg> <./Images/nifIllustration2.png (PNG copy)>]
<./Images/triple.png, id=46, 1587.9325pt x 690.58pt>
File: ./Images/triple.png Graphic file (type png)
 <use ./Images/triple.png>
[3

 <./Images/triple.png (PNG copy)>]
<./Images/lagHydro.png, id=58, 293.13252pt x 412.68196pt>
File: ./Images/lagHydro.png Graphic file (type png)

<use ./Images/lagHydro.png> [4

 <./Images/lagHydro.png (PNG copy)>] [5

]
<./Images/HEMPLagHydro.png, id=71, 289.08pt x 289.08pt>
File: ./Images/HEMPLagHydro.png Graphic file (type png)

<use ./Images/HEMPLagHydro.png>
Missing character: There is no ‚ in font phvr7t!
Missing character: There is no Ä in font phvr7t!
Missing character: There is no ú in font phvr7t!
Missing character: There is no ‚ in font phvr7t!
Missing character: There is no Ä in font phvr7t!
Missing character: There is no ù in font phvr7t!
Missing character: There is no ‚ in font phvr7t!
Missing character: There is no Ä in font phvr7t!
Missing character: There is no ú in font phvr7t!
Missing character: There is no ‚ in font phvr7t!
Missing character: There is no Ä in font phvr7t!
Missing character: There is no ù in font phvr7t!
 [6

 <./Images/HEMPLagHydro.png (PNG copy)>]
<./Images/discretization1.png, id=84, 280.04625pt x 283.0575pt>
File: ./Images/discretization1.png Graphic file (type png)

<use ./Images/discretization1.png>
LaTeX Font Info:    Font shape `OT1/ptm/bx/n' in size <10.95> not available
(Font)              Font shape `OT1/ptm/b/n' tried instead on input line 278.
LaTeX Font Info:    Font shape `OT1/ptm/bx/n' in size <17.28> not available
(Font)              Font shape `OT1/ptm/b/n' tried instead on input line 278.
LaTeX Font Info:    Font shape `OT1/ptm/bx/n' in size <12> not available
(Font)              Font shape `OT1/ptm/b/n' tried instead on input line 278.
LaTeX Font Info:    Font shape `OT1/ptm/bx/n' in size <10> not available
(Font)              Font shape `OT1/ptm/b/n' tried instead on input line 278.

<./Images/discretization2.png, id=85, 266.9975pt x 283.0575pt>
File: ./Images/discretization2.png Graphic file (type png)

<use ./Images/discretization2.png>
Missing character: There is no ‚ in font phvr7t!
Missing character: There is no Ä in font phvr7t!
Missing character: There is no ¶ in font phvr7t!

Overfull \vbox (14.81961pt too high) detected at line 278
 []

[7

 <./Images/discretization1.png (PNG copy)> <./Images/discretization2.png (PNG c
opy)>] <./Images/motion1.png, id=94, 288.07625pt x 355.3275pt>
File: ./Images/motion1.png Graphic file (type png)

<use ./Images/motion1.png>
<./Images/motion2.png, id=95, 294.09875pt x 371.3875pt>
File: ./Images/motion2.png Graphic file (type png)

<use ./Images/motion2.png>
<./Images/sedovCart.png, id=96, 685.56125pt x 685.56125pt>
File: ./Images/sedovCart.png Graphic file (type png)

<use ./Images/sedovCart.png> [8

 <./Images/motion1.png (PNG copy)> <./Images/motion2.png (PNG copy)> <./Images/
sedovCart.png (PNG copy)>]
<./Images/SedovAnimation/SedovAnimation_00.png, id=103, 1026.234pt x 552.1428pt
>
File: ./Images/SedovAnimation/SedovAnimation_00.png Graphic file (type png)
 <use ./Images/SedovAnimation/SedovAnimation_00.png> <./Images/SedovAnimation/S
edovAnimation_00.png (PNG copy)> <a0,fr0>
<./Images/SedovAnimation/SedovAnimation_10.png, id=109, 1026.234pt x 552.1428pt
>
File: ./Images/SedovAnimation/SedovAnimation_10.png Graphic file (type png)
 <use ./Images/SedovAnimation/SedovAnimation_10.png> <./Images/SedovAnimation/S
edovAnimation_10.png (PNG copy)> <a0,fr1>
<./Images/SedovAnimation/SedovAnimation_20.png, id=115, 1026.234pt x 552.1428pt
>
File: ./Images/SedovAnimation/SedovAnimation_20.png Graphic file (type png)
 <use ./Images/SedovAnimation/SedovAnimation_20.png> <./Images/SedovAnimation/S
edovAnimation_20.png (PNG copy)> <a0,fr2>
<./Images/SedovAnimation/SedovAnimation_30.png, id=121, 1026.234pt x 552.1428pt
>
File: ./Images/SedovAnimation/SedovAnimation_30.png Graphic file (type png)
 <use ./Images/SedovAnimation/SedovAnimation_30.png> <./Images/SedovAnimation/S
edovAnimation_30.png (PNG copy)> <a0,fr3>
<./Images/SedovAnimation/SedovAnimation_40.png, id=127, 1026.234pt x 552.1428pt
>
File: ./Images/SedovAnimation/SedovAnimation_40.png Graphic file (type png)
 <use ./Images/SedovAnimation/SedovAnimation_40.png> <./Images/SedovAnimation/S
edovAnimation_40.png (PNG copy)> <a0,fr4>
<./Images/SedovAnimation/SedovAnimation_50.png, id=133, 1026.234pt x 552.1428pt
>
File: ./Images/SedovAnimation/SedovAnimation_50.png Graphic file (type png)
 <use ./Images/SedovAnimation/SedovAnimation_50.png> <./Images/SedovAnimation/S
edovAnimation_50.png (PNG copy)> <a0,fr5>
<./Images/SedovAnimation/SedovAnimation_60.png, id=139, 1026.234pt x 552.1428pt
>
File: ./Images/SedovAnimation/SedovAnimation_60.png Graphic file (type png)
 <use ./Images/SedovAnimation/SedovAnimation_60.png> <./Images/SedovAnimation/S
edovAnimation_60.png (PNG copy)> <a0,fr6>
<./Images/SedovAnimation/SedovAnimation_70.png, id=145, 1026.234pt x 552.1428pt
>
File: ./Images/SedovAnimation/SedovAnimation_70.png Graphic file (type png)
 <use ./Images/SedovAnimation/SedovAnimation_70.png> <./Images/SedovAnimation/S
edovAnimation_70.png (PNG copy)> <a0,fr7>
<./Images/SedovAnimation/SedovAnimation_80.png, id=151, 1026.234pt x 552.1428pt
>
File: ./Images/SedovAnimation/SedovAnimation_80.png Graphic file (type png)
 <use ./Images/SedovAnimation/SedovAnimation_80.png> <./Images/SedovAnimation/S
edovAnimation_80.png (PNG copy)> <a0,fr8>
<./Images/SedovAnimation/SedovAnimation_90.png, id=157, 1026.234pt x 552.1428pt
>
File: ./Images/SedovAnimation/SedovAnimation_90.png Graphic file (type png)
 <use ./Images/SedovAnimation/SedovAnimation_90.png> <./Images/SedovAnimation/S
edovAnimation_90.png (PNG copy)> <a0,fr9>
<./Images/SedovAnimation/SedovAnimation_100.png, id=163, 1026.234pt x 552.1428p
t>
File: ./Images/SedovAnimation/SedovAnimation_100.png Graphic file (type png)
 <use ./Images/SedovAnimation/SedovAnimation_100.png> <./Images/SedovAnimation/
SedovAnimation_100.png (PNG copy)> <a0,fr10>
<./Images/SedovAnimation/SedovAnimation_110.png, id=169, 1026.234pt x 552.1428p
t>
File: ./Images/SedovAnimation/SedovAnimation_110.png Graphic file (type png)
 <use ./Images/SedovAnimation/SedovAnimation_110.png> <./Images/SedovAnimation/
SedovAnimation_110.png (PNG copy)> <a0,fr11>
<./Images/SedovAnimation/SedovAnimation_120.png, id=175, 1026.234pt x 552.1428p
t>
File: ./Images/SedovAnimation/SedovAnimation_120.png Graphic file (type png)
 <use ./Images/SedovAnimation/SedovAnimation_120.png> <./Images/SedovAnimation/
SedovAnimation_120.png (PNG copy)> <a0,fr12>
<./Images/SedovAnimation/SedovAnimation_130.png, id=181, 1026.234pt x 552.1428p
t>
File: ./Images/SedovAnimation/SedovAnimation_130.png Graphic file (type png)
 <use ./Images/SedovAnimation/SedovAnimation_130.png> <./Images/SedovAnimation/
SedovAnimation_130.png (PNG copy)> <a0,fr13>
<./Images/SedovAnimation/SedovAnimation_140.png, id=187, 1026.234pt x 552.1428p
t>
File: ./Images/SedovAnimation/SedovAnimation_140.png Graphic file (type png)
 <use ./Images/SedovAnimation/SedovAnimation_140.png> <./Images/SedovAnimation/
SedovAnimation_140.png (PNG copy)> <a0,fr14>
<./Images/SedovAnimation/SedovAnimation_150.png, id=193, 1026.234pt x 552.1428p
t>
File: ./Images/SedovAnimation/SedovAnimation_150.png Graphic file (type png)
 <use ./Images/SedovAnimation/SedovAnimation_150.png> <./Images/SedovAnimation/
SedovAnimation_150.png (PNG copy)> <a0,fr15>
<./Images/SedovAnimation/SedovAnimation_160.png, id=199, 1026.234pt x 552.1428p
t>
File: ./Images/SedovAnimation/SedovAnimation_160.png Graphic file (type png)
 <use ./Images/SedovAnimation/SedovAnimation_160.png> <./Images/SedovAnimation/
SedovAnimation_160.png (PNG copy)> <a0,fr16>
<./Images/SedovAnimation/SedovAnimation_170.png, id=205, 1026.234pt x 552.1428p
t>
File: ./Images/SedovAnimation/SedovAnimation_170.png Graphic file (type png)
 <use ./Images/SedovAnimation/SedovAnimation_170.png> <./Images/SedovAnimation/
SedovAnimation_170.png (PNG copy)> <a0,fr17>
<./Images/SedovAnimation/SedovAnimation_180.png, id=211, 1026.234pt x 552.1428p
t>
File: ./Images/SedovAnimation/SedovAnimation_180.png Graphic file (type png)
 <use ./Images/SedovAnimation/SedovAnimation_180.png> <./Images/SedovAnimation/
SedovAnimation_180.png (PNG copy)> <a0,fr18>
<./Images/SedovAnimation/SedovAnimation_190.png, id=217, 1026.234pt x 552.1428p
t>
File: ./Images/SedovAnimation/SedovAnimation_190.png Graphic file (type png)
 <use ./Images/SedovAnimation/SedovAnimation_190.png> <./Images/SedovAnimation/
SedovAnimation_190.png (PNG copy)> <a0,fr19>
<./Images/SedovAnimation/SedovAnimation_200.png, id=223, 1026.234pt x 552.1428p
t>
File: ./Images/SedovAnimation/SedovAnimation_200.png Graphic file (type png)
 <use ./Images/SedovAnimation/SedovAnimation_200.png> <./Images/SedovAnimation/
SedovAnimation_200.png (PNG copy)> <a0,fr20> [9

]
<./Images/refSpace.png, id=237, 386.34056pt x 397.1473pt>
File: ./Images/refSpace.png Graphic file (type png)

<use ./Images/refSpace.png>
<./Images/transSpace.png, id=238, 251.93187pt x 280.97496pt>
File: ./Images/transSpace.png Graphic file (type png)

<use ./Images/transSpace.png>
<./Images/physSpace.png, id=239, 370.13046pt x 383.63889pt>
File: ./Images/physSpace.png Graphic file (type png)

<use ./Images/physSpace.png>

Class beamer Warning: Frame text is shrunk by a factor of 7.10907 percent inste
ad of 5 percent on input line 420.

[10

 <./Images/refSpace.png (PNG copy)> <./Images/transSpace.png (PNG copy)> <./Ima
ges/physSpace.png (PNG copy)>]
LaTeX Font Info:    Font shape `OT1/phv/bx/n' in size <8> not available
(Font)              Font shape `OT1/phv/b/n' tried instead on input line 475.

<./Images/Q1Basis.png, id=246, 718.685pt x 461.725pt>
File: ./Images/Q1Basis.png Graphic file (type png)

<use ./Images/Q1Basis.png>
<./Images/Q2Basis.png, id=247, 726.715pt x 462.528pt>
File: ./Images/Q2Basis.png Graphic file (type png)

<use ./Images/Q2Basis.png>
<./Images/Q2dBasis.png, id=248, 644.809pt x 463.331pt>
File: ./Images/Q2dBasis.png Graphic file (type png)

<use ./Images/Q2dBasis.png>
Missing character: There is no ‚ in font phvr7t!
Missing character: There is no Ä in font phvr7t!
Missing character: There is no ú in font phvr7t!
Missing character: There is no ‚ in font phvr7t!
Missing character: There is no Ä in font phvr7t!
Missing character: There is no ù in font phvr7t!
 [11

 <./Images/Q1Basis.png (PNG copy)> <./Images/Q2Basis.png (PNG copy)> <./Images/
Q2dBasis.png (PNG copy)>]
Missing character: There is no ‚ in font phvr7t!
Missing character: There is no Ä in font phvr7t!
Missing character: There is no ô in font phvr7t!

Overfull \hbox (5.78758pt too wide) detected at line 550
[][] [] \OMS/ztmcm/m/n/8 ^^A [] \OT1/ztmcm/m/n/8 = [][] [] \OT1/ptm/m/it/8 p[]\
OML/ztmcm/m/it/8 ^^^[]\OT1/ztmcm/m/n/8 ([] \OMS/ztmcm/m/n/8 ^^A []\OT1/ztmcm/m/
n/8 )
 []

[12

] <./Images/quad1.png, id=263, 309.34262pt x 295.8342pt>
File: ./Images/quad1.png Graphic file (type png)

<use ./Images/quad1.png>
<./Images/quad2.png, id=264, 309.34262pt x 296.50963pt>
File: ./Images/quad2.png Graphic file (type png)

<use ./Images/quad2.png>
<./Images/quad3.png, id=265, 309.34262pt x 296.50963pt>
File: ./Images/quad3.png Graphic file (type png)

<use ./Images/quad3.png>
<./Images/quad4.png, id=266, 309.34262pt x 296.50963pt>
File: ./Images/quad4.png Graphic file (type png)

<use ./Images/quad4.png> [13

 <./Images/quad1.png (PNG copy)> <./Images/quad2.png (PNG copy)> <./Images/quad
3.png (PNG copy)> <./Images/quad4.png (PNG copy)>]
LaTeX Font Info:    Font shape `OT1/phv/m/it' in size <8> not available
(Font)              Font shape `OT1/phv/m/sl' tried instead on input line 638.

[14

] [15

] <./Images/mixedElements.png, id=287, 639.62328pt x 373.50757pt>
File: ./Images/mixedElements.png Graphic file (type png)

<use ./Images/mixedElements.png> [16

 <./Images/mixedElements.png (PNG copy)>]
Missing character: There is no ‚ in font phvr7t!
Missing character: There is no Ä in font phvr7t!
Missing character: There is no ¶ in font phvr7t!

<./Images/Q2Points_Reference.png, id=294, 692.989pt x 688.974pt>
File: ./Images/Q2Points_Reference.png Graphic file (type png)

<use ./Images/Q2Points_Reference.png>
<./Images/Q2Basis_Reference.png, id=295, 749.199pt x 688.974pt>
File: ./Images/Q2Basis_Reference.png Graphic file (type png)

<use ./Images/Q2Basis_Reference.png>
Overfull \hbox (0.54463pt too wide) in paragraph at lines 760--760
 [] 
 []

<./Images/Q2Points_Physical.png, id=296, 657.657pt x 685.762pt>
File: ./Images/Q2Points_Physical.png Graphic file (type png)

<use ./Images/Q2Points_Physical.png>
<./Images/Q2Basis_Physical.png, id=297, 722.7pt x 699.413pt>
File: ./Images/Q2Basis_Physical.png Graphic file (type png)

<use ./Images/Q2Basis_Physical.png> [17

 <./Images/Q2Points_Reference.png (PNG copy)> <./Images/Q2Basis_Reference.png (
PNG copy)> <./Images/Q2Points_Physical.png (PNG copy)> <./Images/Q2Basis_Physic
al.png (PNG copy)>]
LaTeX Font Info:    Font shape `OT1/phv/bx/n' in size <5> not available
(Font)              Font shape `OT1/phv/b/n' tried instead on input line 811.
 [18

]
<./Images/GradPMesh_Acceleration_h2.png, id=311, 700.216pt x 691.383pt>
File: ./Images/GradPMesh_Acceleration_h2.png Graphic file (type png)

<use ./Images/GradPMesh_Acceleration_h2.png>
<./Images/GradPMesh_h1.png, id=312, 576.554pt x 569.327pt>
File: ./Images/GradPMesh_h1.png Graphic file (type png)

<use ./Images/GradPMesh_h1.png>
<./Images/GradPMesh_h2.png, id=313, 576.554pt x 569.327pt>
File: ./Images/GradPMesh_h2.png Graphic file (type png)

<use ./Images/GradPMesh_h2.png>
<./Images/GradPMesh_h3.png, id=314, 576.554pt x 569.327pt>
File: ./Images/GradPMesh_h3.png Graphic file (type png)

<use ./Images/GradPMesh_h3.png>
<./Images/GradPError_Lumped.png, id=315, 912.208pt x 744.381pt>
File: ./Images/GradPError_Lumped.png Graphic file (type png)

<use ./Images/GradPError_Lumped.png>
<./Images/GradPError_FullMass.png, id=316, 912.208pt x 729.927pt>
File: ./Images/GradPError_FullMass.png Graphic file (type png)

<use ./Images/GradPError_FullMass.png> [19

 <./Images/GradPMesh_Acceleration_h2.png (PNG copy)> <./Images/GradPMesh_h1.png
 (PNG copy)> <./Images/GradPMesh_h2.png (PNG copy)> <./Images/GradPMesh_h3.png 
(PNG copy)> <./Images/GradPError_Lumped.png (PNG copy)> <./Images/GradPError_Fu
llMass.png (PNG copy)>]
<./Images/SodVelocity_Compare.png, id=324, 864.028pt x 727.518pt>
File: ./Images/SodVelocity_Compare.png Graphic file (type png)

<use ./Images/SodVelocity_Compare.png>
<./Images/SodDensity_Compare.png, id=325, 868.043pt x 720.291pt>
File: ./Images/SodDensity_Compare.png Graphic file (type png)

<use ./Images/SodDensity_Compare.png> [20

 <./Images/SodVelocity_Compare.png (PNG copy)> <./Images/SodDensity_Compare.png
 (PNG copy)>]
<./Images/SodVelocityZoom_Compare.png, id=332, 864.028pt x 727.518pt>
File: ./Images/SodVelocityZoom_Compare.png Graphic file (type png)

<use ./Images/SodVelocityZoom_Compare.png>
<./Images/SodDensityZoom_Compare.png, id=333, 877.679pt x 734.745pt>
File: ./Images/SodDensityZoom_Compare.png Graphic file (type png)

<use ./Images/SodDensityZoom_Compare.png> [21

 <./Images/SodVelocityZoom_Compare.png (PNG copy)> <./Images/SodDensityZoom_Com
pare.png (PNG copy)>]
<./Images/AcousticWave.png, id=340, 420.11159pt x 410.6557pt>
File: ./Images/AcousticWave.png Graphic file (type png)

<use ./Images/AcousticWave.png> [22

 <./Images/AcousticWave.png (PNG copy)>]
<./Images/acousticQ1Q0_hgOFF.png, id=347, 828.696pt x 326.018pt>
File: ./Images/acousticQ1Q0_hgOFF.png Graphic file (type png)

<use ./Images/acousticQ1Q0_hgOFF.png>
<./Images/acousticQ1Q0_hgON.png, id=348, 827.09pt x 325.215pt>
File: ./Images/acousticQ1Q0_hgON.png Graphic file (type png)

<use ./Images/acousticQ1Q0_hgON.png>
Overfull \vbox (3.09184pt too high) detected at line 987
 []

[23

 <./Images/acousticQ1Q0_hgOFF.png (PNG copy)> <./Images/acousticQ1Q0_hgON.png (
PNG copy)>] <./Images/acousticQ2Q1_hgOFF.png, id=355, 827.09pt x 326.018pt>
File: ./Images/acousticQ2Q1_hgOFF.png Graphic file (type png)

<use ./Images/acousticQ2Q1_hgOFF.png>
<./Images/acousticQ2Q1_hgON.png, id=356, 827.09pt x 325.215pt>
File: ./Images/acousticQ2Q1_hgON.png Graphic file (type png)

<use ./Images/acousticQ2Q1_hgON.png>
Overfull \vbox (3.30576pt too high) detected at line 999
 []

[24

 <./Images/acousticQ2Q1_hgOFF.png (PNG copy)> <./Images/acousticQ2Q1_hgON.png (
PNG copy)>] <./Images/redLRarrow.png, id=363, 162.77635pt x 35.12187pt>
File: ./Images/redLRarrow.png Graphic file (type png)

<use ./Images/redLRarrow.png>
<./Images/hgmodesQ1Q0.png, id=364, 441.04962pt x 314.74599pt>
File: ./Images/hgmodesQ1Q0.png Graphic file (type png)

<use ./Images/hgmodesQ1Q0.png>
<./Images/hgmodesQ2Q1.png, id=365, 377.56009pt x 320.14935pt>
File: ./Images/hgmodesQ2Q1.png Graphic file (type png)

<use ./Images/hgmodesQ2Q1.png> [25

 <./Images/redLRarrow.png (PNG copy)> <./Images/hgmodesQ1Q0.png (PNG copy)> <./
Images/hgmodesQ2Q1.png (PNG copy)>]
<./Images/NohImplosion.png, id=373, 492.38159pt x 410.6557pt>
File: ./Images/NohImplosion.png Graphic file (type png)

<use ./Images/NohImplosion.png> [26

 <./Images/NohImplosion.png (PNG copy)>]
<./Images/NewNoh_Q1Q0.png, id=380, 767.668pt x 646.415pt>
File: ./Images/NewNoh_Q1Q0.png Graphic file (type png)

<use ./Images/NewNoh_Q1Q0.png> [27

 <./Images/NewNoh_Q1Q0.png (PNG copy)>]
<./Images/NewNoh_Q2Q1.png, id=387, 767.668pt x 646.415pt>
File: ./Images/NewNoh_Q2Q1.png Graphic file (type png)

<use ./Images/NewNoh_Q2Q1.png> [28

 <./Images/NewNoh_Q2Q1.png (PNG copy)>]
<./Images/SaltzmanPiston.png, id=394, 594.37009pt x 93.88345pt>
File: ./Images/SaltzmanPiston.png Graphic file (type png)

<use ./Images/SaltzmanPiston.png> [29

 <./Images/SaltzmanPiston.png (PNG copy)>] <./Images/Saltzman_Q1Q0.png, id=401,
 815.848pt x 547.646pt>
File: ./Images/Saltzman_Q1Q0.png Graphic file (type png)

<use ./Images/Saltzman_Q1Q0.png>
Overfull \vbox (3.32042pt too high) detected at line 1203
 []

[30

 <./Images/Saltzman_Q1Q0.png (PNG copy)>]
<./Images/Saltzman_Q2Q1.png, id=408, 815.848pt x 547.646pt>
File: ./Images/Saltzman_Q2Q1.png Graphic file (type png)

<use ./Images/Saltzman_Q2Q1.png>
Overfull \vbox (3.32042pt too high) detected at line 1219
 []

[31

 <./Images/Saltzman_Q2Q1.png (PNG copy)>]
<./Images/SedovExplosion.png, id=416, 420.11159pt x 410.6557pt>
File: ./Images/SedovExplosion.png Graphic file (type png)

<use ./Images/SedovExplosion.png> [32

 <./Images/SedovExplosion.png (PNG copy)>] <./Images/NewSedov_Q1Q0.png, id=423,
 756.426pt x 646.415pt>
File: ./Images/NewSedov_Q1Q0.png Graphic file (type png)

<use ./Images/NewSedov_Q1Q0.png> [33

 <./Images/NewSedov_Q1Q0.png (PNG copy)>]
<./Images/NewSedov_Q2Q1.png, id=430, 756.426pt x 646.415pt>
File: ./Images/NewSedov_Q2Q1.png Graphic file (type png)

<use ./Images/NewSedov_Q2Q1.png> [34

 <./Images/NewSedov_Q2Q1.png (PNG copy)>]
<./Images/NewSedov_Q2Q1Mod.png, id=437, 756.426pt x 646.415pt>
File: ./Images/NewSedov_Q2Q1Mod.png Graphic file (type png)

<use ./Images/NewSedov_Q2Q1Mod.png> [35

 <./Images/NewSedov_Q2Q1Mod.png (PNG copy)>] <./Images/SedovCompare.png, id=444
, 480.3546pt x 267.399pt>
File: ./Images/SedovCompare.png Graphic file (type png)

<use ./Images/SedovCompare.png> [36

 <./Images/SedovCompare.png>]
<./Images/SedovFullMeshCompare.png, id=452, 974.842pt x 443.256pt>
File: ./Images/SedovFullMeshCompare.png Graphic file (type png)

<use ./Images/SedovFullMeshCompare.png> [37

 <./Images/SedovFullMeshCompare.png>] <./Images/Sedov_Q1Q1_10x10.png, id=461, 6
21.522pt x 525.965pt>
File: ./Images/Sedov_Q1Q1_10x10.png Graphic file (type png)

<use ./Images/Sedov_Q1Q1_10x10.png>
Overfull \hbox (3.83588pt too wide) detected at line 1394
[][][] [][][][][][][][][] [][][][][][][][][] [][][][][][][] 
 []

[38

 <./Images/Sedov_Q1Q1_10x10.png (PNG copy)>]
<./Images/Noh_Q2Q2_30x30.png, id=468, 631.158pt x 525.965pt>
File: ./Images/Noh_Q2Q2_30x30.png Graphic file (type png)

<use ./Images/Noh_Q2Q2_30x30.png>
Overfull \hbox (3.83588pt too wide) detected at line 1428
[][][] [][][][][][][][][] [][][][][][][][][] [][][][][][][] 
 []

[39

 <./Images/Noh_Q2Q2_30x30.png (PNG copy)>] [40

] [41

]
<./Images/SedovCombined.png, id=487, 820.0236pt x 428.3202pt>
File: ./Images/SedovCombined.png Graphic file (type png)

<use ./Images/SedovCombined.png> [42

 <./Images/SedovCombined.png (PNG copy)>]
\tf@nav=\write5
\openout5 = `defense.nav'.

\tf@toc=\write6
\openout6 = `defense.toc'.

\tf@snm=\write7
\openout7 = `defense.snm'.


(./defense.aux) ) 
Here is how much of TeX's memory you used:
 12844 strings out of 94074
 233874 string characters out of 1165154
 320219 words of memory out of 1500000
 15572 multiletter control sequences out of 10000+50000
 70210 words of font info for 147 fonts, out of 1200000 for 2000
 645 hyphenation exceptions out of 8191
 41i,18n,57p,342b,818s stack positions out of 5000i,500n,6000p,200000b,5000s
{/usr/share/texmf-texlive/fonts/enc/dvips/base/8r.enc}</usr/sh
are/texmf-texlive/fonts/type1/bluesky/cm/cmex10.pfb></usr/share/texmf-texlive/f
onts/type1/bluesky/cm/cmmi10.pfb></usr/share/texmf-texlive/fonts/type1/bluesky/
cm/cmr10.pfb></usr/share/texmf-texlive/fonts/type1/bluesky/cm/cmsy10.pfb></usr/
share/texmf-texlive/fonts/type1/bluesky/cm/cmtt10.pfb></usr/share/texmf-texlive
/fonts/type1/bluesky/cm/cmtt8.pfb></usr/share/texmf-texlive/fonts/type1/urw/hel
vetic/uhvb8a.pfb></usr/share/texmf-texlive/fonts/type1/urw/helvetic/uhvr8a.pfb>
</usr/share/texmf-texlive/fonts/type1/urw/helvetic/uhvro8a.pfb></usr/share/texm
f-texlive/fonts/type1/urw/symbol/usyr.pfb></usr/share/texmf-texlive/fonts/type1
/urw/symbol/usyr.pfb></usr/share/texmf-texlive/fonts/type1/urw/times/utmb8a.pfb
></usr/share/texmf-texlive/fonts/type1/urw/times/utmr8a.pfb></usr/share/texmf-t
exlive/fonts/type1/urw/times/utmri8a.pfb>
Output written on defense.pdf (42 pages, 8003165 bytes).
PDF statistics:
 560 PDF objects out of 1000 (max. 8388607)
 84 named destinations out of 1000 (max. 131072)
 764 words of extra memory for PDF output out of 10000 (max. 10000000)

