This is pdfTeXk, Version 3.141592-1.40.3 (Web2C 7.5.6) (format=pdflatex 2010.5.14)  9 SEP 2010 17:34
entering extended mode
 %&-line parsing enabled.
**HW1.tex
(./HW1.tex
LaTeX2e <2005/12/01>
Babel <v3.8h> and hyphenation patterns for english, usenglishmax, dumylang, noh
yphenation, croatian, ukrainian, russian, bulgarian, czech, slovak, danish, dut
ch, finnish, basque, french, german, ngerman, ibycus, greek, monogreek, ancient
greek, hungarian, italian, latin, mongolian, norsk, icelandic, interlingua, tur
kish, coptic, romanian, welsh, serbian, slovenian, estonian, esperanto, upperso
rbian, indonesian, polish, portuguese, spanish, catalan, galician, swedish, loa
ded.
(/usr/share/texmf-texlive/tex/latex/base/article.cls
Document Class: article 2005/09/16 v1.4f Standard LaTeX document class
(/usr/share/texmf-texlive/tex/latex/base/size10.clo
File: size10.clo 2005/09/16 v1.4f Standard LaTeX file (size option)
)
\c@part=\count79
\c@section=\count80
\c@subsection=\count81
\c@subsubsection=\count82
\c@paragraph=\count83
\c@subparagraph=\count84
\c@figure=\count85
\c@table=\count86
\abovecaptionskip=\skip41
\belowcaptionskip=\skip42
\bibindent=\dimen102
) (./HW1.aux)
\openout1 = `HW1.aux'.

LaTeX Font Info:    Checking defaults for OML/cmm/m/it on input line 10.
LaTeX Font Info:    ... okay on input line 10.
LaTeX Font Info:    Checking defaults for T1/cmr/m/n on input line 10.
LaTeX Font Info:    ... okay on input line 10.
LaTeX Font Info:    Checking defaults for OT1/cmr/m/n on input line 10.
LaTeX Font Info:    ... okay on input line 10.
LaTeX Font Info:    Checking defaults for OMS/cmsy/m/n on input line 10.
LaTeX Font Info:    ... okay on input line 10.
LaTeX Font Info:    Checking defaults for OMX/cmex/m/n on input line 10.
LaTeX Font Info:    ... okay on input line 10.
LaTeX Font Info:    Checking defaults for U/cmr/m/n on input line 10.
LaTeX Font Info:    ... okay on input line 10.
LaTeX Font Info:    External font `cmex10' loaded for size
(Font)              <12> on input line 12.
LaTeX Font Info:    External font `cmex10' loaded for size
(Font)              <8> on input line 12.
LaTeX Font Info:    External font `cmex10' loaded for size
(Font)              <6> on input line 12.
 [1

{/var/lib/texmf/fonts/map/pdftex/updmap/pdftex.map}]
Overfull \hbox (53.99652pt too wide) in paragraph at lines 71--71
[]\OT1/cmtt/m/n/10 getent passwd | cut -f1 -d: | awk ' {if ( length == 10) {pri
nt $0}}' | wc -l[] 
 []


Overfull \hbox (59.24648pt too wide) in paragraph at lines 75--75
[]\OT1/cmtt/m/n/10 getent passwd | cut -f1 -d: | awk ' {if ( length == 10) {x=x
+1}}END{print x}'[] 
 []


Overfull \hbox (38.24666pt too wide) in paragraph at lines 83--83
[]\OT1/cmtt/m/n/10 getent passwd | cut -f5 -d: | awk 'BEGIN{x="wwwwwwwwwwwww"}/
[[:alpha:]]+\[] 
 []


Overfull \hbox (64.49643pt too wide) in paragraph at lines 83--83
[]\OT1/cmtt/m/n/10 [[:alpha:]]+/ {if (length < x && length >1){x=length;name=$0
}}END{print name}'[] 
 []

[2] (./HW1.aux) ) 
Here is how much of TeX's memory you used:
 228 strings out of 94101
 2394 string characters out of 1165810
 49703 words of memory out of 1500000
 3581 multiletter control sequences out of 10000+50000
 7448 words of font info for 27 fonts, out of 1200000 for 2000
 637 hyphenation exceptions out of 8191
 23i,6n,19p,119b,243s stack positions out of 5000i,500n,6000p,200000b,5000s
</usr/share/texmf-texlive/fonts/type1/bluesky/cm/cmbx12.pfb></
usr/share/texmf-texlive/fonts/type1/bluesky/cm/cmr10.pfb></usr/share/texmf-texl
ive/fonts/type1/bluesky/cm/cmr12.pfb></usr/share/texmf-texlive/fonts/type1/blue
sky/cm/cmr17.pfb></usr/share/texmf-texlive/fonts/type1/bluesky/cm/cmtt10.pfb>
Output written on HW1.pdf (2 pages, 41199 bytes).
PDF statistics:
 29 PDF objects out of 1000 (max. 8388607)
 0 named destinations out of 1000 (max. 131072)
 1 words of extra memory for PDF output out of 10000 (max. 10000000)

