This is pdfTeXk, Version 3.141592-1.40.3 (Web2C 7.5.6) (format=pdflatex 2010.5.14)  17 SEP 2010 11:10
entering extended mode
 %&-line parsing enabled.
**HW2.tex
(./HW2.tex
LaTeX2e <2005/12/01>
Babel <v3.8h> and hyphenation patterns for english, usenglishmax, dumylang, noh
yphenation, croatian, ukrainian, russian, bulgarian, czech, slovak, danish, dut
ch, finnish, basque, french, german, ngerman, ibycus, greek, monogreek, ancient
greek, hungarian, italian, latin, mongolian, norsk, icelandic, interlingua, tur
kish, coptic, romanian, welsh, serbian, slovenian, estonian, esperanto, upperso
rbian, indonesian, polish, portuguese, spanish, catalan, galician, swedish, loa
ded.
(/usr/share/texmf-texlive/tex/latex/base/article.cls
Document Class: article 2005/09/16 v1.4f Standard LaTeX document class
(/usr/share/texmf-texlive/tex/latex/base/size10.clo
File: size10.clo 2005/09/16 v1.4f Standard LaTeX file (size option)
)
\c@part=\count79
\c@section=\count80
\c@subsection=\count81
\c@subsubsection=\count82
\c@paragraph=\count83
\c@subparagraph=\count84
\c@figure=\count85
\c@table=\count86
\abovecaptionskip=\skip41
\belowcaptionskip=\skip42
\bibindent=\dimen102
) (./HW2.aux)
\openout1 = `HW2.aux'.

LaTeX Font Info:    Checking defaults for OML/cmm/m/it on input line 10.
LaTeX Font Info:    ... okay on input line 10.
LaTeX Font Info:    Checking defaults for T1/cmr/m/n on input line 10.
LaTeX Font Info:    ... okay on input line 10.
LaTeX Font Info:    Checking defaults for OT1/cmr/m/n on input line 10.
LaTeX Font Info:    ... okay on input line 10.
LaTeX Font Info:    Checking defaults for OMS/cmsy/m/n on input line 10.
LaTeX Font Info:    ... okay on input line 10.
LaTeX Font Info:    Checking defaults for OMX/cmex/m/n on input line 10.
LaTeX Font Info:    ... okay on input line 10.
LaTeX Font Info:    Checking defaults for U/cmr/m/n on input line 10.
LaTeX Font Info:    ... okay on input line 10.
LaTeX Font Info:    External font `cmex10' loaded for size
(Font)              <12> on input line 12.
LaTeX Font Info:    External font `cmex10' loaded for size
(Font)              <8> on input line 12.
LaTeX Font Info:    External font `cmex10' loaded for size
(Font)              <6> on input line 12.

Overfull \hbox (6.74693pt too wide) in paragraph at lines 50--50
[]\OT1/cmtt/m/n/10 for LETTER in {a..z}; do echo -n $LETTER:; grep -i "^$LETTER
" words[] 
 []

[1

{/var/lib/texmf/fonts/map/pdftex/updmap/pdftex.map}] [2] [3]
Overfull \hbox (17.24684pt too wide) in paragraph at lines 130--130
[]\OT1/cmtt/m/n/10 wc -l `find . -printf '%s %p\n' | sort -nr | head -1 | cut -
f2 -d' '`[] 
 []


Overfull \hbox (38.24666pt too wide) in paragraph at lines 154--154
[]\OT1/cmtt/m/n/10 getent passwd | cut -f5 -d: | awk 'BEGIN{x="wwwwwwwwwwwww"}/
[[:alpha:]]+\[] 
 []


Overfull \hbox (64.49643pt too wide) in paragraph at lines 154--154
[]\OT1/cmtt/m/n/10 [[:alpha:]]+/ {if (length < x && length >1){x=length;name=$0
}}END{print name}'[] 
 []

[4]
Overfull \hbox (69.74638pt too wide) in paragraph at lines 163--163
[]\OT1/cmtt/m/n/10 getent passwd | cut -f5 -d: | awk '{ if (NF==2 && length=='`
getent passwd | cut[] 
 []


Overfull \hbox (59.24648pt too wide) in paragraph at lines 163--163
[]\OT1/cmtt/m/n/10 -f5 -d: | awk '{if(NF==2) {print 1+length($1)+length($2)} }'
 | sort -n | head[] 
 []

[5] (./HW2.aux) ) 
Here is how much of TeX's memory you used:
 233 strings out of 94101
 2451 string characters out of 1165810
 49703 words of memory out of 1500000
 3584 multiletter control sequences out of 10000+50000
 8409 words of font info for 30 fonts, out of 1200000 for 2000
 637 hyphenation exceptions out of 8191
 23i,6n,19p,119b,248s stack positions out of 5000i,500n,6000p,200000b,5000s
</usr/share/texmf-texlive/fonts/type1/bluesky/cm/cmbx10.pfb></
usr/share/texmf-texlive/fonts/type1/bluesky/cm/cmbx12.pfb></usr/share/texmf-tex
live/fonts/type1/bluesky/cm/cmr10.pfb></usr/share/texmf-texlive/fonts/type1/blu
esky/cm/cmr12.pfb></usr/share/texmf-texlive/fonts/type1/bluesky/cm/cmr17.pfb></
usr/share/texmf-texlive/fonts/type1/bluesky/cm/cmti10.pfb></usr/share/texmf-tex
live/fonts/type1/bluesky/cm/cmtt10.pfb>
Output written on HW2.pdf (5 pages, 59575 bytes).
PDF statistics:
 46 PDF objects out of 1000 (max. 8388607)
 0 named destinations out of 1000 (max. 131072)
 1 words of extra memory for PDF output out of 10000 (max. 10000000)

