This is pdfTeXk, Version 3.141592-1.40.3 (Web2C 7.5.6) (format=latex 2009.10.31)  22 DEC 2009 14:25
entering extended mode
 %&-line parsing enabled.
**bib
(/usr/share/texmf-texlive/tex/latex/tools/q.tex
LaTeX2e <2005/12/01>
Babel <v3.8h> and hyphenation patterns for english, usenglishmax, dumylang, noh
yphenation, loaded.
File ignored
)
! Emergency stop.
<*> bib
       
*** (job aborted, no legal \end found)

 
Here is how much of TeX's memory you used:
 7 strings out of 95087
 239 string characters out of 1183277
 45034 words of memory out of 1500000
 3277 multiletter control sequences out of 10000+50000
 3640 words of font info for 14 fonts, out of 1200000 for 2000
 28 hyphenation exceptions out of 8191
 5i,0n,1p,88b,8s stack positions out of 5000i,500n,6000p,200000b,5000s
No pages of output.
