This is pdfTeXk, Version 3.141592-1.40.3 (Web2C 7.5.6) (format=pdflatex 2010.4.1)  13 APR 2010 15:26
entering extended mode
 %&-line parsing enabled.
**thesis.tex
(./thesis.tex
LaTeX2e <2005/12/01>
Babel <v3.8h> and hyphenation patterns for english, usenglishmax, dumylang, noh
yphenation, arabic, farsi, croatian, ukrainian, russian, bulgarian, czech, slov
ak, danish, dutch, finnish, basque, french, german, ngerman, ibycus, greek, mon
ogreek, ancientgreek, hungarian, italian, latin, mongolian, norsk, icelandic, i
nterlingua, turkish, coptic, romanian, welsh, serbian, slovenian, estonian, esp
eranto, uppersorbian, indonesian, polish, portuguese, spanish, catalan, galicia
n, swedish, ukenglish, pinyin, loaded.
(./ucthesis.cls
Document Class: ucthesis 1996/06/26 JTW's modification of 1994/10/31 v3.0 Unive
rsity of California Thesis Class
(./uct12.clo)
\descriptionmargin=\dimen102
\c@part=\count79
\c@chapter=\count80
\c@section=\count81
\c@subsection=\count82
\c@subsubsection=\count83
\c@paragraph=\count84
\c@subparagraph=\count85
\abovecaptionskip=\skip41
\belowcaptionskip=\skip42
\c@figure=\count86
\c@table=\count87
) (/usr/share/texmf-texlive/tex/latex/natbib/natbib.sty
Package: natbib 2007/02/05 8.0 (PWD)
\bibhang=\skip43
\bibsep=\skip44
LaTeX Info: Redefining \cite on input line 602.
\c@NAT@ctr=\count88
)
(/usr/share/texmf-texlive/tex/latex/tools/verbatim.sty
Package: verbatim 2003/08/22 v1.5q LaTeX2e package for verbatim enhancements
\every@verbatim=\toks14
\verbatim@line=\toks15
\verbatim@in@stream=\read1
)
(/usr/share/texmf-texlive/tex/latex/vector/vector.sty
Package: vector 1994/09/16 v1.0 vector macros for LaTeX2e (nde)

(/usr/share/texmf-texlive/tex/latex/base/ifthen.sty
Package: ifthen 2001/05/26 v1.1c Standard LaTeX ifthen package (DPC)
)
(/usr/share/texmf-texlive/tex/latex/tools/calc.sty
Package: calc 2005/08/06 v4.2 Infix arithmetic (KKT,FJ)
\calc@Acount=\count89
\calc@Bcount=\count90
\calc@Adimen=\dimen103
\calc@Bdimen=\dimen104
\calc@Askip=\skip45
\calc@Bskip=\skip46
LaTeX Info: Redefining \setlength on input line 75.
LaTeX Info: Redefining \addtolength on input line 76.
\calc@Ccount=\count91
\calc@Cskip=\skip47
)
\c@vec@elem=\count92
)
(/usr/share/texmf-texlive/tex/latex/ltxmisc/url.sty
\Urlmuskip=\muskip10
Package: url 2005/06/27  ver 3.2  Verb mode for urls, etc.
)
(/usr/share/texmf-texlive/tex/latex/graphics/graphicx.sty
Package: graphicx 1999/02/16 v1.0f Enhanced LaTeX Graphics (DPC,SPQR)

(/usr/share/texmf-texlive/tex/latex/graphics/keyval.sty
Package: keyval 1999/03/16 v1.13 key=value parser (DPC)
\KV@toks@=\toks16
)
(/usr/share/texmf-texlive/tex/latex/graphics/graphics.sty
Package: graphics 2006/02/20 v1.0o Standard LaTeX Graphics (DPC,SPQR)

(/usr/share/texmf-texlive/tex/latex/graphics/trig.sty
Package: trig 1999/03/16 v1.09 sin cos tan (DPC)
)
(/etc/texmf/tex/latex/config/graphics.cfg
File: graphics.cfg 2007/01/18 v1.5 graphics configuration of teTeX/TeXLive
)
Package graphics Info: Driver file: pdftex.def on input line 90.

(/usr/share/texmf-texlive/tex/latex/pdftex-def/pdftex.def
File: pdftex.def 2007/01/08 v0.04d Graphics/color for pdfTeX
\Gread@gobject=\count93
))
\Gin@req@height=\dimen105
\Gin@req@width=\dimen106
)
(/usr/share/texmf-texlive/tex/latex/hyperref/hyperref.sty
Package: hyperref 2007/02/07 v6.75r Hypertext links for LaTeX
\@linkdim=\dimen107
\Hy@linkcounter=\count94
\Hy@pagecounter=\count95

(/usr/share/texmf-texlive/tex/latex/hyperref/pd1enc.def
File: pd1enc.def 2007/02/07 v6.75r Hyperref: PDFDocEncoding definition (HO)
)
(/etc/texmf/tex/latex/config/hyperref.cfg
File: hyperref.cfg 2002/06/06 v1.2 hyperref configuration of TeXLive
)
(/usr/share/texmf-texlive/tex/latex/oberdiek/kvoptions.sty
Package: kvoptions 2006/08/22 v2.4 Connects package keyval with LaTeX options (
HO)
)
Package hyperref Info: Option `plainpages' set `false' on input line 2238.
Package hyperref Info: Option `breaklinks' set `true' on input line 2238.
Package hyperref Info: Option `colorlinks' set `true' on input line 2238.
Package hyperref Info: Option `bookmarks' set `true' on input line 2238.
Package hyperref Info: Option `bookmarksopen' set `true' on input line 2238.
Package hyperref Info: Hyper figures OFF on input line 2288.
Package hyperref Info: Link nesting OFF on input line 2293.
Package hyperref Info: Hyper index ON on input line 2296.
Package hyperref Info: Plain pages OFF on input line 2303.
Package hyperref Info: Backreferencing OFF on input line 2308.

Implicit mode ON; LaTeX internals redefined
Package hyperref Info: Bookmarks ON on input line 2444.
LaTeX Info: Redefining \url on input line 2599.
\Fld@menulength=\count96
\Field@Width=\dimen108
\Fld@charsize=\dimen109
\Choice@toks=\toks17
\Field@toks=\toks18
Package hyperref Info: Hyper figures OFF on input line 3102.
Package hyperref Info: Link nesting OFF on input line 3107.
Package hyperref Info: Hyper index ON on input line 3110.
Package hyperref Info: backreferencing OFF on input line 3117.
Package hyperref Info: Link coloring ON on input line 3120.
\Hy@abspage=\count97
\c@Item=\count98
\c@Hfootnote=\count99
)
*hyperref using driver hpdftex*
(/usr/share/texmf-texlive/tex/latex/hyperref/hpdftex.def
File: hpdftex.def 2007/02/07 v6.75r Hyperref driver for pdfTeX
\Fld@listcount=\count100
)
(/usr/share/texmf-texlive/tex/latex/amsfonts/amssymb.sty
Package: amssymb 2002/01/22 v2.2d

(/usr/share/texmf-texlive/tex/latex/amsfonts/amsfonts.sty
Package: amsfonts 2001/10/25 v2.2f
\@emptytoks=\toks19
\symAMSa=\mathgroup4
\symAMSb=\mathgroup5
LaTeX Font Info:    Overwriting math alphabet `\mathfrak' in version `bold'
(Font)                  U/euf/m/n --> U/euf/b/n on input line 132.
))
(/usr/share/texmf-texlive/tex/latex/amsmath/amsmath.sty
Package: amsmath 2000/07/18 v2.13 AMS math features
\@mathmargin=\skip48

For additional information on amsmath, use the `?' option.
(/usr/share/texmf-texlive/tex/latex/amsmath/amstext.sty
Package: amstext 2000/06/29 v2.01

(/usr/share/texmf-texlive/tex/latex/amsmath/amsgen.sty
File: amsgen.sty 1999/11/30 v2.0
\@emptytoks=\toks20
\ex@=\dimen110
))
(/usr/share/texmf-texlive/tex/latex/amsmath/amsbsy.sty
Package: amsbsy 1999/11/29 v1.2d
\pmbraise@=\dimen111
)
(/usr/share/texmf-texlive/tex/latex/amsmath/amsopn.sty
Package: amsopn 1999/12/14 v2.01 operator names
)
\inf@bad=\count101
LaTeX Info: Redefining \frac on input line 211.
\uproot@=\count102
\leftroot@=\count103
LaTeX Info: Redefining \overline on input line 307.
\classnum@=\count104
\DOTSCASE@=\count105
LaTeX Info: Redefining \ldots on input line 379.
LaTeX Info: Redefining \dots on input line 382.
LaTeX Info: Redefining \cdots on input line 467.
\Mathstrutbox@=\box26
\strutbox@=\box27
\big@size=\dimen112
LaTeX Font Info:    Redeclaring font encoding OML on input line 567.
LaTeX Font Info:    Redeclaring font encoding OMS on input line 568.
\macc@depth=\count106
\c@MaxMatrixCols=\count107
\dotsspace@=\muskip11
\c@parentequation=\count108
\dspbrk@lvl=\count109
\tag@help=\toks21
\row@=\count110
\column@=\count111
\maxfields@=\count112
\andhelp@=\toks22
\eqnshift@=\dimen113
\alignsep@=\dimen114
\tagshift@=\dimen115
\tagwidth@=\dimen116
\totwidth@=\dimen117
\lineht@=\dimen118
\@envbody=\toks23
\multlinegap=\skip49
\multlinetaggap=\skip50
\mathdisplay@stack=\toks24
LaTeX Info: Redefining \[ on input line 2666.
LaTeX Info: Redefining \] on input line 2667.
)
(/usr/share/texmf-texlive/tex/latex/geometry/geometry.sty
Package: geometry 2002/07/08 v3.2 Page Geometry
\Gm@cnth=\count113
\Gm@cntv=\count114
\c@Gm@tempcnt=\count115
\Gm@bindingoffset=\dimen119
\Gm@wd@mp=\dimen120
\Gm@odd@mp=\dimen121
\Gm@even@mp=\dimen122
\Gm@dimlist=\toks25

(/usr/share/texmf-texlive/tex/xelatex/xetexconfig/geometry.cfg))
(/usr/share/texmf-texlive/tex/latex/textcase/textcase.sty
Package: textcase 2004/10/07 v0.07 Text only upper/lower case changing (DPC)
)
(/usr/share/texmf-texlive/tex/latex/fancyhdr/fancyhdr.sty
\fancy@headwidth=\skip51
\f@ncyO@elh=\skip52
\f@ncyO@erh=\skip53
\f@ncyO@olh=\skip54
\f@ncyO@orh=\skip55
\f@ncyO@elf=\skip56
\f@ncyO@erf=\skip57
\f@ncyO@olf=\skip58
\f@ncyO@orf=\skip59
)
(/usr/share/texmf-texlive/tex/latex/setspace/setspace.sty
Package: setspace 2000/12/01 6.7 Contributed and Supported LaTeX2e package

Package: `setspace' 6.7 <2000/12/01>
) (/usr/share/texmf-texlive/tex/latex/tools/longtable.sty
Package: longtable 2004/02/01 v4.11 Multi-page Table package (DPC)
\LTleft=\skip60
\LTright=\skip61
\LTpre=\skip62
\LTpost=\skip63
\LTchunksize=\count116
\LTcapwidth=\dimen123
\LT@head=\box28
\LT@firsthead=\box29
\LT@foot=\box30
\LT@lastfoot=\box31
\LT@cols=\count117
\LT@rows=\count118
\c@LT@tables=\count119
\c@LT@chunks=\count120
\LT@p@ftn=\toks26
)
(/usr/share/texmf-texlive/tex/latex/textpos/textpos.sty
Package: textpos 2006/09/02 v1.7a

Package: `textpos' 1.7a <2006 September 2>
(/usr/share/texmf-texlive/tex/latex/everyshi/everyshi.sty
Package: everyshi 2001/05/15 v3.00 EveryShipout Package (MS)
)
\TP@textbox=\box32
\TP@holdbox=\box33
\TPHorizModule=\dimen124
\TPVertModule=\dimen125
\TP@margin=\dimen126
\TP@absmargin=\dimen127

Grid set 16 x 16 = 38.39343pt x 49.68562pt
\TPboxrulesize=\dimen128
\TP@ox=\dimen129
\TP@oy=\dimen130
\TP@tbargs=\toks27
\TP@prevdepth=\dimen131
TextBlockOrigin set to 0pt x 0pt
) (/usr/share/texmf-texlive/tex/latex/subfigure/subfigure.sty
Package: subfigure 2002/03/15 v2.1.5 subfigure package


Package subfigure Warning: Your document class has a bad definition
 of \endfigure, most likely
 \let\endfigure=\end@float
 which has now been changed to
 \def\endfigure{\end@float}
 because otherwise subsequent changes to \end@float
 (like done by several packages changing float behaviour)
 can't take effect on \endfigure.
 Please complain to your document class author.


Package subfigure Warning: Your document class has a bad definition
 of \endtable, most likely
 \let\endtable=\end@float
 which has now been changed to
 \def\endtable{\end@float}
 because otherwise subsequent changes to \end@float
 (like done by several packages changing float behaviour)
 can't take effect on \endtable.
 Please complain to your document class author.

\subfigtopskip=\skip64
\subfigcapskip=\skip65
\subfigcaptopadj=\dimen132
\subfigbottomskip=\skip66
\subfigcapmargin=\dimen133
\subfiglabelskip=\skip67
\c@subfigure=\count121
\c@lofdepth=\count122
\c@subtable=\count123
\c@lotdepth=\count124
****************************************
* Local config file subfigure.cfg used *
****************************************
(/usr/share/texmf-texlive/tex/latex/subfigure/subfigure.cfg)
\subfig@top=\skip68
\subfig@bottom=\skip69
) (./changepage.sty
Package: changepage 2009/10/20 v1.0c check page and change page layout
\c@cp@cntr=\count125
\cp@tempcnt=\count126
) (./thesis.aux)
\openout1 = `thesis.aux'.

LaTeX Font Info:    Checking defaults for OML/cmm/m/it on input line 176.
LaTeX Font Info:    ... okay on input line 176.
LaTeX Font Info:    Checking defaults for T1/cmr/m/n on input line 176.
LaTeX Font Info:    ... okay on input line 176.
LaTeX Font Info:    Checking defaults for OT1/cmr/m/n on input line 176.
LaTeX Font Info:    ... okay on input line 176.
LaTeX Font Info:    Checking defaults for OMS/cmsy/m/n on input line 176.
LaTeX Font Info:    ... okay on input line 176.
LaTeX Font Info:    Checking defaults for OMX/cmex/m/n on input line 176.
LaTeX Font Info:    ... okay on input line 176.
LaTeX Font Info:    Checking defaults for U/cmr/m/n on input line 176.
LaTeX Font Info:    ... okay on input line 176.
LaTeX Font Info:    Checking defaults for PD1/pdf/m/n on input line 176.
LaTeX Font Info:    ... okay on input line 176.
 (/usr/share/texmf/tex/context/base/supp-pdf.tex
[Loading MPS to PDF converter (version 2006.09.02).]
\scratchcounter=\count127
\scratchdimen=\dimen134
\scratchbox=\box34
\nofMPsegments=\count128
\nofMParguments=\count129
\everyMPshowfont=\toks28
\MPscratchCnt=\count130
\MPscratchDim=\dimen135
\MPnumerator=\count131
\everyMPtoPDFconversion=\toks29
) (/usr/share/texmf-texlive/tex/latex/graphics/color.sty
Package: color 2005/11/14 v1.0j Standard LaTeX Color (DPC)
LaTeX Info: Redefining \color on input line 76.

(/etc/texmf/tex/latex/config/color.cfg
File: color.cfg 2007/01/18 v1.5 color configuration of teTeX/TeXLive
)
Package color Info: Driver file: pdftex.def on input line 130.
)
Package hyperref Info: Link coloring ON on input line 176.

(/usr/share/texmf-texlive/tex/latex/hyperref/nameref.sty
Package: nameref 2006/12/27 v2.28 Cross-referencing by name of section

(/usr/share/texmf-texlive/tex/latex/oberdiek/refcount.sty
Package: refcount 2006/02/20 v3.0 Data extraction from references (HO)
)
\c@section@level=\count132
)
LaTeX Info: Redefining \ref on input line 176.
LaTeX Info: Redefining \pageref on input line 176.
 (./thesis.out)
(./thesis.out)
\@outlinefile=\write3
\openout3 = `thesis.out'.


-------------------- Geometry parameters
paper: letterpaper
landscape: --
twocolumn: --
twoside: --
asymmetric: --
h-parts: 108.405pt, 411.93878pt, 93.95122pt
v-parts: 90.3375pt, 632.3625pt, 72.26999pt
hmarginratio: --
vmarginratio: --
lines: --
heightrounded: --
bindingoffset: 0.0pt
truedimen: --
includehead: --
includefoot: --
includemp: --
driver: pdftex
-------------------- Page layout dimensions and switches
\paperwidth  614.295pt
\paperheight 794.96999pt
\textwidth  411.93878pt
\textheight 632.3625pt
\oddsidemargin  36.13501pt
\evensidemargin 36.13501pt
\topmargin  18.0675pt
\headheight 0.0pt
\headsep    0.0pt
\footskip   30.0pt
\marginparwidth 0.0pt
\marginparsep   10.0pt
\columnsep  10.0pt
\skip\footins  10.8pt plus 4.0pt minus 2.0pt
\hoffset 0.0pt
\voffset 0.0pt
\mag 1000

(1in=72.27pt, 1cm=28.45pt)
-----------------------
ABD: EveryShipout initializing macros [1

{/var/lib/texmf/fonts/map/pdftex/updmap/pdftex.map}]
LaTeX Font Info:    Try loading font information for OMS+cmr on input line 195.

 (/usr/share/texmf-texlive/tex/latex/base/omscmr.fd
File: omscmr.fd 1999/05/25 v2.5h Standard LaTeX font definitions
)
LaTeX Font Info:    Font shape `OMS/cmr/m/n' in size <12> not available
(Font)              Font shape `OMS/cmsy/m/n' tried instead on input line 195.
 [2]
LaTeX Font Info:    Try loading font information for U+msa on input line 198.

(/usr/share/texmf-texlive/tex/latex/amsfonts/umsa.fd
File: umsa.fd 2002/01/19 v2.2g AMS font definitions
)
LaTeX Font Info:    Try loading font information for U+msb on input line 198.

(/usr/share/texmf-texlive/tex/latex/amsfonts/umsb.fd
File: umsb.fd 2002/01/19 v2.2g AMS font definitions
) [3] [4] [5] (./thesis.toc [6

] [7] [8])
\tf@toc=\write4
\openout4 = `thesis.toc'.

 [9] (./thesis.lot)
\tf@lot=\write5
\openout5 = `thesis.lot'.

 [10

] (./thesis.lof
Missing character: There is no ‚ in font cmr12!
Missing character: There is no Ä in font cmr12!
Missing character: There is no ú in font cmr12!
Missing character: There is no ‚ in font cmr12!
Missing character: There is no Ä in font cmr12!
Missing character: There is no ù in font cmr12!
Missing character: There is no ‚ in font cmr12!
Missing character: There is no Ä in font cmr12!
Missing character: There is no ú in font cmr12!
Missing character: There is no ‚ in font cmr12!
Missing character: There is no Ä in font cmr12!
Missing character: There is no ù in font cmr12!
Missing character: There is no Ô in font cmr12!
Missing character: There is no ¨ in font cmr12!
Missing character: There is no Å in font cmr12!
 [11

] [12] [13]
Missing character: There is no Ô in font cmr12!
Missing character: There is no ¨ in font cmr12!
Missing character: There is no Å in font cmr12!
 [14])
\tf@lof=\write6
\openout6 = `thesis.lof'.


[15] [16

] (./Chapters/Chapter1.tex
Chapter 1.
pdfTeX warning (ext4): destination with the same identifier (name{page.1}) has 
been already used, duplicate ignored
<to be read again> 
                   \relax 
l.9 
     [1

] [2] <./Figures/HGExample.png, id=856, 857.2025pt x 866.23625pt>
File: ./Figures/HGExample.png Graphic file (type png)

<use ./Figures/HGExample.png>
Missing character: There is no ‚ in font cmbx12!
Missing character: There is no Ä in font cmbx12!
Missing character: There is no ú in font cmbx12!
Missing character: There is no ‚ in font cmbx12!
Missing character: There is no Ä in font cmbx12!
Missing character: There is no ù in font cmbx12!
Missing character: There is no ‚ in font cmbx12!
Missing character: There is no Ä in font cmbx12!
Missing character: There is no ú in font cmbx12!
Missing character: There is no ‚ in font cmbx12!
Missing character: There is no Ä in font cmbx12!
Missing character: There is no ù in font cmbx12!
Missing character: There is no ‚ in font cmbx12!
Missing character: There is no Ä in font cmbx12!
Missing character: There is no ú in font cmbx12!
Missing character: There is no ‚ in font cmbx12!
Missing character: There is no Ä in font cmbx12!
Missing character: There is no ù in font cmbx12!
Missing character: There is no ‚ in font cmbx12!
Missing character: There is no Ä in font cmbx12!
Missing character: There is no ú in font cmbx12!
Missing character: There is no ‚ in font cmbx12!
Missing character: There is no Ä in font cmbx12!
Missing character: There is no ù in font cmbx12!


LaTeX Warning: `!h' float specifier changed to `!ht'.

<./Figures/Noh_SymmetryBreak.png, id=857, 847.165pt x 847.165pt>
File: ./Figures/Noh_SymmetryBreak.png Graphic file (type png)

<use ./Figures/Noh_SymmetryBreak.png>
Missing character: There is no Ô in font cmbx12!
Missing character: There is no ¨ in font cmbx12!
Missing character: There is no Å in font cmbx12!
Missing character: There is no Ô in font cmbx12!
Missing character: There is no ¨ in font cmbx12!
Missing character: There is no Å in font cmbx12!


LaTeX Warning: `!h' float specifier changed to `!ht'.

[3]) [4 <./Figures/HGExample.png (PNG copy)>] (./Chapters/Chapter2.tex [5 <./Fi
gures/Noh_SymmetryBreak.png (PNG copy)>]
Chapter 2.
[6

] [7]
Overfull \hbox (30.66887pt too wide) in paragraph at lines 52--52
[]\OT1/cmr/bx/n/17.28 A Brief Sum-mary of the Fi-nite El-e-ment Method 
 []

[8] [9] <./Figures/Q1Basis.png, id=902, 718.685pt x 461.725pt>
File: ./Figures/Q1Basis.png Graphic file (type png)

<use ./Figures/Q1Basis.png>
<./Figures/Q2Basis.png, id=903, 726.715pt x 462.528pt>
File: ./Figures/Q2Basis.png Graphic file (type png)

<use ./Figures/Q2Basis.png>
<./Figures/Q2dBasis.png, id=904, 644.809pt x 463.331pt>
File: ./Figures/Q2dBasis.png Graphic file (type png)

<use ./Figures/Q2dBasis.png> [10 <./Figures/Q1Basis.png (PNG copy)> <./Figures/
Q2Basis.png (PNG copy)> <./Figures/Q2dBasis.png (PNG copy)>]
<./Figures/DomDecomp1.png, id=913, 178.704pt x 180.675pt>
File: ./Figures/DomDecomp1.png Graphic file (type png)

<use ./Figures/DomDecomp1.png>
<./Figures/DomDecomp2.png, id=915, 170.4915pt x 180.675pt>
File: ./Figures/DomDecomp2.png Graphic file (type png)

<use ./Figures/DomDecomp2.png> [11 <./Figures/DomDecomp1.png> <./Figures/DomDec
omp2.png>] <./Figures/sedovCart.png, id=927, 653.44125pt x 653.44125pt>
File: ./Figures/sedovCart.png Graphic file (type png)

<use ./Figures/sedovCart.png>

LaTeX Warning: `!h' float specifier changed to `!ht'.

[12] <./Figures/motion1.png, id=934, 287.0725pt x 352.31625pt>
File: ./Figures/motion1.png Graphic file (type png)

<use ./Figures/motion1.png>
<./Figures/motion2.png, id=935, 291.0875pt x 369.38pt>
File: ./Figures/motion2.png Graphic file (type png)

<use ./Figures/motion2.png>

LaTeX Warning: `!h' float specifier changed to `!ht'.

[13 <./Figures/sedovCart.png (PNG copy)>] [14 <./Figures/motion1.png (PNG copy)
> <./Figures/motion2.png (PNG copy)>]
Overfull \hbox (14.99707pt too wide) in alignment at lines 165--171
 [][][] []
 []

<./Figures/Q2_Element_Ref.png, id=950, 696.6025pt x 687.56876pt>
File: ./Figures/Q2_Element_Ref.png Graphic file (type png)

<use ./Figures/Q2_Element_Ref.png>
<./Figures/Q2_Element_Phys.png, id=952, 707.64375pt x 687.56876pt>
File: ./Figures/Q2_Element_Phys.png Graphic file (type png)

<use ./Figures/Q2_Element_Phys.png> [15] [16 <./Figures/Q2_Element_Ref.png> <./
Figures/Q2_Element_Phys.png>] [17

] [18] [19] [20] [21] [22] [23] [24] [25]
[26] [27] [28] [29] [30] [31]) (./Chapters/Chapter3.tex [32]
Chapter 3.
[33

] <./Figures/CodeOutline.pdf, id=1106, 614.295pt x 794.97pt>
File: ./Figures/CodeOutline.pdf Graphic file (type pdf)

<use ./Figures/CodeOutline.pdf> [34 <./Figures/CodeOutline.pdf

pdfTeX warning: /usr/bin/pdflatex (file ./Figures/CodeOutline.pdf): PDF inclusi
on: Page Group detected which pdfTeX can't handle. Ignoring it.
>] <./Figures/CodeOutline2.pdf, id=1135, 614.295pt x 794.97pt>
File: ./Figures/CodeOutline2.pdf Graphic file (type pdf)

<use ./Figures/CodeOutline2.pdf> [35

 <./Figures/CodeOutline2.pdf

pdfTeX warning: /usr/bin/pdflatex (file ./Figures/CodeOutline2.pdf): PDF inclus
ion: Page Group detected which pdfTeX can't handle. Ignoring it.
>] <./Figures/VelBasisFunctions.png, id=1158, 471.44356pt x 213.43289pt>
File: ./Figures/VelBasisFunctions.png Graphic file (type png)

<use ./Figures/VelBasisFunctions.png>
Overfull \hbox (21.68121pt too wide) in paragraph at lines 37--39
 [][] 
 []

<./Figures/PresBasisFunctions.png, id=1159, 471.44356pt x 376.88467pt>
File: ./Figures/PresBasisFunctions.png Graphic file (type png)

<use ./Figures/PresBasisFunctions.png> [36

] [37 <./Figures/VelBasisFunctions.png (PNG copy)> <./Figures/PresBasisFunction
s.png (PNG copy)>] [38]
<./Figures/VelNodeNumbering.png, id=1177, 507.91626pt x 197.22281pt>
File: ./Figures/VelNodeNumbering.png Graphic file (type png)

<use ./Figures/VelNodeNumbering.png>
Overfull \hbox (21.68121pt too wide) in paragraph at lines 88--90
 [][] 
 []

[39 <./Figures/VelNodeNumbering.png (PNG copy)>]
Overfull \hbox (14.23901pt too wide) detected at line 103
[] \OT1/cmr/m/n/12 = []
 []

[40]
Missing character: There is no ‚ in font cmr12!
Missing character: There is no Ä in font cmr12!
Missing character: There is no ì in font cmr12!
Missing character: There is no ‚ in font cmr12!
Missing character: There is no Ä in font cmr12!
Missing character: There is no ì in font cmr12!

Overfull \hbox (16.63954pt too wide) in paragraph at lines 121--122
[]\OT1/cmr/m/n/12 Once we have cal-cu-lated a sta-ble time step, we dive into t
he \OT1/cmtt/m/n/12 UpdateMassAndForce
 []

[41]
Overfull \hbox (17.649pt too wide) in paragraph at lines 126--126
[]\OT1/cmr/bx/n/17.28 Mesh Move-ment and Ther-mo-dy-namic [] 
 []

[42]) [43] (./Chapters/Chapter4.tex [44]
Chapter 4.
[45

] [46] <./Figures/gradpField.png, id=1226, 699.413pt x 423.181pt>
File: ./Figures/gradpField.png Graphic file (type png)

<use ./Figures/gradpField.png> [47 <./Figures/gradpField.png (PNG copy)>]
<./Figures/gradpmesh1.png, id=1231, 472.164pt x 468.149pt>
File: ./Figures/gradpmesh1.png Graphic file (type png)

<use ./Figures/gradpmesh1.png>
<./Figures/gradpmesh2.png, id=1233, 472.164pt x 468.149pt>
File: ./Figures/gradpmesh2.png Graphic file (type png)

<use ./Figures/gradpmesh2.png>
<./Figures/gradpmesh3.png, id=1235, 471.361pt x 467.346pt>
File: ./Figures/gradpmesh3.png Graphic file (type png)

<use ./Figures/gradpmesh3.png>
Overfull \hbox (2.77472pt too wide) in paragraph at lines 39--44
 []$ 
 []


Package hyperref Warning: Token not allowed in a PDFDocEncoded string,
(hyperref)                removing `math shift' on input line 49.


Package hyperref Warning: Token not allowed in a PDFDocEncoded string,
(hyperref)                removing `math shift' on input line 49.

[48 <./Figures/gradpmesh1.png (PNG copy)> <./Figures/gradpmesh2.png (PNG copy)>
 <./Figures/gradpmesh3.png (PNG copy)>]
<./Figures/divgradV3.png, id=1246, 466.543pt x 464.134pt>
File: ./Figures/divgradV3.png Graphic file (type png)

<use ./Figures/divgradV3.png>

LaTeX Warning: `!h' float specifier changed to `!ht'.

[49] [50 <./Figures/divgradV3.png (PNG copy)>]
<./Figures/acousticQ1Q0_hgON.png, id=1257, 827.09pt x 325.215pt>
File: ./Figures/acousticQ1Q0_hgON.png Graphic file (type png)

<use ./Figures/acousticQ1Q0_hgON.png>
Overfull \hbox (21.68121pt too wide) in paragraph at lines 83--85
 [][] 
 []


Package pdftex.def Warning: Option `bb' does not make sense,
(pdftex.def)                using `viewport' instead on input line 94.

<./Figures/elQ1Q0.png, id=1259, 343.78906pt x 399.84897pt>
File: ./Figures/elQ1Q0.png Graphic file (type png)

<use ./Figures/elQ1Q0.png> [51 <./Figures/acousticQ1Q0_hgON.png (PNG copy)>]
[52 <./Figures/elQ1Q0.png (PNG copy)>] [53]
<./Figures/acousticQ1Q0_hgOFF.png, id=1278, 828.696pt x 326.018pt>
File: ./Figures/acousticQ1Q0_hgOFF.png Graphic file (type png)

<use ./Figures/acousticQ1Q0_hgOFF.png>
Overfull \hbox (21.68121pt too wide) in paragraph at lines 132--134
 [][] 
 []

[54 <./Figures/acousticQ1Q0_hgOFF.png (PNG copy)>]
<./Figures/hgmodesQ1Q0.png, id=1286, 441.04962pt x 314.74599pt>
File: ./Figures/hgmodesQ1Q0.png Graphic file (type png)

<use ./Figures/hgmodesQ1Q0.png>

Package pdftex.def Warning: Option `bb' does not make sense,
(pdftex.def)                using `viewport' instead on input line 153.

<./Figures/elQ1P0r.png, id=1288, 343.78906pt x 403.22607pt>
File: ./Figures/elQ1P0r.png Graphic file (type png)

<use ./Figures/elQ1P0r.png>

LaTeX Warning: `!h' float specifier changed to `!ht'.

[55 <./Figures/hgmodesQ1Q0.png (PNG copy)>] [56 <./Figures/elQ1P0r.png (PNG cop
y)>] <./Figures/gp_cp_convQ1P0r.png, id=1299, 336.457pt x 331.639pt>
File: ./Figures/gp_cp_convQ1P0r.png Graphic file (type png)

<use ./Figures/gp_cp_convQ1P0r.png>
<./Figures/gp_ca_convQ1P0r.png, id=1300, 336.457pt x 331.639pt>
File: ./Figures/gp_ca_convQ1P0r.png Graphic file (type png)

<use ./Figures/gp_ca_convQ1P0r.png>
<./Figures/acousticQ1P0r_hgOFF.png, id=1302, 827.09pt x 326.018pt>
File: ./Figures/acousticQ1P0r_hgOFF.png Graphic file (type png)

<use ./Figures/acousticQ1P0r_hgOFF.png>
Overfull \hbox (21.68121pt too wide) in paragraph at lines 189--191
 [][] 
 []

[57 <./Figures/gp_cp_convQ1P0r.png (PNG copy)> <./Figures/gp_ca_convQ1P0r.png (
PNG copy)>]

Package pdftex.def Warning: Option `bb' does not make sense,
(pdftex.def)                using `viewport' instead on input line 200.

<./Figures/elQ1P1.png, id=1308, 343.78906pt x 399.84897pt>
File: ./Figures/elQ1P1.png Graphic file (type png)

<use ./Figures/elQ1P1.png> [58 <./Figures/acousticQ1P0r_hgOFF.png (PNG copy)> <
./Figures/elQ1P1.png (PNG copy)>]

Package pdftex.def Warning: Option `bb' does not make sense,
(pdftex.def)                using `viewport' instead on input line 213.

<./Figures/elQ1Q1.png, id=1315, 343.78906pt x 399.84897pt>
File: ./Figures/elQ1Q1.png Graphic file (type png)

<use ./Figures/elQ1Q1.png> [59 <./Figures/elQ1Q1.png (PNG copy)>]
<./Figures/centerPresQ1Q1.png, id=1322, 410.333pt x 358.138pt>
File: ./Figures/centerPresQ1Q1.png Graphic file (type png)

<use ./Figures/centerPresQ1Q1.png> [60 <./Figures/centerPresQ1Q1.png (PNG copy)
>] <./Figures/acousticSpuriousV_Q1Q1.png, id=1331, 822.272pt x 326.018pt>
File: ./Figures/acousticSpuriousV_Q1Q1.png Graphic file (type png)

<use ./Figures/acousticSpuriousV_Q1Q1.png>
Overfull \hbox (21.68121pt too wide) in paragraph at lines 235--236
 [][] 
 []

<./Figures/acousticSpuriousV_Q1Q0.png, id=1332, 820.666pt x 326.018pt>
File: ./Figures/acousticSpuriousV_Q1Q0.png Graphic file (type png)

<use ./Figures/acousticSpuriousV_Q1Q0.png>
Overfull \hbox (21.68121pt too wide) in paragraph at lines 242--243
 [][] 
 []

[61 <./Figures/acousticSpuriousV_Q1Q1.png (PNG copy)> <./Figures/acousticSpurio
usV_Q1Q0.png (PNG copy)>]
<./Figures/gp_ca_convQ1Q1.png, id=1339, 336.457pt x 331.639pt>
File: ./Figures/gp_ca_convQ1Q1.png Graphic file (type png)

<use ./Figures/gp_ca_convQ1Q1.png>
<./Figures/gp_da_convQ1Q1.png, id=1341, 336.457pt x 331.639pt>
File: ./Figures/gp_da_convQ1Q1.png Graphic file (type png)

<use ./Figures/gp_da_convQ1Q1.png>

LaTeX Warning: `!h' float specifier changed to `!ht'.


Overfull \hbox (29.25305pt too wide) in paragraph at lines 274--275
\OT1/cmr/m/n/12 There-fore, the $\OML/cmm/m/it/12 Q[]$\OT1/cmr/m/n/12 -$[]$ el-
e-ment be-haves iden-ti-cally to the $\OML/cmm/m/it/12 Q[]$\OT1/cmr/m/n/12 -$\O
ML/cmm/m/it/12 Q[]$ \OT1/cmr/m/n/12 el-e-ment for $[]([](\OML/cmm/m/it/12 V\OT1
/cmr/m/n/12 ))$
 []

[62 <./Figures/gp_ca_convQ1Q1.png (PNG copy)>]
<./Figures/acousticQ1Q1_hgOFF.png, id=1349, 827.09pt x 326.018pt>
File: ./Figures/acousticQ1Q1_hgOFF.png Graphic file (type png)

<use ./Figures/acousticQ1Q1_hgOFF.png>
Overfull \hbox (21.68121pt too wide) in paragraph at lines 281--283
 [][] 
 []


LaTeX Warning: `!h' float specifier changed to `!ht'.

[63 <./Figures/gp_da_convQ1Q1.png (PNG copy)>]

Package pdftex.def Warning: Option `bb' does not make sense,
(pdftex.def)                using `viewport' instead on input line 292.

<./Figures/elQ1Q2.png, id=1357, 343.78906pt x 399.84897pt>
File: ./Figures/elQ1Q2.png Graphic file (type png)

<use ./Figures/elQ1Q2.png> [64 <./Figures/acousticQ1Q1_hgOFF.png (PNG copy)> <.
/Figures/elQ1Q2.png (PNG copy)>]

Package pdftex.def Warning: Option `bb' does not make sense,
(pdftex.def)                using `viewport' instead on input line 303.

<./Figures/elQ2Q0.png, id=1362, 344.4645pt x 399.84897pt>
File: ./Figures/elQ2Q0.png Graphic file (type png)

<use ./Figures/elQ2Q0.png> [65 <./Figures/elQ2Q0.png (PNG copy)>]

Package pdftex.def Warning: Option `bb' does not make sense,
(pdftex.def)                using `viewport' instead on input line 323.

<./Figures/elQ2P1.png, id=1370, 344.4645pt x 399.84897pt>
File: ./Figures/elQ2P1.png Graphic file (type png)

<use ./Figures/elQ2P1.png> [66 <./Figures/elQ2P1.png (PNG copy)>]
<./Figures/gp_ca_convQ2P1.png, id=1375, 336.457pt x 331.639pt>
File: ./Figures/gp_ca_convQ2P1.png Graphic file (type png)

<use ./Figures/gp_ca_convQ2P1.png>

LaTeX Warning: `!h' float specifier changed to `!ht'.

<./Figures/gp_da_convQ2P1.png, id=1376, 336.457pt x 331.639pt>
File: ./Figures/gp_da_convQ2P1.png Graphic file (type png)

<use ./Figures/gp_da_convQ2P1.png>

LaTeX Warning: `!h' float specifier changed to `!ht'.

[67] <./Figures/acousticQ2P1_hgOFF.png, id=1385, 828.696pt x 326.018pt>
File: ./Figures/acousticQ2P1_hgOFF.png Graphic file (type png)

<use ./Figures/acousticQ2P1_hgOFF.png>
Overfull \hbox (21.68121pt too wide) in paragraph at lines 368--370
 [][] 
 []

[68 <./Figures/gp_ca_convQ2P1.png (PNG copy)> <./Figures/gp_da_convQ2P1.png (PN
G copy)>] <./Figures/acousticQ2P1_hgON.png, id=1392, 827.09pt x 326.018pt>
File: ./Figures/acousticQ2P1_hgON.png Graphic file (type png)

<use ./Figures/acousticQ2P1_hgON.png>
Overfull \hbox (21.68121pt too wide) in paragraph at lines 376--378
 [][] 
 []

[69 <./Figures/acousticQ2P1_hgOFF.png (PNG copy)> <./Figures/acousticQ2P1_hgON.
png (PNG copy)>]

Package pdftex.def Warning: Option `bb' does not make sense,
(pdftex.def)                using `viewport' instead on input line 387.

<./Figures/elQ2Q1.png, id=1399, 344.4645pt x 399.84897pt>
File: ./Figures/elQ2Q1.png Graphic file (type png)

<use ./Figures/elQ2Q1.png> [70 <./Figures/elQ2Q1.png (PNG copy)>]
<./Figures/gp_cp_convQ2Q1.png, id=1406, 336.457pt x 330.836pt>
File: ./Figures/gp_cp_convQ2Q1.png Graphic file (type png)

<use ./Figures/gp_cp_convQ2Q1.png>

LaTeX Warning: `!h' float specifier changed to `!ht'.

<./Figures/gp_ca_convQ2Q1.png, id=1409, 336.457pt x 331.639pt>
File: ./Figures/gp_ca_convQ2Q1.png Graphic file (type png)

<use ./Figures/gp_ca_convQ2Q1.png> [71] [72 <./Figures/gp_cp_convQ2Q1.png (PNG 
copy)> <./Figures/gp_ca_convQ2Q1.png (PNG copy)>]
File: ./Figures/gp_ca_convQ2Q1.png Graphic file (type png)

<use ./Figures/gp_ca_convQ2Q1.png>
<./Figures/gp_da_convQ1Q1_Q2Q1.png, id=1421, 336.457pt x 330.836pt>
File: ./Figures/gp_da_convQ1Q1_Q2Q1.png Graphic file (type png)

<use ./Figures/gp_da_convQ1Q1_Q2Q1.png>

LaTeX Warning: `!h' float specifier changed to `!ht'.

<./Figures/dg_cV_convQ2Q1.png, id=1423, 336.457pt x 331.639pt>
File: ./Figures/dg_cV_convQ2Q1.png Graphic file (type png)

<use ./Figures/dg_cV_convQ2Q1.png>

LaTeX Warning: `!h' float specifier changed to `!ht'.

[73] <./Figures/dg_ca_convQ2Q1.png, id=1430, 336.457pt x 330.836pt>
File: ./Figures/dg_ca_convQ2Q1.png Graphic file (type png)

<use ./Figures/dg_ca_convQ2Q1.png>

LaTeX Warning: `!h' float specifier changed to `!ht'.

<./Figures/dg_da_convQ2Q1.png, id=1432, 336.457pt x 331.639pt>
File: ./Figures/dg_da_convQ2Q1.png Graphic file (type png)

<use ./Figures/dg_da_convQ2Q1.png> [74 <./Figures/gp_da_convQ1Q1_Q2Q1.png (PNG 
copy)> <./Figures/dg_cV_convQ2Q1.png (PNG copy)>] [75 <./Figures/dg_ca_convQ2Q1
.png (PNG copy)> <./Figures/dg_da_convQ2Q1.png (PNG copy)>]
<./Figures/acousticQ2Q1_hgOFF.png, id=1444, 827.09pt x 326.018pt>
File: ./Figures/acousticQ2Q1_hgOFF.png Graphic file (type png)

<use ./Figures/acousticQ2Q1_hgOFF.png>
Overfull \hbox (21.68121pt too wide) in paragraph at lines 481--483
 [][] 
 []

<./Figures/hgmodesQ2Q1.png, id=1450, 377.56009pt x 320.14935pt>
File: ./Figures/hgmodesQ2Q1.png Graphic file (type png)

<use ./Figures/hgmodesQ2Q1.png>

LaTeX Warning: `!h' float specifier changed to `!ht'.

<./Figures/acousticQ2Q1_hgON.png, id=1451, 827.09pt x 325.215pt>
File: ./Figures/acousticQ2Q1_hgON.png Graphic file (type png)

<use ./Figures/acousticQ2Q1_hgON.png>
Overfull \hbox (21.68121pt too wide) in paragraph at lines 499--501
 [][] 
 []


LaTeX Warning: `!h' float specifier changed to `!ht'.

[76 <./Figures/acousticQ2Q1_hgOFF.png (PNG copy)>] [77 <./Figures/hgmodesQ2Q1.p
ng (PNG copy)> <./Figures/acousticQ2Q1_hgON.png (PNG copy)>]
<./Figures/centerPresQ2Q2.png, id=1464, 505.89pt x 452.892pt>
File: ./Figures/centerPresQ2Q2.png Graphic file (type png)

<use ./Figures/centerPresQ2Q2.png>

LaTeX Warning: `!h' float specifier changed to `!ht'.

[78] <./Figures/gp_cp_convQ2Q2.png, id=1472, 336.457pt x 331.639pt>
File: ./Figures/gp_cp_convQ2Q2.png Graphic file (type png)

<use ./Figures/gp_cp_convQ2Q2.png>

LaTeX Warning: `!h' float specifier changed to `!ht'.

<./Figures/gp_ca_convQ2Q2.png, id=1473, 336.457pt x 331.639pt>
File: ./Figures/gp_ca_convQ2Q2.png Graphic file (type png)

<use ./Figures/gp_ca_convQ2Q2.png>

LaTeX Warning: `!h' float specifier changed to `!ht'.

<./Figures/gp_da_convQ2Q2.png, id=1475, 336.457pt x 330.836pt>
File: ./Figures/gp_da_convQ2Q2.png Graphic file (type png)

<use ./Figures/gp_da_convQ2Q2.png> [79 <./Figures/centerPresQ2Q2.png (PNG copy)
>]

LaTeX Warning: `!h' float specifier changed to `!ht'.

[80 <./Figures/gp_cp_convQ2Q2.png (PNG copy)> <./Figures/gp_ca_convQ2Q2.png (PN
G copy)>] <./Figures/acousticQ2Q2_hgOFF.png, id=1487, 828.696pt x 326.018pt>
File: ./Figures/acousticQ2Q2_hgOFF.png Graphic file (type png)

<use ./Figures/acousticQ2Q2_hgOFF.png>
Overfull \hbox (21.68121pt too wide) in paragraph at lines 565--567
 [][] 
 []


LaTeX Warning: `!h' float specifier changed to `!ht'.

) [81 <./Figures/gp_da_convQ2Q2.png (PNG copy)>] (./Chapters/Chapter5.tex
[82 <./Figures/acousticQ2Q2_hgOFF.png (PNG copy)>]
Chapter 5.
[83

] <./Figures/SodShockTube.png, id=1508, 507.24084pt x 199.24907pt>
File: ./Figures/SodShockTube.png Graphic file (type png)

<use ./Figures/SodShockTube.png> [84 <./Figures/SodShockTube.png (PNG copy)>]
[85] <./Figures/SodCompare.pdf, id=1522, 614.295pt x 794.97pt>
File: ./Figures/SodCompare.pdf Graphic file (type pdf)

<use ./Figures/SodCompare.pdf> [86 <./Figures/SodCompare.pdf

pdfTeX warning: /usr/bin/pdflatex (file ./Figures/SodCompare.pdf): PDF inclusio
n: Page Group detected which pdfTeX can't handle. Ignoring it.
>] <./Figures/Noh2D_MonoQ.png, id=1543, 775.3828pt x 612.60645pt>
File: ./Figures/Noh2D_MonoQ.png Graphic file (type png)

<use ./Figures/Noh2D_MonoQ.png>
Missing character: There is no Ô in font cmbx12!
Missing character: There is no ¨ in font cmbx12!
Missing character: There is no Å in font cmbx12!
Missing character: There is no Ô in font cmbx12!
Missing character: There is no ¨ in font cmbx12!
Missing character: There is no Å in font cmbx12!


LaTeX Warning: `!h' float specifier changed to `!ht'.

[87

] [88 <./Figures/Noh2D_MonoQ.png (PNG copy)>]
<./Figures/NohImplosion.png, id=1558, 492.38159pt x 410.6557pt>
File: ./Figures/NohImplosion.png Graphic file (type png)

<use ./Figures/NohImplosion.png> [89 <./Figures/NohImplosion.png (PNG copy)>]
<./Figures/NohV_Q1Q0_20x20_hgOFF.png, id=1566, 1026.234pt x 552.1428pt>
File: ./Figures/NohV_Q1Q0_20x20_hgOFF.png Graphic file (type png)

<use ./Figures/NohV_Q1Q0_20x20_hgOFF.png>
<./Figures/NohD_Q1Q0_20x20_hgOFF.png, id=1567, 1026.234pt x 552.1428pt>
File: ./Figures/NohD_Q1Q0_20x20_hgOFF.png Graphic file (type png)

<use ./Figures/NohD_Q1Q0_20x20_hgOFF.png>
Overfull \hbox (7.83325pt too wide) in paragraph at lines 80--80
 [][] 
 []


Overfull \hbox (7.83325pt too wide) in paragraph at lines 80--80
 [][] 
 []

[90

 <./Figures/NohV_Q1Q0_20x20_hgOFF.png (PNG copy)> <./Figures/NohD_Q1Q0_20x20_hg
OFF.png (PNG copy)>]
<./Figures/NohV_Q1Q0_40x40_hgOFF.png, id=1575, 1027.6794pt x 553.1064pt>
File: ./Figures/NohV_Q1Q0_40x40_hgOFF.png Graphic file (type png)

<use ./Figures/NohV_Q1Q0_40x40_hgOFF.png>
<./Figures/NohD_Q1Q0_40x40_hgOFF.png, id=1576, 1026.234pt x 552.1428pt>
File: ./Figures/NohD_Q1Q0_40x40_hgOFF.png Graphic file (type png)

<use ./Figures/NohD_Q1Q0_40x40_hgOFF.png>
Overfull \hbox (7.83325pt too wide) in paragraph at lines 81--81
 [][] 
 []


Overfull \hbox (7.83325pt too wide) in paragraph at lines 81--81
 [][] 
 []

[91


 <./Figures/NohV_Q1Q0_40x40_hgOFF.png (PNG copy)> <./Figures/NohD_Q1Q0_40x40_hg
OFF.png (PNG copy)>] [92

]
<./Figures/NohV_Q1Q1_20x20_hgOFF.png, id=1588, 1026.234pt x 552.1428pt>
File: ./Figures/NohV_Q1Q1_20x20_hgOFF.png Graphic file (type png)

<use ./Figures/NohV_Q1Q1_20x20_hgOFF.png>
<./Figures/NohD_Q1Q1_20x20_hgOFF.png, id=1589, 1026.234pt x 552.1428pt>
File: ./Figures/NohD_Q1Q1_20x20_hgOFF.png Graphic file (type png)

<use ./Figures/NohD_Q1Q1_20x20_hgOFF.png>
Overfull \hbox (7.83325pt too wide) in paragraph at lines 86--86
 [][] 
 []


Overfull \hbox (7.83325pt too wide) in paragraph at lines 86--86
 [][] 
 []

[93

 <./Figures/NohV_Q1Q1_20x20_hgOFF.png (PNG copy)> <./Figures/NohD_Q1Q1_20x20_hg
OFF.png (PNG copy)>]
<./Figures/NohV_Q1Q1_40x40_hgOFF.png, id=1597, 1027.6794pt x 553.1064pt>
File: ./Figures/NohV_Q1Q1_40x40_hgOFF.png Graphic file (type png)

<use ./Figures/NohV_Q1Q1_40x40_hgOFF.png>
<./Figures/NohD_Q1Q1_40x40_hgOFF.png, id=1598, 1027.6794pt x 553.1064pt>
File: ./Figures/NohD_Q1Q1_40x40_hgOFF.png Graphic file (type png)

<use ./Figures/NohD_Q1Q1_40x40_hgOFF.png>
Overfull \hbox (7.83325pt too wide) in paragraph at lines 87--87
 [][] 
 []


Overfull \hbox (7.83325pt too wide) in paragraph at lines 87--87
 [][] 
 []

[94


 <./Figures/NohV_Q1Q1_40x40_hgOFF.png (PNG copy)> <./Figures/NohD_Q1Q1_40x40_hg
OFF.png (PNG copy)>] [95

]
<./Figures/NohV_Q2Q1_20x20_hgOFF.png, id=1615, 1027.6794pt x 553.1064pt>
File: ./Figures/NohV_Q2Q1_20x20_hgOFF.png Graphic file (type png)

<use ./Figures/NohV_Q2Q1_20x20_hgOFF.png>
<./Figures/NohD_Q2Q1_20x20_hgOFF.png, id=1616, 1026.234pt x 552.1428pt>
File: ./Figures/NohD_Q2Q1_20x20_hgOFF.png Graphic file (type png)

<use ./Figures/NohD_Q2Q1_20x20_hgOFF.png>
Overfull \hbox (7.83325pt too wide) in paragraph at lines 92--92
 [][] 
 []


Overfull \hbox (7.83325pt too wide) in paragraph at lines 92--92
 [][] 
 []

[96

 <./Figures/NohV_Q2Q1_20x20_hgOFF.png (PNG copy)> <./Figures/NohD_Q2Q1_20x20_hg
OFF.png (PNG copy)>]
<./Figures/NohV_Q2Q1_40x40_hgOFF.png, id=1623, 1027.6794pt x 553.1064pt>
File: ./Figures/NohV_Q2Q1_40x40_hgOFF.png Graphic file (type png)

<use ./Figures/NohV_Q2Q1_40x40_hgOFF.png>
<./Figures/NohD_Q2Q1_40x40_hgOFF.png, id=1624, 1021.416pt x 547.3248pt>
File: ./Figures/NohD_Q2Q1_40x40_hgOFF.png Graphic file (type png)

<use ./Figures/NohD_Q2Q1_40x40_hgOFF.png>
Overfull \hbox (7.83325pt too wide) in paragraph at lines 93--93
 [][] 
 []


Overfull \hbox (7.83325pt too wide) in paragraph at lines 93--93
 [][] 
 []

[97


 <./Figures/NohV_Q2Q1_40x40_hgOFF.png (PNG copy)> <./Figures/NohD_Q2Q1_40x40_hg
OFF.png (PNG copy)>] [98

]
<./Figures/NohV_Q2Q2_20x20_hgOFF.png, id=1635, 1027.6794pt x 553.1064pt>
File: ./Figures/NohV_Q2Q2_20x20_hgOFF.png Graphic file (type png)

<use ./Figures/NohV_Q2Q2_20x20_hgOFF.png>
<./Figures/NohD_Q2Q2_20x20_hgOFF.png, id=1636, 1026.234pt x 552.1428pt>
File: ./Figures/NohD_Q2Q2_20x20_hgOFF.png Graphic file (type png)

<use ./Figures/NohD_Q2Q2_20x20_hgOFF.png>
Overfull \hbox (7.83325pt too wide) in paragraph at lines 98--98
 [][] 
 []


Overfull \hbox (7.83325pt too wide) in paragraph at lines 98--98
 [][] 
 []

[99

 <./Figures/NohV_Q2Q2_20x20_hgOFF.png (PNG copy)> <./Figures/NohD_Q2Q2_20x20_hg
OFF.png (PNG copy)>]
<./Figures/NohV_Q2Q2_40x40_hgOFF.png, id=1644, 1027.6794pt x 553.1064pt>
File: ./Figures/NohV_Q2Q2_40x40_hgOFF.png Graphic file (type png)

<use ./Figures/NohV_Q2Q2_40x40_hgOFF.png>
<./Figures/NohD_Q2Q2_40x40_hgOFF.png, id=1645, 1027.6794pt x 553.1064pt>
File: ./Figures/NohD_Q2Q2_40x40_hgOFF.png Graphic file (type png)

<use ./Figures/NohD_Q2Q2_40x40_hgOFF.png>
Overfull \hbox (7.83325pt too wide) in paragraph at lines 99--99
 [][] 
 []


Overfull \hbox (7.83325pt too wide) in paragraph at lines 99--99
 [][] 
 []

[100


 <./Figures/NohV_Q2Q2_40x40_hgOFF.png (PNG copy)> <./Figures/NohD_Q2Q2_40x40_hg
OFF.png (PNG copy)>]
<./Figures/SaltzmanMesh2.png, id=1659, 793.364pt x 79.497pt>
File: ./Figures/SaltzmanMesh2.png Graphic file (type png)

<use ./Figures/SaltzmanMesh2.png>
Overfull \hbox (21.68121pt too wide) in paragraph at lines 109--111
 [][] 
 []

[101

 <./Figures/SaltzmanMesh2.png (PNG copy)>] [102]
<./Figures/SaltzmanV_Q1Q0_50x10_hgOFF.png, id=1675, 1027.6794pt x 553.1064pt>
File: ./Figures/SaltzmanV_Q1Q0_50x10_hgOFF.png Graphic file (type png)

<use ./Figures/SaltzmanV_Q1Q0_50x10_hgOFF.png>
<./Figures/SaltzmanD_Q1Q0_50x10_hgOFF.png, id=1676, 1027.6794pt x 553.1064pt>
File: ./Figures/SaltzmanD_Q1Q0_50x10_hgOFF.png Graphic file (type png)

<use ./Figures/SaltzmanD_Q1Q0_50x10_hgOFF.png>
Overfull \hbox (7.83325pt too wide) in paragraph at lines 120--120
 [][] 
 []


Overfull \hbox (7.83325pt too wide) in paragraph at lines 120--120
 [][] 
 []

[103

 <./Figures/SaltzmanV_Q1Q0_50x10_hgOFF.png (PNG copy)> <./Figures/SaltzmanD_Q1Q
0_50x10_hgOFF.png (PNG copy)>]
<./Figures/SaltzmanV_Q1Q0_50x10_hgON.png, id=1684, 1027.6794pt x 553.1064pt>
File: ./Figures/SaltzmanV_Q1Q0_50x10_hgON.png Graphic file (type png)

<use ./Figures/SaltzmanV_Q1Q0_50x10_hgON.png>
<./Figures/SaltzmanD_Q1Q0_50x10_hgON.png, id=1685, 1027.6794pt x 553.1064pt>
File: ./Figures/SaltzmanD_Q1Q0_50x10_hgON.png Graphic file (type png)

<use ./Figures/SaltzmanD_Q1Q0_50x10_hgON.png>
Overfull \hbox (7.83325pt too wide) in paragraph at lines 121--121
 [][] 
 []


Overfull \hbox (7.83325pt too wide) in paragraph at lines 121--121
 [][] 
 []

[104


 <./Figures/SaltzmanV_Q1Q0_50x10_hgON.png (PNG copy)> <./Figures/SaltzmanD_Q1Q0
_50x10_hgON.png (PNG copy)>] [105

]
<./Figures/SaltzmanV_Q1Q1_50x10_hgOFF.png, id=1699, 1027.6794pt x 553.1064pt>
File: ./Figures/SaltzmanV_Q1Q1_50x10_hgOFF.png Graphic file (type png)

<use ./Figures/SaltzmanV_Q1Q1_50x10_hgOFF.png>
<./Figures/SaltzmanD_Q1Q1_50x10_hgOFF.png, id=1700, 1027.6794pt x 553.1064pt>
File: ./Figures/SaltzmanD_Q1Q1_50x10_hgOFF.png Graphic file (type png)

<use ./Figures/SaltzmanD_Q1Q1_50x10_hgOFF.png>
Overfull \hbox (7.83325pt too wide) in paragraph at lines 126--126
 [][] 
 []


Overfull \hbox (7.83325pt too wide) in paragraph at lines 126--126
 [][] 
 []

[106

 <./Figures/SaltzmanV_Q1Q1_50x10_hgOFF.png (PNG copy)> <./Figures/SaltzmanD_Q1Q
1_50x10_hgOFF.png (PNG copy)>] [107

]
<./Figures/SaltzmanV_Q2Q1_50x10_hgON.png, id=1710, 1027.6794pt x 553.1064pt>
File: ./Figures/SaltzmanV_Q2Q1_50x10_hgON.png Graphic file (type png)

<use ./Figures/SaltzmanV_Q2Q1_50x10_hgON.png>
<./Figures/SaltzmanD_Q2Q1_50x10_hgON.png, id=1711, 1027.6794pt x 553.1064pt>
File: ./Figures/SaltzmanD_Q2Q1_50x10_hgON.png Graphic file (type png)

<use ./Figures/SaltzmanD_Q2Q1_50x10_hgON.png>
Overfull \hbox (7.83325pt too wide) in paragraph at lines 132--132
 [][] 
 []


Overfull \hbox (7.83325pt too wide) in paragraph at lines 132--132
 [][] 
 []

[108

 <./Figures/SaltzmanV_Q2Q1_50x10_hgON.png (PNG copy)> <./Figures/SaltzmanD_Q2Q1
_50x10_hgON.png (PNG copy)>] [109

]
<./Figures/SaltzmanV_Q2Q2_50x10_hgOFF.png, id=1722, 1027.6794pt x 553.1064pt>
File: ./Figures/SaltzmanV_Q2Q2_50x10_hgOFF.png Graphic file (type png)

<use ./Figures/SaltzmanV_Q2Q2_50x10_hgOFF.png>
<./Figures/SaltzmanD_Q2Q2_50x10_hgOFF.png, id=1723, 1027.6794pt x 553.1064pt>
File: ./Figures/SaltzmanD_Q2Q2_50x10_hgOFF.png Graphic file (type png)

<use ./Figures/SaltzmanD_Q2Q2_50x10_hgOFF.png>
Overfull \hbox (7.83325pt too wide) in paragraph at lines 137--137
 [][] 
 []


Overfull \hbox (7.83325pt too wide) in paragraph at lines 137--137
 [][] 
 []

[110

 <./Figures/SaltzmanV_Q2Q2_50x10_hgOFF.png (PNG copy)> <./Figures/SaltzmanD_Q2Q
2_50x10_hgOFF.png (PNG copy)>]
<./Figures/SaltzmanV_Q2Q2_50x10_hgON.png, id=1730, 1027.6794pt x 553.1064pt>
File: ./Figures/SaltzmanV_Q2Q2_50x10_hgON.png Graphic file (type png)

<use ./Figures/SaltzmanV_Q2Q2_50x10_hgON.png>
<./Figures/SaltzmanD_Q2Q2_50x10_hgON.png, id=1731, 1027.6794pt x 553.1064pt>
File: ./Figures/SaltzmanD_Q2Q2_50x10_hgON.png Graphic file (type png)

<use ./Figures/SaltzmanD_Q2Q2_50x10_hgON.png>
Overfull \hbox (7.83325pt too wide) in paragraph at lines 138--138
 [][] 
 []


Overfull \hbox (7.83325pt too wide) in paragraph at lines 138--138
 [][] 
 []

[111


 <./Figures/SaltzmanV_Q2Q2_50x10_hgON.png (PNG copy)> <./Figures/SaltzmanD_Q2Q2
_50x10_hgON.png (PNG copy)>]
<./Figures/SedovExplosion.png, id=1741, 420.11159pt x 410.6557pt>
File: ./Figures/SedovExplosion.png Graphic file (type png)

<use ./Figures/SedovExplosion.png> [112

 <./Figures/SedovExplosion.png (PNG copy)>]
File: ./Figures/sedovCart.png Graphic file (type png)
 <use ./Figures/sedovCart.png> [113] [114] [115]
<./Figures/SedovV_Q1Q0_10x10_hgON.png, id=1763, 1027.6794pt x 553.1064pt>
File: ./Figures/SedovV_Q1Q0_10x10_hgON.png Graphic file (type png)

<use ./Figures/SedovV_Q1Q0_10x10_hgON.png>
<./Figures/SedovD_Q1Q0_10x10_hgON.png, id=1764, 1027.6794pt x 553.1064pt>
File: ./Figures/SedovD_Q1Q0_10x10_hgON.png Graphic file (type png)

<use ./Figures/SedovD_Q1Q0_10x10_hgON.png>
Overfull \hbox (7.83325pt too wide) in paragraph at lines 172--172
 [][] 
 []


Overfull \hbox (7.83325pt too wide) in paragraph at lines 172--172
 [][] 
 []

[116

 <./Figures/SedovV_Q1Q0_10x10_hgON.png (PNG copy)> <./Figures/SedovD_Q1Q0_10x10
_hgON.png (PNG copy)>]
<./Figures/SedovV_Q1Q0_20x20_hgON.png, id=1771, 1027.6794pt x 553.1064pt>
File: ./Figures/SedovV_Q1Q0_20x20_hgON.png Graphic file (type png)

<use ./Figures/SedovV_Q1Q0_20x20_hgON.png>
<./Figures/SedovD_Q1Q0_20x20_hgON.png, id=1772, 1027.6794pt x 553.1064pt>
File: ./Figures/SedovD_Q1Q0_20x20_hgON.png Graphic file (type png)

<use ./Figures/SedovD_Q1Q0_20x20_hgON.png>
Overfull \hbox (7.83325pt too wide) in paragraph at lines 173--173
 [][] 
 []


Overfull \hbox (7.83325pt too wide) in paragraph at lines 173--173
 [][] 
 []

[117


 <./Figures/SedovV_Q1Q0_20x20_hgON.png (PNG copy)> <./Figures/SedovD_Q1Q0_20x20
_hgON.png (PNG copy)>] [118

]
<./Figures/SedovV_Q1Q1_10x10_hgOFF.png, id=1785, 1027.6794pt x 553.1064pt>
File: ./Figures/SedovV_Q1Q1_10x10_hgOFF.png Graphic file (type png)

<use ./Figures/SedovV_Q1Q1_10x10_hgOFF.png>
<./Figures/SedovD_Q1Q1_10x10_hgOFF.png, id=1786, 1026.234pt x 552.1428pt>
File: ./Figures/SedovD_Q1Q1_10x10_hgOFF.png Graphic file (type png)

<use ./Figures/SedovD_Q1Q1_10x10_hgOFF.png>
Overfull \hbox (7.83325pt too wide) in paragraph at lines 178--178
 [][] 
 []


Overfull \hbox (7.83325pt too wide) in paragraph at lines 178--178
 [][] 
 []

[119

 <./Figures/SedovV_Q1Q1_10x10_hgOFF.png (PNG copy)> <./Figures/SedovD_Q1Q1_10x1
0_hgOFF.png (PNG copy)>]
<./Figures/SedovV_Q1Q1_20x20_hgOFF.png, id=1793, 1026.234pt x 552.1428pt>
File: ./Figures/SedovV_Q1Q1_20x20_hgOFF.png Graphic file (type png)

<use ./Figures/SedovV_Q1Q1_20x20_hgOFF.png>
<./Figures/SedovD_Q1Q1_20x20_hgOFF.png, id=1794, 1027.6794pt x 553.1064pt>
File: ./Figures/SedovD_Q1Q1_20x20_hgOFF.png Graphic file (type png)

<use ./Figures/SedovD_Q1Q1_20x20_hgOFF.png>
Overfull \hbox (7.83325pt too wide) in paragraph at lines 179--179
 [][] 
 []


Overfull \hbox (7.83325pt too wide) in paragraph at lines 179--179
 [][] 
 []

[120


 <./Figures/SedovV_Q1Q1_20x20_hgOFF.png (PNG copy)> <./Figures/SedovD_Q1Q1_20x2
0_hgOFF.png (PNG copy)>] [121

]
<./Figures/SedovV_Q2Q1_10x10_hgOFF.png, id=1807, 1026.234pt x 552.1428pt>
File: ./Figures/SedovV_Q2Q1_10x10_hgOFF.png Graphic file (type png)

<use ./Figures/SedovV_Q2Q1_10x10_hgOFF.png>
<./Figures/SedovD_Q2Q1_10x10_hgOFF.png, id=1808, 1026.234pt x 552.1428pt>
File: ./Figures/SedovD_Q2Q1_10x10_hgOFF.png Graphic file (type png)

<use ./Figures/SedovD_Q2Q1_10x10_hgOFF.png>
Overfull \hbox (7.83325pt too wide) in paragraph at lines 188--188
 [][] 
 []


Overfull \hbox (7.83325pt too wide) in paragraph at lines 188--188
 [][] 
 []

[122

 <./Figures/SedovV_Q2Q1_10x10_hgOFF.png (PNG copy)> <./Figures/SedovD_Q2Q1_10x1
0_hgOFF.png (PNG copy)>]
<./Figures/SedovV_Q2Q1_10x10_hgON.png, id=1815, 1027.6794pt x 553.1064pt>
File: ./Figures/SedovV_Q2Q1_10x10_hgON.png Graphic file (type png)

<use ./Figures/SedovV_Q2Q1_10x10_hgON.png>
<./Figures/SedovD_Q2Q1_10x10_hgON.png, id=1816, 1027.6794pt x 553.1064pt>
File: ./Figures/SedovD_Q2Q1_10x10_hgON.png Graphic file (type png)

<use ./Figures/SedovD_Q2Q1_10x10_hgON.png>
Overfull \hbox (7.83325pt too wide) in paragraph at lines 189--189
 [][] 
 []


Overfull \hbox (7.83325pt too wide) in paragraph at lines 189--189
 [][] 
 []

[123


 <./Figures/SedovV_Q2Q1_10x10_hgON.png (PNG copy)> <./Figures/SedovD_Q2Q1_10x10
_hgON.png (PNG copy)>]
<./Figures/SedovV_Q2Q1_20x20_hgON.png, id=1824, 1027.6794pt x 553.1064pt>
File: ./Figures/SedovV_Q2Q1_20x20_hgON.png Graphic file (type png)

<use ./Figures/SedovV_Q2Q1_20x20_hgON.png>
<./Figures/SedovD_Q2Q1_20x20_hgON.png, id=1825, 1027.6794pt x 553.1064pt>
File: ./Figures/SedovD_Q2Q1_20x20_hgON.png Graphic file (type png)

<use ./Figures/SedovD_Q2Q1_20x20_hgON.png>
Overfull \hbox (7.83325pt too wide) in paragraph at lines 190--190
 [][] 
 []


Overfull \hbox (7.83325pt too wide) in paragraph at lines 190--190
 [][] 
 []

[124


 <./Figures/SedovV_Q2Q1_20x20_hgON.png (PNG copy)> <./Figures/SedovD_Q2Q1_20x20
_hgON.png (PNG copy)>]
<./Figures/SedovV_Q2Q1_5x5_hgON.png, id=1832, 1027.6794pt x 553.1064pt>
File: ./Figures/SedovV_Q2Q1_5x5_hgON.png Graphic file (type png)

<use ./Figures/SedovV_Q2Q1_5x5_hgON.png>
<./Figures/SedovD_Q2Q1_5x5_hgON.png, id=1833, 1026.234pt x 552.1428pt>
File: ./Figures/SedovD_Q2Q1_5x5_hgON.png Graphic file (type png)

<use ./Figures/SedovD_Q2Q1_5x5_hgON.png>
Overfull \hbox (7.83325pt too wide) in paragraph at lines 192--192
 [][] 
 []


Overfull \hbox (7.83325pt too wide) in paragraph at lines 192--192
 [][] 
 []

[125


 <./Figures/SedovV_Q2Q1_5x5_hgON.png (PNG copy)> <./Figures/SedovD_Q2Q1_5x5_hgO
N.png (PNG copy)>]
<./Figures/SedovFullMeshCompare.png, id=1841, 1027.84pt x 553.267pt>
File: ./Figures/SedovFullMeshCompare.png Graphic file (type png)

<use ./Figures/SedovFullMeshCompare.png>
Overfull \hbox (21.68121pt too wide) in paragraph at lines 198--200
 [][] 
 []

[126

 <./Figures/SedovFullMeshCompare.png (PNG copy)>] [127]
<./Figures/SedovV_Q2Q2_10x10_hgOFF.png, id=1850, 1026.234pt x 552.1428pt>
File: ./Figures/SedovV_Q2Q2_10x10_hgOFF.png Graphic file (type png)

<use ./Figures/SedovV_Q2Q2_10x10_hgOFF.png>
<./Figures/SedovD_Q2Q2_10x10_hgOFF.png, id=1851, 1026.234pt x 552.1428pt>
File: ./Figures/SedovD_Q2Q2_10x10_hgOFF.png Graphic file (type png)

<use ./Figures/SedovD_Q2Q2_10x10_hgOFF.png>
Overfull \hbox (7.83325pt too wide) in paragraph at lines 227--227
 [][] 
 []


Overfull \hbox (7.83325pt too wide) in paragraph at lines 227--227
 [][] 
 []

[128

 <./Figures/SedovV_Q2Q2_10x10_hgOFF.png (PNG copy)> <./Figures/SedovD_Q2Q2_10x1
0_hgOFF.png (PNG copy)>]
<./Figures/SedovV_Q2Q2_20x20_hgOFF.png, id=1858, 1026.234pt x 552.1428pt>
File: ./Figures/SedovV_Q2Q2_20x20_hgOFF.png Graphic file (type png)

<use ./Figures/SedovV_Q2Q2_20x20_hgOFF.png>
<./Figures/SedovD_Q2Q2_20x20_hgOFF.png, id=1859, 1027.6794pt x 553.1064pt>
File: ./Figures/SedovD_Q2Q2_20x20_hgOFF.png Graphic file (type png)

<use ./Figures/SedovD_Q2Q2_20x20_hgOFF.png>
Overfull \hbox (7.83325pt too wide) in paragraph at lines 229--229
 [][] 
 []


Overfull \hbox (7.83325pt too wide) in paragraph at lines 229--229
 [][] 
 []

[129


 <./Figures/SedovV_Q2Q2_20x20_hgOFF.png (PNG copy)> <./Figures/SedovD_Q2Q2_20x2
0_hgOFF.png (PNG copy)>]
<./Figures/SedovV_Q2Q2_20x20_hgON.png, id=1867, 937.5828pt x 475.5366pt>
File: ./Figures/SedovV_Q2Q2_20x20_hgON.png Graphic file (type png)

<use ./Figures/SedovV_Q2Q2_20x20_hgON.png>
<./Figures/SedovD_Q2Q2_20x20_hgON.png, id=1868, 937.5828pt x 476.0184pt>
File: ./Figures/SedovD_Q2Q2_20x20_hgON.png Graphic file (type png)

<use ./Figures/SedovD_Q2Q2_20x20_hgON.png>
Overfull \hbox (7.83325pt too wide) in paragraph at lines 230--230
 [][] 
 []


Overfull \hbox (7.83325pt too wide) in paragraph at lines 230--230
 [][] 
 []

[130


 <./Figures/SedovV_Q2Q2_20x20_hgON.png (PNG copy)> <./Figures/SedovD_Q2Q2_20x20
_hgON.png (PNG copy)>]
Underfull \hbox (badness 10000) in paragraph at lines 237--237

 []


Overfull \hbox (37.36821pt too wide) in paragraph at lines 238--249
[][] 
 []


Underfull \hbox (badness 10000) in paragraph at lines 252--252

 []


Overfull \hbox (37.36821pt too wide) in paragraph at lines 253--264
[][] 
 []

[131

]) (./Chapters/Chapter6.tex [132]
Chapter 6.
[133

] [134]) [135] (./thesis.bbl [136


]
Missing character: There is no ‚ in font cmr12!
Missing character: There is no Ä in font cmr12!
Missing character: There is no ì in font cmr12!
Missing character: There is no √ in font cmti12!
Missing character: There is no © in font cmti12!
Missing character: There is no √ in font cmti12!
Missing character: There is no © in font cmti12!
Missing character: There is no ‚ in font cmr12!
Missing character: There is no Ä in font cmr12!
Missing character: There is no ì in font cmr12!
 [137]
Missing character: There is no ‚ in font cmr12!
Missing character: There is no Ä in font cmr12!
Missing character: There is no ì in font cmr12!
Missing character: There is no Ô in font cmr12!
Missing character: There is no ¨ in font cmr12!
Missing character: There is no Å in font cmr12!
 [138]
Missing character: There is no √ in font cmr12!
Missing character: There is no ≠ in font cmr12!
Missing character: There is no √ in font cmr12!
Missing character: There is no © in font cmr12!
 [139]) [140] (./thesis.aux) ) 
Here is how much of TeX's memory you used:
 6623 strings out of 94074
 101115 string characters out of 1165154
 165669 words of memory out of 1500000
 9171 multiletter control sequences out of 10000+50000
 24691 words of font info for 95 fonts, out of 1200000 for 2000
 645 hyphenation exceptions out of 8191
 27i,16n,43p,1832b,465s stack positions out of 5000i,500n,6000p,200000b,5000s
</usr/share/texmf-texlive/fonts/type1/bluesky/cm/
cmbx12.pfb></usr/share/texmf-texlive/fonts/type1/bluesky/cm/cmbx6.pfb></usr/sha
re/texmf-texlive/fonts/type1/bluesky/cm/cmbxti10.pfb></usr/share/texmf-texlive/
fonts/type1/bluesky/cm/cmex10.pfb></usr/share/texmf-texlive/fonts/type1/bluesky
/cm/cmmi10.pfb></usr/share/texmf-texlive/fonts/type1/bluesky/cm/cmmi12.pfb></us
r/share/texmf-texlive/fonts/type1/bluesky/cm/cmmi6.pfb></usr/share/texmf-texliv
e/fonts/type1/bluesky/cm/cmmi8.pfb></usr/share/texmf-texlive/fonts/type1/bluesk
y/cm/cmr10.pfb></usr/share/texmf-texlive/fonts/type1/bluesky/cm/cmr12.pfb></usr
/share/texmf-texlive/fonts/type1/bluesky/cm/cmr17.pfb></usr/share/texmf-texlive
/fonts/type1/bluesky/cm/cmr6.pfb></usr/share/texmf-texlive/fonts/type1/bluesky/
cm/cmr8.pfb></usr/share/texmf-texlive/fonts/type1/bluesky/cm/cmss12.pfb></usr/s
hare/texmf-texlive/fonts/type1/bluesky/cm/cmsy10.pfb></usr/share/texmf-texlive/
fonts/type1/bluesky/cm/cmsy6.pfb></usr/share/texmf-texlive/fonts/type1/bluesky/
cm/cmsy8.pfb></usr/share/texmf-texlive/fonts/type1/bluesky/cm/cmti10.pfb></usr/
share/texmf-texlive/fonts/type1/bluesky/cm/cmti12.pfb></usr/share/texmf-texlive
/fonts/type1/bluesky/cm/cmtt12.pfb></usr/share/texmf-texlive/fonts/type1/bluesk
y/ams/msbm10.pfb>
Output written on thesis.pdf (156 pages, 7740366 bytes).
PDF statistics:
 2090 PDF objects out of 2487 (max. 8388607)
 490 named destinations out of 1000 (max. 131072)
 1438 words of extra memory for PDF output out of 10000 (max. 10000000)

