This is pdfTeXk, Version 3.141592-1.40.3 (Web2C 7.5.6) (format=pdflatex 2010.5.14)  9 DEC 2010 18:36
entering extended mode
 %&-line parsing enabled.
**QRalgorithm.tex
(./QRalgorithm.tex
LaTeX2e <2005/12/01>
Babel <v3.8h> and hyphenation patterns for english, usenglishmax, dumylang, noh
yphenation, croatian, ukrainian, russian, bulgarian, czech, slovak, danish, dut
ch, finnish, basque, french, german, ngerman, ibycus, greek, monogreek, ancient
greek, hungarian, italian, latin, mongolian, norsk, icelandic, interlingua, tur
kish, coptic, romanian, welsh, serbian, slovenian, estonian, esperanto, upperso
rbian, indonesian, polish, portuguese, spanish, catalan, galician, swedish, loa
ded.
! Undefined control sequence.
l.2 \resetsteps
                     % Reset all the commands to create a blank worksheet
The control sequence at the end of the top line
of your error message was never \def'ed. If you have
misspelled it (e.g., `\hobx'), type `I' and the correct
spelling (e.g., `I\hbox'). Otherwise just continue,
and I'll forget about whatever was undefined.


! LaTeX Error: \routinename undefined.

See the LaTeX manual or LaTeX Companion for explanation.
Type  H <return>  for immediate help.
 ...                                              
                                                  
l.6 \renewcommand{\routinename}
                               { \left[ R \right] := \mbox{QR}( R, U ) }
Try typing  <return>  to proceed.
If that doesn't work, type  X <return>  to quit.


! LaTeX Error: \guard undefined.

See the LaTeX manual or LaTeX Companion for explanation.
Type  H <return>  for immediate help.
 ...                                              
                                                  
l.10 \renewcommand{\guard}
                          {
Try typing  <return>  to proceed.
If that doesn't work, type  X <return>  to quit.


! LaTeX Error: \partitionings undefined.

See the LaTeX manual or LaTeX Companion for explanation.
Type  H <return>  for immediate help.
 ...                                              
                                                  
l.16 \renewcommand{\partitionings}
                                  {
Try typing  <return>  to proceed.
If that doesn't work, type  X <return>  to quit.


! LaTeX Error: \partitionsizes undefined.

See the LaTeX manual or LaTeX Companion for explanation.
Type  H <return>  for immediate help.
 ...                                              
                                                  
l.27 \renewcommand{\partitionsizes}
                                   {
Try typing  <return>  to proceed.
If that doesn't work, type  X <return>  to quit.


! LaTeX Error: \repartitionings undefined.

See the LaTeX manual or LaTeX Companion for explanation.
Type  H <return>  for immediate help.
 ...                                              
                                                  
l.33 \renewcommand{\repartitionings}
                                    {
Try typing  <return>  to proceed.
If that doesn't work, type  X <return>  to quit.


! LaTeX Error: \repartitionsizes undefined.

See the LaTeX manual or LaTeX Companion for explanation.
Type  H <return>  for immediate help.
 ...                                              
                                                  
l.51 \renewcommand{\repartitionsizes}
                                     {
Try typing  <return>  to proceed.
If that doesn't work, type  X <return>  to quit.


! LaTeX Error: \moveboundaries undefined.

See the LaTeX manual or LaTeX Companion for explanation.
Type  H <return>  for immediate help.
 ...                                              
                                                  
l.56 \renewcommand{\moveboundaries}
                                   {
Try typing  <return>  to proceed.
If that doesn't work, type  X <return>  to quit.


! LaTeX Error: \update undefined.

See the LaTeX manual or LaTeX Companion for explanation.
Type  H <return>  for immediate help.
 ...                                              
                                                  
l.78 \renewcommand{\update}
                           {
Try typing  <return>  to proceed.
If that doesn't work, type  X <return>  to quit.

)
! Emergency stop.
<*> QRalgorithm.tex
                   
*** (job aborted, no legal \end found)

 
Here is how much of TeX's memory you used:
 20 strings out of 94101
 368 string characters out of 1165810
 47703 words of memory out of 1500000
 3398 multiletter control sequences out of 10000+50000
 3640 words of font info for 14 fonts, out of 1200000 for 2000
 637 hyphenation exceptions out of 8191
 7i,0n,5p,98b,14s stack positions out of 5000i,500n,6000p,200000b,5000s
!  ==> Fatal error occurred, no output PDF file produced!
