This is pdfTeXk, Version 3.141592-1.40.3 (Web2C 7.5.6) (format=pdflatex 2010.5.14)  21 OCT 2010 10:36
entering extended mode
 %&-line parsing enabled.
**HW_2-1.tex
(./HW_2-1.tex
LaTeX2e <2005/12/01>
Babel <v3.8h> and hyphenation patterns for english, usenglishmax, dumylang, noh
yphenation, croatian, ukrainian, russian, bulgarian, czech, slovak, danish, dut
ch, finnish, basque, french, german, ngerman, ibycus, greek, monogreek, ancient
greek, hungarian, italian, latin, mongolian, norsk, icelandic, interlingua, tur
kish, coptic, romanian, welsh, serbian, slovenian, estonian, esperanto, upperso
rbian, indonesian, polish, portuguese, spanish, catalan, galician, swedish, loa
ded.
(/usr/share/texmf-texlive/tex/latex/base/article.cls
Document Class: article 2005/09/16 v1.4f Standard LaTeX document class
(/usr/share/texmf-texlive/tex/latex/base/size10.clo
File: size10.clo 2005/09/16 v1.4f Standard LaTeX file (size option)
)
\c@part=\count79
\c@section=\count80
\c@subsection=\count81
\c@subsubsection=\count82
\c@paragraph=\count83
\c@subparagraph=\count84
\c@figure=\count85
\c@table=\count86
\abovecaptionskip=\skip41
\belowcaptionskip=\skip42
\bibindent=\dimen102
)
(/usr/share/texmf-texlive/tex/latex/amsfonts/amsfonts.sty
Package: amsfonts 2001/10/25 v2.2f
\@emptytoks=\toks14
\symAMSa=\mathgroup4
\symAMSb=\mathgroup5
LaTeX Font Info:    Overwriting math alphabet `\mathfrak' in version `bold'
(Font)                  U/euf/m/n --> U/euf/b/n on input line 132.
)
(/usr/share/texmf-texlive/tex/latex/amsmath/amsmath.sty
Package: amsmath 2000/07/18 v2.13 AMS math features
\@mathmargin=\skip43

For additional information on amsmath, use the `?' option.
(/usr/share/texmf-texlive/tex/latex/amsmath/amstext.sty
Package: amstext 2000/06/29 v2.01

(/usr/share/texmf-texlive/tex/latex/amsmath/amsgen.sty
File: amsgen.sty 1999/11/30 v2.0
\@emptytoks=\toks15
\ex@=\dimen103
))
(/usr/share/texmf-texlive/tex/latex/amsmath/amsbsy.sty
Package: amsbsy 1999/11/29 v1.2d
\pmbraise@=\dimen104
)
(/usr/share/texmf-texlive/tex/latex/amsmath/amsopn.sty
Package: amsopn 1999/12/14 v2.01 operator names
)
\inf@bad=\count87
LaTeX Info: Redefining \frac on input line 211.
\uproot@=\count88
\leftroot@=\count89
LaTeX Info: Redefining \overline on input line 307.
\classnum@=\count90
\DOTSCASE@=\count91
LaTeX Info: Redefining \ldots on input line 379.
LaTeX Info: Redefining \dots on input line 382.
LaTeX Info: Redefining \cdots on input line 467.
\Mathstrutbox@=\box26
\strutbox@=\box27
\big@size=\dimen105
LaTeX Font Info:    Redeclaring font encoding OML on input line 567.
LaTeX Font Info:    Redeclaring font encoding OMS on input line 568.
\macc@depth=\count92
\c@MaxMatrixCols=\count93
\dotsspace@=\muskip10
\c@parentequation=\count94
\dspbrk@lvl=\count95
\tag@help=\toks16
\row@=\count96
\column@=\count97
\maxfields@=\count98
\andhelp@=\toks17
\eqnshift@=\dimen106
\alignsep@=\dimen107
\tagshift@=\dimen108
\tagwidth@=\dimen109
\totwidth@=\dimen110
\lineht@=\dimen111
\@envbody=\toks18
\multlinegap=\skip44
\multlinetaggap=\skip45
\mathdisplay@stack=\toks19
LaTeX Info: Redefining \[ on input line 2666.
LaTeX Info: Redefining \] on input line 2667.
)
(/usr/share/texmf-texlive/tex/latex/amsfonts/amssymb.sty
Package: amssymb 2002/01/22 v2.2d
)
(/usr/share/texmf-texlive/tex/latex/amscls/amsthm.sty
Package: amsthm 2004/08/06 v2.20
\thm@style=\toks20
\thm@bodyfont=\toks21
\thm@headfont=\toks22
\thm@notefont=\toks23
\thm@headpunct=\toks24
\thm@preskip=\skip46
\thm@postskip=\skip47
\thm@headsep=\skip48
\dth@everypar=\toks25
)
(/usr/share/texmf-texlive/tex/latex/ltxmisc/cancel.sty
Package: cancel 2000/03/12 v2.1 Cancel math terms
)
(/usr/share/texmf-texlive/tex/latex/graphics/graphicx.sty
Package: graphicx 1999/02/16 v1.0f Enhanced LaTeX Graphics (DPC,SPQR)

(/usr/share/texmf-texlive/tex/latex/graphics/keyval.sty
Package: keyval 1999/03/16 v1.13 key=value parser (DPC)
\KV@toks@=\toks26
)
(/usr/share/texmf-texlive/tex/latex/graphics/graphics.sty
Package: graphics 2006/02/20 v1.0o Standard LaTeX Graphics (DPC,SPQR)

(/usr/share/texmf-texlive/tex/latex/graphics/trig.sty
Package: trig 1999/03/16 v1.09 sin cos tan (DPC)
)
(/etc/texmf/tex/latex/config/graphics.cfg
File: graphics.cfg 2007/01/18 v1.5 graphics configuration of teTeX/TeXLive
)
Package graphics Info: Driver file: pdftex.def on input line 90.

(/usr/share/texmf-texlive/tex/latex/pdftex-def/pdftex.def
File: pdftex.def 2007/01/08 v0.04d Graphics/color for pdfTeX
\Gread@gobject=\count99
))
\Gin@req@height=\dimen112
\Gin@req@width=\dimen113
) (./HW_2-1.aux)
\openout1 = `HW_2-1.aux'.

LaTeX Font Info:    Checking defaults for OML/cmm/m/it on input line 29.
LaTeX Font Info:    ... okay on input line 29.
LaTeX Font Info:    Checking defaults for T1/cmr/m/n on input line 29.
LaTeX Font Info:    ... okay on input line 29.
LaTeX Font Info:    Checking defaults for OT1/cmr/m/n on input line 29.
LaTeX Font Info:    ... okay on input line 29.
LaTeX Font Info:    Checking defaults for OMS/cmsy/m/n on input line 29.
LaTeX Font Info:    ... okay on input line 29.
LaTeX Font Info:    Checking defaults for OMX/cmex/m/n on input line 29.
LaTeX Font Info:    ... okay on input line 29.
LaTeX Font Info:    Checking defaults for U/cmr/m/n on input line 29.
LaTeX Font Info:    ... okay on input line 29.
LaTeX Font Info:    Try loading font information for U+msa on input line 31.

(/usr/share/texmf-texlive/tex/latex/amsfonts/umsa.fd
File: umsa.fd 2002/01/19 v2.2g AMS font definitions
)
LaTeX Font Info:    Try loading font information for U+msb on input line 31.

(/usr/share/texmf-texlive/tex/latex/amsfonts/umsb.fd
File: umsb.fd 2002/01/19 v2.2g AMS font definitions
) [1

{/var/lib/texmf/fonts/map/pdftex/updmap/pdftex.map}]
Overfull \hbox (59.8395pt too wide) detected at line 107
\OML/cmm/m/it/10 ^^[[] \OT1/cmr/m/n/10 = [](\OML/cmm/m/it/10 j \OMS/cmsy/m/n/10
 ^^@ h\OML/cmm/m/it/10 j\OMS/cmsy/m/n/10 i\OT1/cmr/m/n/10 )[]\U/msb/m/n/10 P\OT
1/cmr/m/n/10 (\OML/cmm/m/it/10 j\OT1/cmr/m/n/10 ) = (7 \OMS/cmsy/m/n/10 ^^@ \OT
1/cmr/m/n/10 8\OML/cmm/m/it/10 :\OT1/cmr/m/n/10 2)[](0\OML/cmm/m/it/10 :\OT1/cm
r/m/n/10 3) + (8 \OMS/cmsy/m/n/10 ^^@ \OT1/cmr/m/n/10 8\OML/cmm/m/it/10 :\OT1/c
mr/m/n/10 2)[](0\OML/cmm/m/it/10 :\OT1/cmr/m/n/10 4) + (9 \OMS/cmsy/m/n/10 ^^@ 
\OT1/cmr/m/n/10 8\OML/cmm/m/it/10 :\OT1/cmr/m/n/10 2)[](0\OML/cmm/m/it/10 :\OT1
/cmr/m/n/10 2) + (11 \OMS/cmsy/m/n/10 ^^@ \OT1/cmr/m/n/10 8\OML/cmm/m/it/10 :\O
T1/cmr/m/n/10 2)[](0\OML/cmm/m/it/10 :\OT1/cmr/m/n/10 1) = 1\OML/cmm/m/it/10 :\
OT1/cmr/m/n/10 36 \OML/cmm/m/it/10 :
 []

[2] <Prob2.pdf, id=22, 578.16pt x 433.62pt>
File: Prob2.pdf Graphic file (type pdf)
 <use Prob2.pdf> [3] [4 <./Prob2.pdf>] [5] [6] [7] [8] (./HW_2-1.aux) ) 
Here is how much of TeX's memory you used:
 1589 strings out of 94101
 18058 string characters out of 1165810
 73222 words of memory out of 1500000
 4870 multiletter control sequences out of 10000+50000
 10907 words of font info for 43 fonts, out of 1200000 for 2000
 637 hyphenation exceptions out of 8191
 27i,15n,22p,221b,196s stack positions out of 5000i,500n,6000p,200000b,5000s
</usr/sh
are/texmf-texlive/fonts/type1/bluesky/cm/cmbx10.pfb></usr/share/texmf-texlive/f
onts/type1/bluesky/cm/cmbx12.pfb></usr/share/texmf-texlive/fonts/type1/bluesky/
cm/cmex10.pfb></usr/share/texmf-texlive/fonts/type1/bluesky/cm/cmmi10.pfb></usr
/share/texmf-texlive/fonts/type1/bluesky/cm/cmmi12.pfb></usr/share/texmf-texliv
e/fonts/type1/bluesky/cm/cmmi5.pfb></usr/share/texmf-texlive/fonts/type1/bluesk
y/cm/cmmi7.pfb></usr/share/texmf-texlive/fonts/type1/bluesky/cm/cmr10.pfb></usr
/share/texmf-texlive/fonts/type1/bluesky/cm/cmr12.pfb></usr/share/texmf-texlive
/fonts/type1/bluesky/cm/cmr17.pfb></usr/share/texmf-texlive/fonts/type1/bluesky
/cm/cmr5.pfb></usr/share/texmf-texlive/fonts/type1/bluesky/cm/cmr7.pfb></usr/sh
are/texmf-texlive/fonts/type1/bluesky/cm/cmsy10.pfb></usr/share/texmf-texlive/f
onts/type1/bluesky/cm/cmsy7.pfb></usr/share/texmf-texlive/fonts/type1/bluesky/l
atex-fonts/line10.pfb></usr/share/texmf-texlive/fonts/type1/bluesky/ams/msbm10.
pfb></usr/share/texmf-texlive/fonts/type1/bluesky/ams/msbm5.pfb></usr/share/tex
mf-texlive/fonts/type1/bluesky/ams/msbm7.pfb></usr/share/texmf-texlive/fonts/ty
pe1/urw/helvetic/uhvr8a.pfb>
Output written on HW_2-1.pdf (8 pages, 203810 bytes).
PDF statistics:
 142 PDF objects out of 1000 (max. 8388607)
 0 named destinations out of 1000 (max. 131072)
 6 words of extra memory for PDF output out of 10000 (max. 10000000)

